{"/Users/raul/_bootcampf5/proyectos/actos-general/server/src/app.controller.ts": {"path":"/Users/raul/_bootcampf5/proyectos/actos-general/server/src/app.controller.ts","statementMap":{"0":{"start":{"line":1,"column":0},"end":{"line":1,"column":49}},"1":{"start":{"line":2,"column":0},"end":{"line":2,"column":43}},"2":{"start":{"line":5,"column":7},"end":{"line":12,"column":null}},"3":{"start":{"line":6,"column":31},"end":{"line":6,"column":43}},"4":{"start":{"line":10,"column":4},"end":{"line":10,"column":38}},"5":{"start":{"line":5,"column":13},"end":{"line":5,"column":26}},"6":{"start":{"line":9,"column":2},"end":{"line":11,"column":null}},"7":{"start":{"line":5,"column":13},"end":{"line":12,"column":null}}},"fnMap":{"0":{"name":"(anonymous_2)","decl":{"start":{"line":6,"column":2},"end":{"line":6,"column":31}},"loc":{"start":{"line":6,"column":53},"end":{"line":6,"column":57}}},"1":{"name":"(anonymous_3)","decl":{"start":{"line":9,"column":2},"end":{"line":9,"column":10}},"loc":{"start":{"line":9,"column":10},"end":{"line":11,"column":3}}}},"branchMap":{},"s":{"0":1,"1":1,"2":1,"3":1,"4":1,"5":1,"6":1,"7":1},"f":{"0":1,"1":1},"b":{}}
,"/Users/raul/_bootcampf5/proyectos/actos-general/server/src/app.module.ts": {"path":"/Users/raul/_bootcampf5/proyectos/actos-general/server/src/app.module.ts","statementMap":{"0":{"start":{"line":1,"column":0},"end":{"line":1,"column":40}},"1":{"start":{"line":2,"column":0},"end":{"line":2,"column":49}},"2":{"start":{"line":3,"column":0},"end":{"line":3,"column":43}},"3":{"start":{"line":4,"column":0},"end":{"line":4,"column":54}},"4":{"start":{"line":5,"column":0},"end":{"line":5,"column":51}},"5":{"start":{"line":6,"column":0},"end":{"line":6,"column":50}},"6":{"start":{"line":7,"column":0},"end":{"line":7,"column":46}},"7":{"start":{"line":8,"column":0},"end":{"line":8,"column":48}},"8":{"start":{"line":9,"column":0},"end":{"line":9,"column":57}},"9":{"start":{"line":10,"column":0},"end":{"line":10,"column":28}},"10":{"start":{"line":11,"column":0},"end":{"line":11,"column":66}},"11":{"start":{"line":12,"column":0},"end":{"line":12,"column":51}},"12":{"start":{"line":13,"column":0},"end":{"line":13,"column":63}},"13":{"start":{"line":14,"column":0},"end":{"line":14,"column":51}},"14":{"start":{"line":15,"column":0},"end":{"line":15,"column":51}},"15":{"start":{"line":16,"column":0},"end":{"line":16,"column":63}},"16":{"start":{"line":17,"column":0},"end":{"line":17,"column":66}},"17":{"start":{"line":18,"column":0},"end":{"line":18,"column":57}},"18":{"start":{"line":19,"column":0},"end":{"line":19,"column":72}},"19":{"start":{"line":45,"column":7},"end":{"line":45,"column":null}},"20":{"start":{"line":45,"column":13},"end":{"line":45,"column":22}},"21":{"start":{"line":45,"column":13},"end":{"line":45,"column":null}}},"fnMap":{},"branchMap":{},"s":{"0":0,"1":0,"2":0,"3":0,"4":0,"5":0,"6":0,"7":0,"8":0,"9":0,"10":0,"11":0,"12":0,"13":0,"14":0,"15":0,"16":0,"17":0,"18":0,"19":0,"20":0,"21":0},"f":{},"b":{}}
,"/Users/raul/_bootcampf5/proyectos/actos-general/server/src/app.service.ts": {"path":"/Users/raul/_bootcampf5/proyectos/actos-general/server/src/app.service.ts","statementMap":{"0":{"start":{"line":1,"column":0},"end":{"line":1,"column":44}},"1":{"start":{"line":4,"column":7},"end":{"line":8,"column":null}},"2":{"start":{"line":6,"column":4},"end":{"line":6,"column":26}},"3":{"start":{"line":4,"column":13},"end":{"line":4,"column":23}},"4":{"start":{"line":4,"column":13},"end":{"line":8,"column":null}}},"fnMap":{"0":{"name":"(anonymous_1)","decl":{"start":{"line":5,"column":2},"end":{"line":5,"column":10}},"loc":{"start":{"line":5,"column":10},"end":{"line":7,"column":3}}}},"branchMap":{},"s":{"0":1,"1":1,"2":1,"3":1,"4":1},"f":{"0":1},"b":{}}
,"/Users/raul/_bootcampf5/proyectos/actos-general/server/src/main.ts": {"path":"/Users/raul/_bootcampf5/proyectos/actos-general/server/src/main.ts","statementMap":{"0":{"start":{"line":1,"column":0},"end":{"line":1,"column":43}},"1":{"start":{"line":2,"column":0},"end":{"line":2,"column":41}},"2":{"start":{"line":3,"column":0},"end":{"line":3,"column":65}},"3":{"start":{"line":4,"column":0},"end":{"line":4,"column":42}},"4":{"start":{"line":5,"column":0},"end":{"line":5,"column":71}},"5":{"start":{"line":9,"column":13},"end":{"line":9,"column":48}},"6":{"start":{"line":11,"column":16},"end":{"line":15,"column":14}},"7":{"start":{"line":17,"column":18},"end":{"line":17,"column":59}},"8":{"start":{"line":18,"column":1},"end":{"line":18,"column":44}},"9":{"start":{"line":20,"column":1},"end":{"line":20,"column":43}},"10":{"start":{"line":21,"column":3},"end":{"line":21,"column":67}},"11":{"start":{"line":23,"column":1},"end":{"line":23,"column":49}},"12":{"start":{"line":24,"column":1},"end":{"line":24,"column":18}},"13":{"start":{"line":25,"column":1},"end":{"line":25,"column":28}},"14":{"start":{"line":27,"column":1},"end":{"line":27,"column":36}},"15":{"start":{"line":29,"column":0},"end":{"line":29,"column":12}}},"fnMap":{"0":{"name":"bootstrap","decl":{"start":{"line":8,"column":15},"end":{"line":8,"column":24}},"loc":{"start":{"line":8,"column":24},"end":{"line":28,"column":1}}}},"branchMap":{},"s":{"0":0,"1":0,"2":0,"3":0,"4":0,"5":0,"6":0,"7":0,"8":0,"9":0,"10":0,"11":0,"12":0,"13":0,"14":0,"15":0},"f":{"0":0},"b":{}}
,"/Users/raul/_bootcampf5/proyectos/actos-general/server/src/actives/actives.controller.ts": {"path":"/Users/raul/_bootcampf5/proyectos/actos-general/server/src/actives/actives.controller.ts","statementMap":{"0":{"start":{"line":1,"column":0},"end":{"line":1,"column":83}},"1":{"start":{"line":2,"column":0},"end":{"line":2,"column":51}},"2":{"start":{"line":3,"column":0},"end":{"line":3,"column":58}},"3":{"start":{"line":5,"column":0},"end":{"line":5,"column":42}},"4":{"start":{"line":9,"column":7},"end":{"line":30,"column":null}},"5":{"start":{"line":10,"column":31},"end":{"line":10,"column":47}},"6":{"start":{"line":14,"column":4},"end":{"line":14,"column":61}},"7":{"start":{"line":19,"column":4},"end":{"line":19,"column":66}},"8":{"start":{"line":24,"column":4},"end":{"line":24,"column":48}},"9":{"start":{"line":28,"column":4},"end":{"line":28,"column":48}},"10":{"start":{"line":9,"column":13},"end":{"line":9,"column":30}},"11":{"start":{"line":13,"column":2},"end":{"line":15,"column":null}},"12":{"start":{"line":18,"column":2},"end":{"line":20,"column":null}},"13":{"start":{"line":23,"column":2},"end":{"line":25,"column":null}},"14":{"start":{"line":27,"column":2},"end":{"line":29,"column":null}},"15":{"start":{"line":9,"column":13},"end":{"line":30,"column":null}}},"fnMap":{"0":{"name":"(anonymous_4)","decl":{"start":{"line":10,"column":2},"end":{"line":10,"column":31}},"loc":{"start":{"line":10,"column":61},"end":{"line":10,"column":65}}},"1":{"name":"(anonymous_5)","decl":{"start":{"line":13,"column":2},"end":{"line":13,"column":14}},"loc":{"start":{"line":13,"column":55},"end":{"line":15,"column":3}}},"2":{"name":"(anonymous_6)","decl":{"start":{"line":18,"column":2},"end":{"line":18,"column":19}},"loc":{"start":{"line":18,"column":62},"end":{"line":20,"column":3}}},"3":{"name":"(anonymous_7)","decl":{"start":{"line":23,"column":2},"end":{"line":23,"column":16}},"loc":{"start":{"line":23,"column":16},"end":{"line":25,"column":3}}},"4":{"name":"(anonymous_8)","decl":{"start":{"line":27,"column":2},"end":{"line":27,"column":8}},"loc":{"start":{"line":27,"column":32},"end":{"line":29,"column":3}}}},"branchMap":{},"s":{"0":1,"1":1,"2":1,"3":1,"4":1,"5":0,"6":0,"7":0,"8":0,"9":0,"10":1,"11":1,"12":1,"13":1,"14":1,"15":1},"f":{"0":0,"1":0,"2":0,"3":0,"4":0},"b":{}}
,"/Users/raul/_bootcampf5/proyectos/actos-general/server/src/actives/actives.module.ts": {"path":"/Users/raul/_bootcampf5/proyectos/actos-general/server/src/actives/actives.module.ts","statementMap":{"0":{"start":{"line":1,"column":0},"end":{"line":1,"column":40}},"1":{"start":{"line":2,"column":0},"end":{"line":2,"column":51}},"2":{"start":{"line":3,"column":0},"end":{"line":3,"column":57}},"3":{"start":{"line":4,"column":0},"end":{"line":4,"column":62}},"4":{"start":{"line":5,"column":0},"end":{"line":5,"column":50}},"5":{"start":{"line":19,"column":7},"end":{"line":19,"column":null}},"6":{"start":{"line":19,"column":13},"end":{"line":19,"column":26}},"7":{"start":{"line":19,"column":13},"end":{"line":19,"column":null}}},"fnMap":{},"branchMap":{},"s":{"0":0,"1":0,"2":0,"3":0,"4":0,"5":0,"6":0,"7":0},"f":{},"b":{}}
,"/Users/raul/_bootcampf5/proyectos/actos-general/server/src/actives/actives.service.ts": {"path":"/Users/raul/_bootcampf5/proyectos/actos-general/server/src/actives/actives.service.ts","statementMap":{"0":{"start":{"line":1,"column":0},"end":{"line":1,"column":63}},"1":{"start":{"line":4,"column":0},"end":{"line":4,"column":47}},"2":{"start":{"line":5,"column":0},"end":{"line":5,"column":33}},"3":{"start":{"line":6,"column":0},"end":{"line":6,"column":48}},"4":{"start":{"line":9,"column":7},"end":{"line":31,"column":null}},"5":{"start":{"line":10,"column":48},"end":{"line":10,"column":61}},"6":{"start":{"line":14,"column":4},"end":{"line":14,"column":52}},"7":{"start":{"line":18,"column":4},"end":{"line":18,"column":52}},"8":{"start":{"line":22,"column":4},"end":{"line":22,"column":35}},"9":{"start":{"line":25,"column":19},"end":{"line":25,"column":64}},"10":{"start":{"line":26,"column":4},"end":{"line":28,"column":null}},"11":{"start":{"line":27,"column":6},"end":{"line":27,"column":68}},"12":{"start":{"line":9,"column":13},"end":{"line":9,"column":27}},"13":{"start":{"line":9,"column":13},"end":{"line":31,"column":null}}},"fnMap":{"0":{"name":"(anonymous_4)","decl":{"start":{"line":10,"column":2},"end":{"line":10,"column":15}},"loc":{"start":{"line":10,"column":74},"end":{"line":11,"column":3}}},"1":{"name":"(anonymous_5)","decl":{"start":{"line":13,"column":2},"end":{"line":13,"column":14}},"loc":{"start":{"line":13,"column":47},"end":{"line":15,"column":3}}},"2":{"name":"(anonymous_6)","decl":{"start":{"line":17,"column":2},"end":{"line":17,"column":19}},"loc":{"start":{"line":17,"column":54},"end":{"line":19,"column":3}}},"3":{"name":"(anonymous_7)","decl":{"start":{"line":21,"column":2},"end":{"line":21,"column":16}},"loc":{"start":{"line":21,"column":16},"end":{"line":23,"column":3}}},"4":{"name":"(anonymous_8)","decl":{"start":{"line":24,"column":2},"end":{"line":24,"column":7}},"loc":{"start":{"line":24,"column":31},"end":{"line":29,"column":3}}}},"branchMap":{"0":{"loc":{"start":{"line":26,"column":4},"end":{"line":28,"column":null}},"type":"if","locations":[{"start":{"line":26,"column":4},"end":{"line":28,"column":null}}]}},"s":{"0":2,"1":2,"2":2,"3":2,"4":2,"5":6,"6":1,"7":1,"8":1,"9":2,"10":2,"11":1,"12":2,"13":2},"f":{"0":6,"1":1,"2":1,"3":1,"4":2},"b":{"0":[1]}}
,"/Users/raul/_bootcampf5/proyectos/actos-general/server/src/actives/dto/create-active.dto.ts": {"path":"/Users/raul/_bootcampf5/proyectos/actos-general/server/src/actives/dto/create-active.dto.ts","statementMap":{"0":{"start":{"line":1,"column":0},"end":{"line":1,"column":55}},"1":{"start":{"line":3,"column":0},"end":{"line":3,"column":13}},"2":{"start":{"line":6,"column":4},"end":{"line":6,"column":null}},"3":{"start":{"line":9,"column":4},"end":{"line":9,"column":null}}},"fnMap":{},"branchMap":{},"s":{"0":1,"1":1,"2":1,"3":1},"f":{},"b":{}}
,"/Users/raul/_bootcampf5/proyectos/actos-general/server/src/actives/dto/update-active.dto.ts": {"path":"/Users/raul/_bootcampf5/proyectos/actos-general/server/src/actives/dto/update-active.dto.ts","statementMap":{"0":{"start":{"line":1,"column":0},"end":{"line":1,"column":46}},"1":{"start":{"line":2,"column":0},"end":{"line":2,"column":54}},"2":{"start":{"line":4,"column":0},"end":{"line":4,"column":13}}},"fnMap":{},"branchMap":{},"s":{"0":0,"1":0,"2":0},"f":{},"b":{}}
,"/Users/raul/_bootcampf5/proyectos/actos-general/server/src/actives/schema/active.schema.ts": {"path":"/Users/raul/_bootcampf5/proyectos/actos-general/server/src/actives/schema/active.schema.ts","statementMap":{"0":{"start":{"line":1,"column":0},"end":{"line":1,"column":63}},"1":{"start":{"line":7,"column":7},"end":{"line":13,"column":null}},"2":{"start":{"line":7,"column":13},"end":{"line":7,"column":19}},"3":{"start":{"line":9,"column":6},"end":{"line":9,"column":null}},"4":{"start":{"line":12,"column":6},"end":{"line":12,"column":null}},"5":{"start":{"line":7,"column":13},"end":{"line":13,"column":null}},"6":{"start":{"line":15,"column":13},"end":{"line":15,"column":65}}},"fnMap":{},"branchMap":{},"s":{"0":2,"1":2,"2":2,"3":2,"4":2,"5":2,"6":2},"f":{},"b":{}}
,"/Users/raul/_bootcampf5/proyectos/actos-general/server/src/auth/auth.controller.ts": {"path":"/Users/raul/_bootcampf5/proyectos/actos-general/server/src/auth/auth.controller.ts","statementMap":{"0":{"start":{"line":1,"column":0},"end":{"line":1,"column":83}},"1":{"start":{"line":2,"column":0},"end":{"line":2,"column":45}},"2":{"start":{"line":3,"column":0},"end":{"line":3,"column":54}},"3":{"start":{"line":4,"column":0},"end":{"line":4,"column":54}},"4":{"start":{"line":5,"column":0},"end":{"line":5,"column":59}},"5":{"start":{"line":6,"column":0},"end":{"line":6,"column":42}},"6":{"start":{"line":10,"column":7},"end":{"line":42,"column":null}},"7":{"start":{"line":11,"column":31},"end":{"line":11,"column":44}},"8":{"start":{"line":15,"column":4},"end":{"line":15,"column":50}},"9":{"start":{"line":20,"column":4},"end":{"line":20,"column":51}},"10":{"start":{"line":25,"column":4},"end":{"line":25,"column":38}},"11":{"start":{"line":30,"column":4},"end":{"line":30,"column":41}},"12":{"start":{"line":35,"column":4},"end":{"line":35,"column":55}},"13":{"start":{"line":40,"column":4},"end":{"line":40,"column":40}},"14":{"start":{"line":10,"column":13},"end":{"line":10,"column":27}},"15":{"start":{"line":14,"column":8},"end":{"line":16,"column":null}},"16":{"start":{"line":19,"column":2},"end":{"line":21,"column":null}},"17":{"start":{"line":24,"column":2},"end":{"line":26,"column":null}},"18":{"start":{"line":29,"column":2},"end":{"line":31,"column":null}},"19":{"start":{"line":34,"column":2},"end":{"line":36,"column":null}},"20":{"start":{"line":39,"column":2},"end":{"line":41,"column":null}},"21":{"start":{"line":10,"column":13},"end":{"line":42,"column":null}}},"fnMap":{"0":{"name":"(anonymous_4)","decl":{"start":{"line":11,"column":2},"end":{"line":11,"column":31}},"loc":{"start":{"line":11,"column":55},"end":{"line":11,"column":59}}},"1":{"name":"(anonymous_5)","decl":{"start":{"line":14,"column":2},"end":{"line":14,"column":7}},"loc":{"start":{"line":14,"column":51},"end":{"line":16,"column":3}}},"2":{"name":"(anonymous_6)","decl":{"start":{"line":19,"column":2},"end":{"line":19,"column":7}},"loc":{"start":{"line":19,"column":48},"end":{"line":21,"column":3}}},"3":{"name":"(anonymous_7)","decl":{"start":{"line":24,"column":2},"end":{"line":24,"column":9}},"loc":{"start":{"line":24,"column":9},"end":{"line":26,"column":3}}},"4":{"name":"(anonymous_8)","decl":{"start":{"line":29,"column":2},"end":{"line":29,"column":9}},"loc":{"start":{"line":29,"column":33},"end":{"line":31,"column":3}}},"5":{"name":"(anonymous_9)","decl":{"start":{"line":34,"column":2},"end":{"line":34,"column":8}},"loc":{"start":{"line":34,"column":70},"end":{"line":36,"column":3}}},"6":{"name":"(anonymous_10)","decl":{"start":{"line":39,"column":2},"end":{"line":39,"column":8}},"loc":{"start":{"line":39,"column":32},"end":{"line":41,"column":3}}}},"branchMap":{},"s":{"0":1,"1":1,"2":1,"3":1,"4":1,"5":1,"6":1,"7":2,"8":0,"9":1,"10":0,"11":0,"12":0,"13":0,"14":1,"15":1,"16":1,"17":1,"18":1,"19":1,"20":1,"21":1},"f":{"0":2,"1":0,"2":1,"3":0,"4":0,"5":0,"6":0},"b":{}}
,"/Users/raul/_bootcampf5/proyectos/actos-general/server/src/auth/auth.module.ts": {"path":"/Users/raul/_bootcampf5/proyectos/actos-general/server/src/auth/auth.module.ts","statementMap":{"0":{"start":{"line":1,"column":0},"end":{"line":1,"column":40}},"1":{"start":{"line":2,"column":0},"end":{"line":2,"column":45}},"2":{"start":{"line":3,"column":0},"end":{"line":3,"column":51}},"3":{"start":{"line":4,"column":0},"end":{"line":4,"column":53}},"4":{"start":{"line":5,"column":0},"end":{"line":5,"column":40}},"5":{"start":{"line":6,"column":0},"end":{"line":6,"column":61}},"6":{"start":{"line":26,"column":7},"end":{"line":26,"column":null}},"7":{"start":{"line":26,"column":13},"end":{"line":26,"column":23}},"8":{"start":{"line":26,"column":13},"end":{"line":26,"column":null}},"9":{"start":{"line":14,"column":59},"end":{"line":19,"column":8}}},"fnMap":{"0":{"name":"(anonymous_1)","decl":{"start":{"line":14,"column":18},"end":{"line":14,"column":23}},"loc":{"start":{"line":14,"column":59},"end":{"line":19,"column":8}}}},"branchMap":{},"s":{"0":0,"1":0,"2":0,"3":0,"4":0,"5":0,"6":0,"7":0,"8":0,"9":0},"f":{"0":0},"b":{}}
,"/Users/raul/_bootcampf5/proyectos/actos-general/server/src/auth/auth.service.ts": {"path":"/Users/raul/_bootcampf5/proyectos/actos-general/server/src/auth/auth.service.ts","statementMap":{"0":{"start":{"line":1,"column":0},"end":{"line":1,"column":94}},"1":{"start":{"line":4,"column":0},"end":{"line":4,"column":54}},"2":{"start":{"line":6,"column":0},"end":{"line":6,"column":41}},"3":{"start":{"line":7,"column":0},"end":{"line":7,"column":39}},"4":{"start":{"line":10,"column":7},"end":{"line":77,"column":null}},"5":{"start":{"line":12,"column":12},"end":{"line":12,"column":25}},"6":{"start":{"line":13,"column":12},"end":{"line":13,"column":24}},"7":{"start":{"line":17,"column":4},"end":{"line":47,"column":null}},"8":{"start":{"line":18,"column":34},"end":{"line":18,"column":49}},"9":{"start":{"line":19,"column":19},"end":{"line":19,"column":60}},"10":{"start":{"line":20,"column":6},"end":{"line":20,"column":98}},"11":{"start":{"line":20,"column":17},"end":{"line":20,"column":98}},"12":{"start":{"line":22,"column":27},"end":{"line":22,"column":40}},"13":{"start":{"line":24,"column":28},"end":{"line":24,"column":65}},"14":{"start":{"line":25,"column":6},"end":{"line":25,"column":98}},"15":{"start":{"line":25,"column":26},"end":{"line":25,"column":98}},"16":{"start":{"line":28,"column":22},"end":{"line":31,"column":null}},"17":{"start":{"line":33,"column":31},"end":{"line":39,"column":null}},"18":{"start":{"line":41,"column":6},"end":{"line":44,"column":8}},"19":{"start":{"line":46,"column":6},"end":{"line":46,"column":69}},"20":{"start":{"line":51,"column":4},"end":{"line":59,"column":null}},"21":{"start":{"line":52,"column":27},"end":{"line":52,"column":40}},"22":{"start":{"line":53,"column":27},"end":{"line":53,"column":51}},"23":{"start":{"line":54,"column":6},"end":{"line":56,"column":9}},"24":{"start":{"line":58,"column":6},"end":{"line":58,"column":69}},"25":{"start":{"line":63,"column":4},"end":{"line":63,"column":42}},"26":{"start":{"line":67,"column":4},"end":{"line":67,"column":47}},"27":{"start":{"line":71,"column":4},"end":{"line":71,"column":47}},"28":{"start":{"line":75,"column":4},"end":{"line":75,"column":47}},"29":{"start":{"line":10,"column":13},"end":{"line":10,"column":24}},"30":{"start":{"line":10,"column":13},"end":{"line":77,"column":null}}},"fnMap":{"0":{"name":"(anonymous_2)","decl":{"start":{"line":11,"column":2},"end":{"line":11,"column":null}},"loc":{"start":{"line":13,"column":34},"end":{"line":14,"column":8}}},"1":{"name":"(anonymous_3)","decl":{"start":{"line":16,"column":2},"end":{"line":16,"column":7}},"loc":{"start":{"line":16,"column":46},"end":{"line":48,"column":3}}},"2":{"name":"(anonymous_4)","decl":{"start":{"line":50,"column":2},"end":{"line":50,"column":7}},"loc":{"start":{"line":50,"column":43},"end":{"line":60,"column":3}}},"3":{"name":"(anonymous_5)","decl":{"start":{"line":62,"column":2},"end":{"line":62,"column":9}},"loc":{"start":{"line":62,"column":9},"end":{"line":64,"column":3}}},"4":{"name":"(anonymous_6)","decl":{"start":{"line":66,"column":2},"end":{"line":66,"column":9}},"loc":{"start":{"line":66,"column":20},"end":{"line":68,"column":3}}},"5":{"name":"(anonymous_7)","decl":{"start":{"line":70,"column":2},"end":{"line":70,"column":8}},"loc":{"start":{"line":70,"column":49},"end":{"line":72,"column":3}}},"6":{"name":"(anonymous_8)","decl":{"start":{"line":74,"column":2},"end":{"line":74,"column":8}},"loc":{"start":{"line":74,"column":19},"end":{"line":76,"column":3}}}},"branchMap":{"0":{"loc":{"start":{"line":20,"column":6},"end":{"line":20,"column":98}},"type":"if","locations":[{"start":{"line":20,"column":6},"end":{"line":20,"column":98}}]},"1":{"loc":{"start":{"line":25,"column":6},"end":{"line":25,"column":98}},"type":"if","locations":[{"start":{"line":25,"column":6},"end":{"line":25,"column":98}}]}},"s":{"0":2,"1":2,"2":2,"3":2,"4":2,"5":0,"6":0,"7":0,"8":0,"9":0,"10":0,"11":0,"12":0,"13":0,"14":0,"15":0,"16":0,"17":0,"18":0,"19":0,"20":0,"21":0,"22":0,"23":0,"24":0,"25":0,"26":0,"27":0,"28":0,"29":2,"30":2},"f":{"0":0,"1":0,"2":0,"3":0,"4":0,"5":0,"6":0},"b":{"0":[0],"1":[0]}}
,"/Users/raul/_bootcampf5/proyectos/actos-general/server/src/auth/dto/create-admin-auth.dto.ts": {"path":"/Users/raul/_bootcampf5/proyectos/actos-general/server/src/auth/dto/create-admin-auth.dto.ts","statementMap":{"0":{"start":{"line":1,"column":0},"end":{"line":1,"column":13}}},"fnMap":{},"branchMap":{},"s":{"0":0},"f":{},"b":{}}
,"/Users/raul/_bootcampf5/proyectos/actos-general/server/src/auth/dto/create-auth.dto.ts": {"path":"/Users/raul/_bootcampf5/proyectos/actos-general/server/src/auth/dto/create-auth.dto.ts","statementMap":{"0":{"start":{"line":1,"column":0},"end":{"line":1,"column":13}}},"fnMap":{},"branchMap":{},"s":{"0":1},"f":{},"b":{}}
,"/Users/raul/_bootcampf5/proyectos/actos-general/server/src/auth/dto/get-user-login.dto.ts": {"path":"/Users/raul/_bootcampf5/proyectos/actos-general/server/src/auth/dto/get-user-login.dto.ts","statementMap":{"0":{"start":{"line":1,"column":0},"end":{"line":1,"column":46}},"1":{"start":{"line":2,"column":0},"end":{"line":2,"column":64}},"2":{"start":{"line":4,"column":0},"end":{"line":4,"column":13}},"3":{"start":{"line":8,"column":2},"end":{"line":8,"column":null}},"4":{"start":{"line":13,"column":2},"end":{"line":13,"column":null}}},"fnMap":{},"branchMap":{},"s":{"0":1,"1":1,"2":1,"3":1,"4":1},"f":{},"b":{}}
,"/Users/raul/_bootcampf5/proyectos/actos-general/server/src/auth/dto/update-auth.dto.ts": {"path":"/Users/raul/_bootcampf5/proyectos/actos-general/server/src/auth/dto/update-auth.dto.ts","statementMap":{"0":{"start":{"line":1,"column":0},"end":{"line":1,"column":51}},"1":{"start":{"line":2,"column":0},"end":{"line":2,"column":50}},"2":{"start":{"line":4,"column":0},"end":{"line":4,"column":13}}},"fnMap":{},"branchMap":{},"s":{"0":1,"1":1,"2":1},"f":{},"b":{}}
,"/Users/raul/_bootcampf5/proyectos/actos-general/server/src/auth/guards/auth.guard.ts": {"path":"/Users/raul/_bootcampf5/proyectos/actos-general/server/src/auth/guards/auth.guard.ts","statementMap":{"0":{"start":{"line":1,"column":0},"end":{"line":1,"column":null}},"1":{"start":{"line":7,"column":2},"end":{"line":7,"column":43}},"2":{"start":{"line":11,"column":9},"end":{"line":38,"column":null}},"3":{"start":{"line":12,"column":24},"end":{"line":12,"column":36}},"4":{"start":{"line":15,"column":22},"end":{"line":15,"column":57}},"5":{"start":{"line":16,"column":20},"end":{"line":16,"column":56}},"6":{"start":{"line":17,"column":6},"end":{"line":19,"column":null}},"7":{"start":{"line":18,"column":8},"end":{"line":18,"column":42}},"8":{"start":{"line":20,"column":6},"end":{"line":30,"column":null}},"9":{"start":{"line":21,"column":24},"end":{"line":25,"column":null}},"10":{"start":{"line":27,"column":8},"end":{"line":27,"column":31}},"11":{"start":{"line":29,"column":8},"end":{"line":29,"column":42}},"12":{"start":{"line":31,"column":6},"end":{"line":31,"column":18}},"13":{"start":{"line":35,"column":28},"end":{"line":35,"column":75}},"14":{"start":{"line":36,"column":6},"end":{"line":36,"column":51}},"15":{"start":{"line":11,"column":15},"end":{"line":11,"column":24}},"16":{"start":{"line":11,"column":15},"end":{"line":38,"column":null}}},"fnMap":{"0":{"name":"(anonymous_2)","decl":{"start":{"line":12,"column":4},"end":{"line":12,"column":24}},"loc":{"start":{"line":12,"column":46},"end":{"line":12,"column":50}}},"1":{"name":"(anonymous_3)","decl":{"start":{"line":14,"column":4},"end":{"line":14,"column":9}},"loc":{"start":{"line":14,"column":47},"end":{"line":32,"column":5}}},"2":{"name":"(anonymous_4)","decl":{"start":{"line":34,"column":12},"end":{"line":34,"column":34}},"loc":{"start":{"line":34,"column":51},"end":{"line":37,"column":5}}}},"branchMap":{"0":{"loc":{"start":{"line":17,"column":6},"end":{"line":19,"column":null}},"type":"if","locations":[{"start":{"line":17,"column":6},"end":{"line":19,"column":null}}]},"1":{"loc":{"start":{"line":35,"column":28},"end":{"line":35,"column":75}},"type":"cond-expr","locations":[{"start":{"line":35,"column":69},"end":{"line":35,"column":73}},{"start":{"line":35,"column":73},"end":{"line":35,"column":75}}]},"2":{"loc":{"start":{"line":35,"column":28},"end":{"line":35,"column":73}},"type":"binary-expr","locations":[{"start":{"line":35,"column":28},"end":{"line":35,"column":73}},{"start":{"line":35,"column":69},"end":{"line":35,"column":73}}]},"3":{"loc":{"start":{"line":35,"column":28},"end":{"line":35,"column":69}},"type":"cond-expr","locations":[{"start":{"line":35,"column":57},"end":{"line":35,"column":59}},{"start":{"line":35,"column":57},"end":{"line":35,"column":69}}]},"4":{"loc":{"start":{"line":35,"column":28},"end":{"line":35,"column":59}},"type":"binary-expr","locations":[{"start":{"line":35,"column":28},"end":{"line":35,"column":59}},{"start":{"line":35,"column":57},"end":{"line":35,"column":59}}]},"5":{"loc":{"start":{"line":36,"column":13},"end":{"line":36,"column":50}},"type":"cond-expr","locations":[{"start":{"line":36,"column":33},"end":{"line":36,"column":38}},{"start":{"line":36,"column":41},"end":{"line":36,"column":50}}]}},"s":{"0":0,"1":0,"2":0,"3":0,"4":0,"5":0,"6":0,"7":0,"8":0,"9":0,"10":0,"11":0,"12":0,"13":0,"14":0,"15":0,"16":0},"f":{"0":0,"1":0,"2":0},"b":{"0":[0],"1":[0,0],"2":[0,0],"3":[0,0],"4":[0,0],"5":[0,0]}}
,"/Users/raul/_bootcampf5/proyectos/actos-general/server/src/auth/guards/role.enum.ts": {"path":"/Users/raul/_bootcampf5/proyectos/actos-general/server/src/auth/guards/role.enum.ts","statementMap":{"0":{"start":{"line":1,"column":0},"end":{"line":1,"column":null}},"1":{"start":{"line":2,"column":4},"end":{"line":2,"column":null}},"2":{"start":{"line":3,"column":4},"end":{"line":3,"column":null}},"3":{"start":{"line":4,"column":4},"end":{"line":4,"column":null}}},"fnMap":{"0":{"name":"(anonymous_0)","decl":{"start":{"line":1,"column":0},"end":{"line":1,"column":12}},"loc":{"start":{"line":1,"column":16},"end":{"line":5,"column":3}}}},"branchMap":{"0":{"loc":{"start":{"line":1,"column":12},"end":{"line":1,"column":null}},"type":"binary-expr","locations":[{"start":{"line":1,"column":12},"end":{"line":1,"column":16}},{"start":{"line":1,"column":16},"end":{"line":1,"column":null}}]}},"s":{"0":0,"1":0,"2":0,"3":0},"f":{"0":0},"b":{"0":[0,0]}}
,"/Users/raul/_bootcampf5/proyectos/actos-general/server/src/auth/guards/roles.decorator.ts": {"path":"/Users/raul/_bootcampf5/proyectos/actos-general/server/src/auth/guards/roles.decorator.ts","statementMap":{"0":{"start":{"line":1,"column":0},"end":{"line":1,"column":45}},"1":{"start":{"line":4,"column":21},"end":{"line":4,"column":63}},"2":{"start":{"line":4,"column":37},"end":{"line":4,"column":63}},"3":{"start":{"line":4,"column":13},"end":{"line":4,"column":21}}},"fnMap":{"0":{"name":"(anonymous_0)","decl":{"start":{"line":4,"column":21},"end":{"line":4,"column":22}},"loc":{"start":{"line":4,"column":37},"end":{"line":4,"column":63}}}},"branchMap":{},"s":{"0":0,"1":0,"2":0,"3":0},"f":{"0":0},"b":{}}
,"/Users/raul/_bootcampf5/proyectos/actos-general/server/src/auth/guards/roles.guard.ts": {"path":"/Users/raul/_bootcampf5/proyectos/actos-general/server/src/auth/guards/roles.guard.ts","statementMap":{"0":{"start":{"line":1,"column":0},"end":{"line":1,"column":75}},"1":{"start":{"line":2,"column":0},"end":{"line":2,"column":41}},"2":{"start":{"line":6,"column":7},"end":{"line":21,"column":null}},"3":{"start":{"line":7,"column":22},"end":{"line":7,"column":33}},"4":{"start":{"line":10,"column":26},"end":{"line":13,"column":6}},"5":{"start":{"line":15,"column":4},"end":{"line":17,"column":null}},"6":{"start":{"line":16,"column":6},"end":{"line":16,"column":18}},"7":{"start":{"line":18,"column":21},"end":{"line":18,"column":56}},"8":{"start":{"line":19,"column":4},"end":{"line":19,"column":39}},"9":{"start":{"line":6,"column":13},"end":{"line":6,"column":23}},"10":{"start":{"line":6,"column":13},"end":{"line":21,"column":null}}},"fnMap":{"0":{"name":"(anonymous_2)","decl":{"start":{"line":7,"column":2},"end":{"line":7,"column":22}},"loc":{"start":{"line":7,"column":42},"end":{"line":7,"column":46}}},"1":{"name":"(anonymous_3)","decl":{"start":{"line":9,"column":2},"end":{"line":9,"column":13}},"loc":{"start":{"line":9,"column":39},"end":{"line":20,"column":3}}}},"branchMap":{"0":{"loc":{"start":{"line":15,"column":4},"end":{"line":17,"column":null}},"type":"if","locations":[{"start":{"line":15,"column":4},"end":{"line":17,"column":null}}]}},"s":{"0":0,"1":0,"2":0,"3":0,"4":0,"5":0,"6":0,"7":0,"8":0,"9":0,"10":0},"f":{"0":0,"1":0},"b":{"0":[0]}}
,"/Users/raul/_bootcampf5/proyectos/actos-general/server/src/capacities/capacities.controller.ts": {"path":"/Users/raul/_bootcampf5/proyectos/actos-general/server/src/capacities/capacities.controller.ts","statementMap":{"0":{"start":{"line":1,"column":0},"end":{"line":1,"column":83}},"1":{"start":{"line":2,"column":0},"end":{"line":2,"column":57}},"2":{"start":{"line":3,"column":0},"end":{"line":3,"column":62}},"3":{"start":{"line":5,"column":0},"end":{"line":5,"column":42}},"4":{"start":{"line":9,"column":7},"end":{"line":31,"column":null}},"5":{"start":{"line":10,"column":31},"end":{"line":10,"column":50}},"6":{"start":{"line":14,"column":4},"end":{"line":14,"column":68}},"7":{"start":{"line":19,"column":4},"end":{"line":19,"column":74}},"8":{"start":{"line":24,"column":4},"end":{"line":24,"column":54}},"9":{"start":{"line":29,"column":4},"end":{"line":29,"column":53}},"10":{"start":{"line":9,"column":13},"end":{"line":9,"column":33}},"11":{"start":{"line":13,"column":2},"end":{"line":15,"column":null}},"12":{"start":{"line":18,"column":2},"end":{"line":20,"column":null}},"13":{"start":{"line":23,"column":2},"end":{"line":25,"column":null}},"14":{"start":{"line":28,"column":2},"end":{"line":30,"column":null}},"15":{"start":{"line":9,"column":13},"end":{"line":31,"column":null}}},"fnMap":{"0":{"name":"(anonymous_4)","decl":{"start":{"line":10,"column":2},"end":{"line":10,"column":31}},"loc":{"start":{"line":10,"column":67},"end":{"line":10,"column":71}}},"1":{"name":"(anonymous_5)","decl":{"start":{"line":13,"column":2},"end":{"line":13,"column":16}},"loc":{"start":{"line":13,"column":61},"end":{"line":15,"column":3}}},"2":{"name":"(anonymous_6)","decl":{"start":{"line":18,"column":2},"end":{"line":18,"column":22}},"loc":{"start":{"line":18,"column":69},"end":{"line":20,"column":3}}},"3":{"name":"(anonymous_7)","decl":{"start":{"line":23,"column":2},"end":{"line":23,"column":19}},"loc":{"start":{"line":23,"column":19},"end":{"line":25,"column":3}}},"4":{"name":"(anonymous_8)","decl":{"start":{"line":28,"column":2},"end":{"line":28,"column":8}},"loc":{"start":{"line":28,"column":32},"end":{"line":30,"column":3}}}},"branchMap":{},"s":{"0":1,"1":1,"2":1,"3":1,"4":1,"5":0,"6":0,"7":0,"8":0,"9":0,"10":1,"11":1,"12":1,"13":1,"14":1,"15":1},"f":{"0":0,"1":0,"2":0,"3":0,"4":0},"b":{}}
,"/Users/raul/_bootcampf5/proyectos/actos-general/server/src/capacities/capacities.module.ts": {"path":"/Users/raul/_bootcampf5/proyectos/actos-general/server/src/capacities/capacities.module.ts","statementMap":{"0":{"start":{"line":1,"column":0},"end":{"line":1,"column":40}},"1":{"start":{"line":2,"column":0},"end":{"line":2,"column":57}},"2":{"start":{"line":3,"column":0},"end":{"line":3,"column":63}},"3":{"start":{"line":4,"column":0},"end":{"line":4,"column":50}},"4":{"start":{"line":5,"column":0},"end":{"line":5,"column":68}},"5":{"start":{"line":19,"column":7},"end":{"line":19,"column":null}},"6":{"start":{"line":19,"column":13},"end":{"line":19,"column":29}},"7":{"start":{"line":19,"column":13},"end":{"line":19,"column":null}}},"fnMap":{},"branchMap":{},"s":{"0":0,"1":0,"2":0,"3":0,"4":0,"5":0,"6":0,"7":0},"f":{},"b":{}}
,"/Users/raul/_bootcampf5/proyectos/actos-general/server/src/capacities/capacities.service.ts": {"path":"/Users/raul/_bootcampf5/proyectos/actos-general/server/src/capacities/capacities.service.ts","statementMap":{"0":{"start":{"line":1,"column":0},"end":{"line":1,"column":63}},"1":{"start":{"line":4,"column":0},"end":{"line":4,"column":47}},"2":{"start":{"line":5,"column":0},"end":{"line":5,"column":33}},"3":{"start":{"line":6,"column":0},"end":{"line":6,"column":52}},"4":{"start":{"line":9,"column":7},"end":{"line":31,"column":null}},"5":{"start":{"line":10,"column":50},"end":{"line":10,"column":65}},"6":{"start":{"line":14,"column":4},"end":{"line":14,"column":56}},"7":{"start":{"line":18,"column":4},"end":{"line":18,"column":56}},"8":{"start":{"line":22,"column":4},"end":{"line":22,"column":37}},"9":{"start":{"line":26,"column":19},"end":{"line":26,"column":66}},"10":{"start":{"line":27,"column":4},"end":{"line":29,"column":null}},"11":{"start":{"line":28,"column":6},"end":{"line":28,"column":70}},"12":{"start":{"line":9,"column":13},"end":{"line":9,"column":30}},"13":{"start":{"line":9,"column":13},"end":{"line":31,"column":null}}},"fnMap":{"0":{"name":"(anonymous_4)","decl":{"start":{"line":10,"column":2},"end":{"line":10,"column":15}},"loc":{"start":{"line":10,"column":80},"end":{"line":11,"column":3}}},"1":{"name":"(anonymous_5)","decl":{"start":{"line":13,"column":2},"end":{"line":13,"column":16}},"loc":{"start":{"line":13,"column":53},"end":{"line":15,"column":3}}},"2":{"name":"(anonymous_6)","decl":{"start":{"line":17,"column":2},"end":{"line":17,"column":22}},"loc":{"start":{"line":17,"column":61},"end":{"line":19,"column":3}}},"3":{"name":"(anonymous_7)","decl":{"start":{"line":21,"column":2},"end":{"line":21,"column":19}},"loc":{"start":{"line":21,"column":19},"end":{"line":23,"column":3}}},"4":{"name":"(anonymous_8)","decl":{"start":{"line":25,"column":2},"end":{"line":25,"column":7}},"loc":{"start":{"line":25,"column":33},"end":{"line":30,"column":3}}}},"branchMap":{"0":{"loc":{"start":{"line":27,"column":4},"end":{"line":29,"column":null}},"type":"if","locations":[{"start":{"line":27,"column":4},"end":{"line":29,"column":null}}]}},"s":{"0":2,"1":2,"2":2,"3":2,"4":2,"5":6,"6":1,"7":1,"8":1,"9":2,"10":2,"11":1,"12":2,"13":2},"f":{"0":6,"1":1,"2":1,"3":1,"4":2},"b":{"0":[1]}}
,"/Users/raul/_bootcampf5/proyectos/actos-general/server/src/capacities/dto/create-capacity.dto.ts": {"path":"/Users/raul/_bootcampf5/proyectos/actos-general/server/src/capacities/dto/create-capacity.dto.ts","statementMap":{"0":{"start":{"line":1,"column":0},"end":{"line":1,"column":63}},"1":{"start":{"line":4,"column":0},"end":{"line":4,"column":13}},"2":{"start":{"line":7,"column":4},"end":{"line":7,"column":null}},"3":{"start":{"line":10,"column":4},"end":{"line":10,"column":null}}},"fnMap":{},"branchMap":{},"s":{"0":1,"1":1,"2":1,"3":1},"f":{},"b":{}}
,"/Users/raul/_bootcampf5/proyectos/actos-general/server/src/capacities/dto/update-capacity.dto.ts": {"path":"/Users/raul/_bootcampf5/proyectos/actos-general/server/src/capacities/dto/update-capacity.dto.ts","statementMap":{"0":{"start":{"line":1,"column":0},"end":{"line":1,"column":46}},"1":{"start":{"line":2,"column":0},"end":{"line":2,"column":58}},"2":{"start":{"line":4,"column":0},"end":{"line":4,"column":13}}},"fnMap":{},"branchMap":{},"s":{"0":0,"1":0,"2":0},"f":{},"b":{}}
,"/Users/raul/_bootcampf5/proyectos/actos-general/server/src/capacities/schema/capacity.schema.ts": {"path":"/Users/raul/_bootcampf5/proyectos/actos-general/server/src/capacities/schema/capacity.schema.ts","statementMap":{"0":{"start":{"line":1,"column":0},"end":{"line":1,"column":63}},"1":{"start":{"line":7,"column":7},"end":{"line":13,"column":null}},"2":{"start":{"line":7,"column":13},"end":{"line":7,"column":21}},"3":{"start":{"line":9,"column":6},"end":{"line":9,"column":null}},"4":{"start":{"line":12,"column":6},"end":{"line":12,"column":null}},"5":{"start":{"line":7,"column":13},"end":{"line":13,"column":null}},"6":{"start":{"line":15,"column":13},"end":{"line":15,"column":69}}},"fnMap":{},"branchMap":{},"s":{"0":2,"1":2,"2":2,"3":2,"4":2,"5":2,"6":2},"f":{},"b":{}}
,"/Users/raul/_bootcampf5/proyectos/actos-general/server/src/categories/categories.controller.ts": {"path":"/Users/raul/_bootcampf5/proyectos/actos-general/server/src/categories/categories.controller.ts","statementMap":{"0":{"start":{"line":1,"column":0},"end":{"line":1,"column":88}},"1":{"start":{"line":2,"column":0},"end":{"line":2,"column":57}},"2":{"start":{"line":3,"column":0},"end":{"line":3,"column":62}},"3":{"start":{"line":6,"column":0},"end":{"line":6,"column":68}},"4":{"start":{"line":8,"column":0},"end":{"line":8,"column":42}},"5":{"start":{"line":12,"column":7},"end":{"line":65,"column":null}},"6":{"start":{"line":13,"column":31},"end":{"line":13,"column":50}},"7":{"start":{"line":21,"column":4},"end":{"line":21,"column":54}},"8":{"start":{"line":25,"column":4},"end":{"line":25,"column":null}},"9":{"start":{"line":30,"column":4},"end":{"line":30,"column":59}},"10":{"start":{"line":35,"column":4},"end":{"line":35,"column":68}},"11":{"start":{"line":39,"column":4},"end":{"line":39,"column":78}},"12":{"start":{"line":44,"column":4},"end":{"line":44,"column":78}},"13":{"start":{"line":50,"column":4},"end":{"line":50,"column":72}},"14":{"start":{"line":55,"column":4},"end":{"line":55,"column":82}},"15":{"start":{"line":61,"column":4},"end":{"line":61,"column":53}},"16":{"start":{"line":12,"column":13},"end":{"line":12,"column":33}},"17":{"start":{"line":20,"column":2},"end":{"line":22,"column":null}},"18":{"start":{"line":24,"column":2},"end":{"line":26,"column":null}},"19":{"start":{"line":29,"column":2},"end":{"line":31,"column":null}},"20":{"start":{"line":34,"column":2},"end":{"line":36,"column":null}},"21":{"start":{"line":38,"column":2},"end":{"line":40,"column":null}},"22":{"start":{"line":43,"column":2},"end":{"line":45,"column":null}},"23":{"start":{"line":49,"column":2},"end":{"line":51,"column":null}},"24":{"start":{"line":54,"column":2},"end":{"line":56,"column":null}},"25":{"start":{"line":60,"column":2},"end":{"line":62,"column":null}},"26":{"start":{"line":12,"column":13},"end":{"line":65,"column":null}}},"fnMap":{"0":{"name":"(anonymous_4)","decl":{"start":{"line":13,"column":2},"end":{"line":13,"column":31}},"loc":{"start":{"line":13,"column":67},"end":{"line":13,"column":71}}},"1":{"name":"(anonymous_5)","decl":{"start":{"line":20,"column":2},"end":{"line":20,"column":19}},"loc":{"start":{"line":20,"column":19},"end":{"line":22,"column":3}}},"2":{"name":"(anonymous_6)","decl":{"start":{"line":24,"column":2},"end":{"line":24,"column":18}},"loc":{"start":{"line":24,"column":45},"end":{"line":26,"column":3}}},"3":{"name":"(anonymous_7)","decl":{"start":{"line":29,"column":2},"end":{"line":29,"column":22}},"loc":{"start":{"line":29,"column":48},"end":{"line":31,"column":3}}},"4":{"name":"(anonymous_8)","decl":{"start":{"line":34,"column":2},"end":{"line":34,"column":16}},"loc":{"start":{"line":34,"column":61},"end":{"line":36,"column":3}}},"5":{"name":"(anonymous_9)","decl":{"start":{"line":38,"column":2},"end":{"line":38,"column":19}},"loc":{"start":{"line":38,"column":88},"end":{"line":40,"column":3}}},"6":{"name":"(anonymous_10)","decl":{"start":{"line":43,"column":2},"end":{"line":43,"column":19}},"loc":{"start":{"line":43,"column":97},"end":{"line":45,"column":3}}},"7":{"name":"(anonymous_11)","decl":{"start":{"line":49,"column":2},"end":{"line":49,"column":20}},"loc":{"start":{"line":49,"column":67},"end":{"line":51,"column":3}}},"8":{"name":"(anonymous_12)","decl":{"start":{"line":54,"column":2},"end":{"line":54,"column":23}},"loc":{"start":{"line":54,"column":103},"end":{"line":56,"column":3}}},"9":{"name":"(anonymous_13)","decl":{"start":{"line":60,"column":2},"end":{"line":60,"column":8}},"loc":{"start":{"line":60,"column":32},"end":{"line":62,"column":3}}}},"branchMap":{},"s":{"0":1,"1":1,"2":1,"3":1,"4":1,"5":1,"6":0,"7":0,"8":0,"9":0,"10":0,"11":0,"12":0,"13":0,"14":0,"15":0,"16":1,"17":1,"18":1,"19":1,"20":1,"21":1,"22":1,"23":1,"24":1,"25":1,"26":1},"f":{"0":0,"1":0,"2":0,"3":0,"4":0,"5":0,"6":0,"7":0,"8":0,"9":0},"b":{}}
,"/Users/raul/_bootcampf5/proyectos/actos-general/server/src/categories/categories.module.ts": {"path":"/Users/raul/_bootcampf5/proyectos/actos-general/server/src/categories/categories.module.ts","statementMap":{"0":{"start":{"line":1,"column":0},"end":{"line":1,"column":40}},"1":{"start":{"line":2,"column":0},"end":{"line":2,"column":50}},"2":{"start":{"line":3,"column":0},"end":{"line":3,"column":63}},"3":{"start":{"line":4,"column":0},"end":{"line":4,"column":57}},"4":{"start":{"line":5,"column":0},"end":{"line":5,"column":68}},"5":{"start":{"line":6,"column":0},"end":{"line":6,"column":77}},"6":{"start":{"line":22,"column":7},"end":{"line":22,"column":null}},"7":{"start":{"line":22,"column":13},"end":{"line":22,"column":29}},"8":{"start":{"line":22,"column":13},"end":{"line":22,"column":null}}},"fnMap":{},"branchMap":{},"s":{"0":0,"1":0,"2":0,"3":0,"4":0,"5":0,"6":0,"7":0,"8":0},"f":{},"b":{}}
,"/Users/raul/_bootcampf5/proyectos/actos-general/server/src/categories/categories.service.ts": {"path":"/Users/raul/_bootcampf5/proyectos/actos-general/server/src/categories/categories.service.ts","statementMap":{"0":{"start":{"line":1,"column":0},"end":{"line":1,"column":90}},"1":{"start":{"line":2,"column":0},"end":{"line":2,"column":47}},"2":{"start":{"line":3,"column":0},"end":{"line":3,"column":43}},"3":{"start":{"line":6,"column":0},"end":{"line":6,"column":52}},"4":{"start":{"line":7,"column":0},"end":{"line":7,"column":58}},"5":{"start":{"line":10,"column":7},"end":{"line":99,"column":null}},"6":{"start":{"line":12,"column":41},"end":{"line":12,"column":56}},"7":{"start":{"line":13,"column":43},"end":{"line":13,"column":61}},"8":{"start":{"line":18,"column":4},"end":{"line":18,"column":56}},"9":{"start":{"line":22,"column":3},"end":{"line":22,"column":111}},"10":{"start":{"line":27,"column":2},"end":{"line":27,"column":35}},"11":{"start":{"line":31,"column":2},"end":{"line":35,"column":null}},"12":{"start":{"line":32,"column":4},"end":{"line":32,"column":81}},"13":{"start":{"line":34,"column":4},"end":{"line":34,"column":null}},"14":{"start":{"line":40,"column":2},"end":{"line":45,"column":null}},"15":{"start":{"line":41,"column":21},"end":{"line":41,"column":67}},"16":{"start":{"line":42,"column":4},"end":{"line":42,"column":20}},"17":{"start":{"line":44,"column":4},"end":{"line":44,"column":67}},"18":{"start":{"line":50,"column":2},"end":{"line":50,"column":73}},"19":{"start":{"line":54,"column":2},"end":{"line":54,"column":108}},"20":{"start":{"line":68,"column":19},"end":{"line":68,"column":73}},"21":{"start":{"line":69,"column":4},"end":{"line":71,"column":null}},"22":{"start":{"line":70,"column":6},"end":{"line":70,"column":70}},"23":{"start":{"line":75,"column":4},"end":{"line":96,"column":null}},"24":{"start":{"line":76,"column":23},"end":{"line":76,"column":75}},"25":{"start":{"line":78,"column":6},"end":{"line":80,"column":null}},"26":{"start":{"line":79,"column":8},"end":{"line":79,"column":58}},"27":{"start":{"line":82,"column":31},"end":{"line":83,"column":null}},"28":{"start":{"line":83,"column":25},"end":{"line":83,"column":61}},"29":{"start":{"line":86,"column":6},"end":{"line":88,"column":null}},"30":{"start":{"line":87,"column":8},"end":{"line":87,"column":77}},"31":{"start":{"line":90,"column":6},"end":{"line":90,"column":57}},"32":{"start":{"line":92,"column":30},"end":{"line":92,"column":51}},"33":{"start":{"line":93,"column":6},"end":{"line":93,"column":29}},"34":{"start":{"line":95,"column":6},"end":{"line":95,"column":18}},"35":{"start":{"line":10,"column":13},"end":{"line":10,"column":30}},"36":{"start":{"line":10,"column":13},"end":{"line":99,"column":null}}},"fnMap":{"0":{"name":"(anonymous_4)","decl":{"start":{"line":11,"column":2},"end":{"line":11,"column":null}},"loc":{"start":{"line":13,"column":79},"end":{"line":14,"column":8}}},"1":{"name":"(anonymous_5)","decl":{"start":{"line":17,"column":2},"end":{"line":17,"column":16}},"loc":{"start":{"line":17,"column":53},"end":{"line":19,"column":3}}},"2":{"name":"(anonymous_6)","decl":{"start":{"line":21,"column":2},"end":{"line":21,"column":19}},"loc":{"start":{"line":21,"column":76},"end":{"line":23,"column":2}}},"3":{"name":"(anonymous_7)","decl":{"start":{"line":26,"column":0},"end":{"line":26,"column":17}},"loc":{"start":{"line":26,"column":17},"end":{"line":28,"column":1}}},"4":{"name":"(anonymous_8)","decl":{"start":{"line":30,"column":0},"end":{"line":30,"column":20}},"loc":{"start":{"line":30,"column":33},"end":{"line":37,"column":2}}},"5":{"name":"(anonymous_9)","decl":{"start":{"line":39,"column":0},"end":{"line":39,"column":5}},"loc":{"start":{"line":39,"column":35},"end":{"line":46,"column":1}}},"6":{"name":"(anonymous_10)","decl":{"start":{"line":49,"column":0},"end":{"line":49,"column":18}},"loc":{"start":{"line":49,"column":58},"end":{"line":51,"column":1}}},"7":{"name":"(anonymous_11)","decl":{"start":{"line":53,"column":0},"end":{"line":53,"column":21}},"loc":{"start":{"line":53,"column":80},"end":{"line":55,"column":1}}},"8":{"name":"(anonymous_12)","decl":{"start":{"line":67,"column":2},"end":{"line":67,"column":7}},"loc":{"start":{"line":67,"column":33},"end":{"line":72,"column":3}}},"9":{"name":"(anonymous_13)","decl":{"start":{"line":74,"column":2},"end":{"line":74,"column":7}},"loc":{"start":{"line":74,"column":71},"end":{"line":97,"column":3}}},"10":{"name":"(anonymous_14)","decl":{"start":{"line":83,"column":8},"end":{"line":83,"column":9}},"loc":{"start":{"line":83,"column":25},"end":{"line":83,"column":61}}}},"branchMap":{"0":{"loc":{"start":{"line":69,"column":4},"end":{"line":71,"column":null}},"type":"if","locations":[{"start":{"line":69,"column":4},"end":{"line":71,"column":null}}]},"1":{"loc":{"start":{"line":78,"column":6},"end":{"line":80,"column":null}},"type":"if","locations":[{"start":{"line":78,"column":6},"end":{"line":80,"column":null}}]},"2":{"loc":{"start":{"line":86,"column":6},"end":{"line":88,"column":null}},"type":"if","locations":[{"start":{"line":86,"column":6},"end":{"line":88,"column":null}}]}},"s":{"0":2,"1":2,"2":2,"3":2,"4":2,"5":2,"6":0,"7":0,"8":0,"9":0,"10":0,"11":0,"12":0,"13":0,"14":0,"15":0,"16":0,"17":0,"18":0,"19":0,"20":0,"21":0,"22":0,"23":0,"24":0,"25":0,"26":0,"27":0,"28":0,"29":0,"30":0,"31":0,"32":0,"33":0,"34":0,"35":2,"36":2},"f":{"0":0,"1":0,"2":0,"3":0,"4":0,"5":0,"6":0,"7":0,"8":0,"9":0,"10":0},"b":{"0":[0],"1":[0],"2":[0]}}
,"/Users/raul/_bootcampf5/proyectos/actos-general/server/src/categories/dto/create-category.dto.ts": {"path":"/Users/raul/_bootcampf5/proyectos/actos-general/server/src/categories/dto/create-category.dto.ts","statementMap":{"0":{"start":{"line":1,"column":0},"end":{"line":1,"column":72}},"1":{"start":{"line":4,"column":0},"end":{"line":4,"column":13}},"2":{"start":{"line":7,"column":4},"end":{"line":7,"column":null}},"3":{"start":{"line":11,"column":4},"end":{"line":11,"column":null}},"4":{"start":{"line":14,"column":4},"end":{"line":14,"column":null}}},"fnMap":{},"branchMap":{},"s":{"0":1,"1":1,"2":1,"3":1,"4":1},"f":{},"b":{}}
,"/Users/raul/_bootcampf5/proyectos/actos-general/server/src/categories/dto/create-subcategory.dto.ts": {"path":"/Users/raul/_bootcampf5/proyectos/actos-general/server/src/categories/dto/create-subcategory.dto.ts","statementMap":{"0":{"start":{"line":1,"column":0},"end":{"line":1,"column":63}},"1":{"start":{"line":4,"column":0},"end":{"line":4,"column":13}},"2":{"start":{"line":8,"column":4},"end":{"line":8,"column":null}},"3":{"start":{"line":11,"column":4},"end":{"line":11,"column":null}},"4":{"start":{"line":14,"column":4},"end":{"line":14,"column":null}}},"fnMap":{},"branchMap":{},"s":{"0":1,"1":1,"2":1,"3":1,"4":1},"f":{},"b":{}}
,"/Users/raul/_bootcampf5/proyectos/actos-general/server/src/categories/dto/update-category.dto.ts": {"path":"/Users/raul/_bootcampf5/proyectos/actos-general/server/src/categories/dto/update-category.dto.ts","statementMap":{"0":{"start":{"line":1,"column":0},"end":{"line":1,"column":51}},"1":{"start":{"line":2,"column":0},"end":{"line":2,"column":58}},"2":{"start":{"line":4,"column":0},"end":{"line":4,"column":13}}},"fnMap":{},"branchMap":{},"s":{"0":0,"1":0,"2":0},"f":{},"b":{}}
,"/Users/raul/_bootcampf5/proyectos/actos-general/server/src/categories/schema/category.schema.ts": {"path":"/Users/raul/_bootcampf5/proyectos/actos-general/server/src/categories/schema/category.schema.ts","statementMap":{"0":{"start":{"line":1,"column":0},"end":{"line":1,"column":63}},"1":{"start":{"line":8,"column":7},"end":{"line":18,"column":null}},"2":{"start":{"line":8,"column":13},"end":{"line":8,"column":21}},"3":{"start":{"line":10,"column":6},"end":{"line":10,"column":null}},"4":{"start":{"line":13,"column":6},"end":{"line":13,"column":null}},"5":{"start":{"line":16,"column":6},"end":{"line":16,"column":null}},"6":{"start":{"line":8,"column":13},"end":{"line":18,"column":null}},"7":{"start":{"line":20,"column":13},"end":{"line":20,"column":69}}},"fnMap":{},"branchMap":{},"s":{"0":2,"1":2,"2":2,"3":2,"4":2,"5":2,"6":2,"7":2},"f":{},"b":{}}
,"/Users/raul/_bootcampf5/proyectos/actos-general/server/src/categories/schema/subcategory.schema.ts": {"path":"/Users/raul/_bootcampf5/proyectos/actos-general/server/src/categories/schema/subcategory.schema.ts","statementMap":{"0":{"start":{"line":1,"column":0},"end":{"line":1,"column":63}},"1":{"start":{"line":7,"column":7},"end":{"line":17,"column":null}},"2":{"start":{"line":7,"column":13},"end":{"line":7,"column":24}},"3":{"start":{"line":9,"column":6},"end":{"line":9,"column":null}},"4":{"start":{"line":12,"column":6},"end":{"line":12,"column":null}},"5":{"start":{"line":15,"column":6},"end":{"line":15,"column":null}},"6":{"start":{"line":7,"column":13},"end":{"line":17,"column":null}},"7":{"start":{"line":19,"column":13},"end":{"line":19,"column":75}}},"fnMap":{},"branchMap":{},"s":{"0":2,"1":2,"2":2,"3":2,"4":2,"5":2,"6":2,"7":2},"f":{},"b":{}}
,"/Users/raul/_bootcampf5/proyectos/actos-general/server/src/events/events.controller.ts": {"path":"/Users/raul/_bootcampf5/proyectos/actos-general/server/src/events/events.controller.ts","statementMap":{"0":{"start":{"line":1,"column":0},"end":{"line":1,"column":119}},"1":{"start":{"line":2,"column":0},"end":{"line":2,"column":49}},"2":{"start":{"line":3,"column":0},"end":{"line":3,"column":56}},"3":{"start":{"line":4,"column":0},"end":{"line":4,"column":56}},"4":{"start":{"line":8,"column":0},"end":{"line":8,"column":66}},"5":{"start":{"line":9,"column":0},"end":{"line":9,"column":72}},"6":{"start":{"line":11,"column":0},"end":{"line":11,"column":42}},"7":{"start":{"line":15,"column":7},"end":{"line":99,"column":null}},"8":{"start":{"line":16,"column":33},"end":{"line":16,"column":48}},"9":{"start":{"line":20,"column":8},"end":{"line":20,"column":57}},"10":{"start":{"line":25,"column":6},"end":{"line":25,"column":66}},"11":{"start":{"line":31,"column":4},"end":{"line":31,"column":null}},"12":{"start":{"line":36,"column":4},"end":{"line":36,"column":null}},"13":{"start":{"line":41,"column":4},"end":{"line":41,"column":null}},"14":{"start":{"line":46,"column":4},"end":{"line":46,"column":74}},"15":{"start":{"line":51,"column":3},"end":{"line":51,"column":39}},"16":{"start":{"line":56,"column":3},"end":{"line":56,"column":46}},"17":{"start":{"line":61,"column":3},"end":{"line":61,"column":67}},"18":{"start":{"line":66,"column":3},"end":{"line":66,"column":41}},"19":{"start":{"line":71,"column":4},"end":{"line":71,"column":59}},"20":{"start":{"line":76,"column":4},"end":{"line":76,"column":49}},"21":{"start":{"line":81,"column":4},"end":{"line":81,"column":55}},"22":{"start":{"line":86,"column":4},"end":{"line":86,"column":55}},"23":{"start":{"line":91,"column":3},"end":{"line":91,"column":56}},"24":{"start":{"line":96,"column":3},"end":{"line":96,"column":40}},"25":{"start":{"line":15,"column":13},"end":{"line":15,"column":29}},"26":{"start":{"line":19,"column":4},"end":{"line":21,"column":null}},"27":{"start":{"line":24,"column":2},"end":{"line":27,"column":null}},"28":{"start":{"line":30,"column":2},"end":{"line":32,"column":null}},"29":{"start":{"line":35,"column":2},"end":{"line":37,"column":null}},"30":{"start":{"line":40,"column":2},"end":{"line":42,"column":null}},"31":{"start":{"line":45,"column":2},"end":{"line":47,"column":null}},"32":{"start":{"line":50,"column":2},"end":{"line":52,"column":null}},"33":{"start":{"line":55,"column":2},"end":{"line":57,"column":null}},"34":{"start":{"line":60,"column":2},"end":{"line":62,"column":null}},"35":{"start":{"line":65,"column":2},"end":{"line":67,"column":null}},"36":{"start":{"line":70,"column":2},"end":{"line":72,"column":null}},"37":{"start":{"line":75,"column":2},"end":{"line":77,"column":null}},"38":{"start":{"line":80,"column":2},"end":{"line":82,"column":null}},"39":{"start":{"line":85,"column":2},"end":{"line":87,"column":null}},"40":{"start":{"line":90,"column":2},"end":{"line":92,"column":null}},"41":{"start":{"line":95,"column":2},"end":{"line":97,"column":null}},"42":{"start":{"line":15,"column":13},"end":{"line":99,"column":null}}},"fnMap":{"0":{"name":"(anonymous_4)","decl":{"start":{"line":16,"column":4},"end":{"line":16,"column":33}},"loc":{"start":{"line":16,"column":61},"end":{"line":16,"column":65}}},"1":{"name":"(anonymous_5)","decl":{"start":{"line":19,"column":4},"end":{"line":19,"column":10}},"loc":{"start":{"line":19,"column":49},"end":{"line":21,"column":5}}},"2":{"name":"(anonymous_6)","decl":{"start":{"line":24,"column":2},"end":{"line":24,"column":18}},"loc":{"start":{"line":24,"column":89},"end":{"line":27,"column":3}}},"3":{"name":"(anonymous_7)","decl":{"start":{"line":30,"column":2},"end":{"line":30,"column":18}},"loc":{"start":{"line":30,"column":67},"end":{"line":32,"column":3}}},"4":{"name":"(anonymous_8)","decl":{"start":{"line":35,"column":2},"end":{"line":35,"column":24}},"loc":{"start":{"line":35,"column":73},"end":{"line":37,"column":3}}},"5":{"name":"(anonymous_9)","decl":{"start":{"line":40,"column":2},"end":{"line":40,"column":27}},"loc":{"start":{"line":40,"column":76},"end":{"line":42,"column":3}}},"6":{"name":"(anonymous_10)","decl":{"start":{"line":45,"column":2},"end":{"line":45,"column":21}},"loc":{"start":{"line":45,"column":76},"end":{"line":47,"column":3}}},"7":{"name":"(anonymous_11)","decl":{"start":{"line":50,"column":2},"end":{"line":50,"column":9}},"loc":{"start":{"line":50,"column":9},"end":{"line":52,"column":3}}},"8":{"name":"(anonymous_12)","decl":{"start":{"line":55,"column":2},"end":{"line":55,"column":16}},"loc":{"start":{"line":55,"column":16},"end":{"line":57,"column":3}}},"9":{"name":"(anonymous_13)","decl":{"start":{"line":60,"column":2},"end":{"line":60,"column":8}},"loc":{"start":{"line":60,"column":23},"end":{"line":62,"column":3}}},"10":{"name":"(anonymous_14)","decl":{"start":{"line":65,"column":2},"end":{"line":65,"column":9}},"loc":{"start":{"line":65,"column":35},"end":{"line":67,"column":3}}},"11":{"name":"(anonymous_15)","decl":{"start":{"line":70,"column":2},"end":{"line":70,"column":11}},"loc":{"start":{"line":70,"column":53},"end":{"line":72,"column":3}}},"12":{"name":"(anonymous_16)","decl":{"start":{"line":75,"column":2},"end":{"line":75,"column":16}},"loc":{"start":{"line":75,"column":42},"end":{"line":77,"column":3}}},"13":{"name":"(anonymous_17)","decl":{"start":{"line":80,"column":2},"end":{"line":80,"column":22}},"loc":{"start":{"line":80,"column":48},"end":{"line":82,"column":3}}},"14":{"name":"(anonymous_18)","decl":{"start":{"line":85,"column":2},"end":{"line":85,"column":22}},"loc":{"start":{"line":85,"column":48},"end":{"line":87,"column":3}}},"15":{"name":"(anonymous_19)","decl":{"start":{"line":90,"column":2},"end":{"line":90,"column":8}},"loc":{"start":{"line":90,"column":74},"end":{"line":92,"column":3}}},"16":{"name":"(anonymous_20)","decl":{"start":{"line":95,"column":2},"end":{"line":95,"column":8}},"loc":{"start":{"line":95,"column":34},"end":{"line":97,"column":3}}}},"branchMap":{},"s":{"0":0,"1":0,"2":0,"3":0,"4":0,"5":0,"6":0,"7":0,"8":0,"9":0,"10":0,"11":0,"12":0,"13":0,"14":0,"15":0,"16":0,"17":0,"18":0,"19":0,"20":0,"21":0,"22":0,"23":0,"24":0,"25":0,"26":0,"27":0,"28":0,"29":0,"30":0,"31":0,"32":0,"33":0,"34":0,"35":0,"36":0,"37":0,"38":0,"39":0,"40":0,"41":0,"42":0},"f":{"0":0,"1":0,"2":0,"3":0,"4":0,"5":0,"6":0,"7":0,"8":0,"9":0,"10":0,"11":0,"12":0,"13":0,"14":0,"15":0,"16":0},"b":{}}
,"/Users/raul/_bootcampf5/proyectos/actos-general/server/src/events/events.module.ts": {"path":"/Users/raul/_bootcampf5/proyectos/actos-general/server/src/events/events.module.ts","statementMap":{"0":{"start":{"line":1,"column":0},"end":{"line":1,"column":40}},"1":{"start":{"line":2,"column":0},"end":{"line":2,"column":49}},"2":{"start":{"line":3,"column":0},"end":{"line":3,"column":55}},"3":{"start":{"line":4,"column":0},"end":{"line":4,"column":50}},"4":{"start":{"line":5,"column":0},"end":{"line":5,"column":60}},"5":{"start":{"line":6,"column":0},"end":{"line":6,"column":56}},"6":{"start":{"line":7,"column":0},"end":{"line":7,"column":53}},"7":{"start":{"line":8,"column":0},"end":{"line":8,"column":41}},"8":{"start":{"line":26,"column":7},"end":{"line":26,"column":null}},"9":{"start":{"line":26,"column":13},"end":{"line":26,"column":25}},"10":{"start":{"line":26,"column":13},"end":{"line":26,"column":null}}},"fnMap":{},"branchMap":{},"s":{"0":0,"1":0,"2":0,"3":0,"4":0,"5":0,"6":0,"7":0,"8":0,"9":0,"10":0},"f":{},"b":{}}
,"/Users/raul/_bootcampf5/proyectos/actos-general/server/src/events/events.service.ts": {"path":"/Users/raul/_bootcampf5/proyectos/actos-general/server/src/events/events.service.ts","statementMap":{"0":{"start":{"line":1,"column":0},"end":{"line":1,"column":71}},"1":{"start":{"line":4,"column":0},"end":{"line":4,"column":47}},"2":{"start":{"line":5,"column":0},"end":{"line":5,"column":50}},"3":{"start":{"line":6,"column":0},"end":{"line":6,"column":72}},"4":{"start":{"line":11,"column":0},"end":{"line":11,"column":55}},"5":{"start":{"line":14,"column":7},"end":{"line":259,"column":null}},"6":{"start":{"line":16,"column":37},"end":{"line":16,"column":49}},"7":{"start":{"line":17,"column":12},"end":{"line":17,"column":25}},"8":{"start":{"line":22,"column":4},"end":{"line":26,"column":null}},"9":{"start":{"line":23,"column":6},"end":{"line":23,"column":null}},"10":{"start":{"line":25,"column":6},"end":{"line":25,"column":69}},"11":{"start":{"line":30,"column":4},"end":{"line":42,"column":null}},"12":{"start":{"line":31,"column":23},"end":{"line":31,"column":67}},"13":{"start":{"line":32,"column":6},"end":{"line":32,"column":98}},"14":{"start":{"line":32,"column":20},"end":{"line":32,"column":98}},"15":{"start":{"line":34,"column":22},"end":{"line":34,"column":77}},"16":{"start":{"line":35,"column":19},"end":{"line":35,"column":39}},"17":{"start":{"line":36,"column":23},"end":{"line":36,"column":73}},"18":{"start":{"line":37,"column":27},"end":{"line":37,"column":126}},"19":{"start":{"line":39,"column":6},"end":{"line":39,"column":26}},"20":{"start":{"line":41,"column":6},"end":{"line":41,"column":69}},"21":{"start":{"line":46,"column":4},"end":{"line":50,"column":null}},"22":{"start":{"line":47,"column":6},"end":{"line":47,"column":74}},"23":{"start":{"line":49,"column":8},"end":{"line":49,"column":71}},"24":{"start":{"line":54,"column":4},"end":{"line":58,"column":null}},"25":{"start":{"line":55,"column":6},"end":{"line":55,"column":99}},"26":{"start":{"line":57,"column":8},"end":{"line":57,"column":71}},"27":{"start":{"line":62,"column":4},"end":{"line":66,"column":null}},"28":{"start":{"line":63,"column":6},"end":{"line":63,"column":57}},"29":{"start":{"line":65,"column":6},"end":{"line":65,"column":69}},"30":{"start":{"line":70,"column":4},"end":{"line":76,"column":null}},"31":{"start":{"line":71,"column":25},"end":{"line":71,"column":79}},"32":{"start":{"line":73,"column":6},"end":{"line":73,"column":24}},"33":{"start":{"line":75,"column":6},"end":{"line":75,"column":69}},"34":{"start":{"line":80,"column":4},"end":{"line":86,"column":null}},"35":{"start":{"line":81,"column":25},"end":{"line":81,"column":85}},"36":{"start":{"line":83,"column":6},"end":{"line":83,"column":24}},"37":{"start":{"line":85,"column":6},"end":{"line":85,"column":69}},"38":{"start":{"line":90,"column":4},"end":{"line":99,"column":null}},"39":{"start":{"line":91,"column":25},"end":{"line":94,"column":10}},"40":{"start":{"line":96,"column":6},"end":{"line":96,"column":24}},"41":{"start":{"line":98,"column":6},"end":{"line":98,"column":69}},"42":{"start":{"line":103,"column":4},"end":{"line":103,"column":84}},"43":{"start":{"line":107,"column":4},"end":{"line":107,"column":55}},"44":{"start":{"line":111,"column":4},"end":{"line":137,"column":null}},"45":{"start":{"line":112,"column":25},"end":{"line":116,"column":null}},"46":{"start":{"line":118,"column":20},"end":{"line":118,"column":67}},"47":{"start":{"line":120,"column":21},"end":{"line":122,"column":8}},"48":{"start":{"line":121,"column":8},"end":{"line":121,"column":55}},"49":{"start":{"line":121,"column":43},"end":{"line":121,"column":55}},"50":{"start":{"line":124,"column":19},"end":{"line":124,"column":94}},"51":{"start":{"line":126,"column":6},"end":{"line":130,"column":null}},"52":{"start":{"line":127,"column":9},"end":{"line":127,"column":151}},"53":{"start":{"line":129,"column":29},"end":{"line":129,"column":111}},"54":{"start":{"line":132,"column":6},"end":{"line":134,"column":null}},"55":{"start":{"line":136,"column":6},"end":{"line":136,"column":69}},"56":{"start":{"line":141,"column":4},"end":{"line":147,"column":null}},"57":{"start":{"line":142,"column":20},"end":{"line":142,"column":63}},"58":{"start":{"line":144,"column":6},"end":{"line":144,"column":51}},"59":{"start":{"line":146,"column":6},"end":{"line":146,"column":69}},"60":{"start":{"line":151,"column":4},"end":{"line":169,"column":null}},"61":{"start":{"line":152,"column":21},"end":{"line":152,"column":98}},"62":{"start":{"line":153,"column":19},"end":{"line":153,"column":38}},"63":{"start":{"line":154,"column":23},"end":{"line":154,"column":73}},"64":{"start":{"line":156,"column":25},"end":{"line":163,"column":null}},"65":{"start":{"line":164,"column":35},"end":{"line":164,"column":138}},"66":{"start":{"line":166,"column":6},"end":{"line":166,"column":34}},"67":{"start":{"line":168,"column":6},"end":{"line":168,"column":null}},"68":{"start":{"line":173,"column":4},"end":{"line":182,"column":null}},"69":{"start":{"line":174,"column":25},"end":{"line":176,"column":8}},"70":{"start":{"line":177,"column":35},"end":{"line":177,"column":138}},"71":{"start":{"line":179,"column":6},"end":{"line":179,"column":null}},"72":{"start":{"line":181,"column":6},"end":{"line":181,"column":null}},"73":{"start":{"line":186,"column":4},"end":{"line":196,"column":null}},"74":{"start":{"line":187,"column":31},"end":{"line":189,"column":8}},"75":{"start":{"line":191,"column":38},"end":{"line":191,"column":151}},"76":{"start":{"line":193,"column":6},"end":{"line":193,"column":37}},"77":{"start":{"line":195,"column":6},"end":{"line":195,"column":69}},"78":{"start":{"line":200,"column":4},"end":{"line":209,"column":null}},"79":{"start":{"line":201,"column":31},"end":{"line":203,"column":8}},"80":{"start":{"line":205,"column":38},"end":{"line":205,"column":151}},"81":{"start":{"line":206,"column":6},"end":{"line":206,"column":37}},"82":{"start":{"line":208,"column":6},"end":{"line":208,"column":69}},"83":{"start":{"line":213,"column":4},"end":{"line":226,"column":null}},"84":{"start":{"line":215,"column":26},"end":{"line":215,"column":28}},"85":{"start":{"line":216,"column":6},"end":{"line":216,"column":55}},"86":{"start":{"line":216,"column":30},"end":{"line":216,"column":55}},"87":{"start":{"line":218,"column":28},"end":{"line":221,"column":8}},"88":{"start":{"line":223,"column":6},"end":{"line":223,"column":43}},"89":{"start":{"line":225,"column":6},"end":{"line":225,"column":69}},"90":{"start":{"line":230,"column":2},"end":{"line":257,"column":null}},"91":{"start":{"line":231,"column":19},"end":{"line":231,"column":21}},"92":{"start":{"line":233,"column":23},"end":{"line":233,"column":41}},"93":{"start":{"line":235,"column":3},"end":{"line":241,"column":null}},"94":{"start":{"line":235,"column":30},"end":{"line":235,"column":40}},"95":{"start":{"line":235,"column":30},"end":{"line":235,"column":42}},"96":{"start":{"line":235,"column":26},"end":{"line":235,"column":30}},"97":{"start":{"line":236,"column":5},"end":{"line":236,"column":39}},"98":{"start":{"line":237,"column":11},"end":{"line":239,"column":null}},"99":{"start":{"line":238,"column":5},"end":{"line":238,"column":23}},"100":{"start":{"line":240,"column":4},"end":{"line":240,"column":72}},"101":{"start":{"line":243,"column":3},"end":{"line":243,"column":40}},"102":{"start":{"line":245,"column":16},"end":{"line":245,"column":18}},"103":{"start":{"line":246,"column":26},"end":{"line":248,"column":5}},"104":{"start":{"line":247,"column":4},"end":{"line":247,"column":62}},"105":{"start":{"line":250,"column":3},"end":{"line":254,"column":5}},"106":{"start":{"line":256,"column":3},"end":{"line":256,"column":15}},"107":{"start":{"line":14,"column":13},"end":{"line":14,"column":26}},"108":{"start":{"line":14,"column":13},"end":{"line":259,"column":null}}},"fnMap":{"0":{"name":"(anonymous_11)","decl":{"start":{"line":15,"column":2},"end":{"line":15,"column":null}},"loc":{"start":{"line":17,"column":37},"end":{"line":18,"column":6}}},"1":{"name":"(anonymous_12)","decl":{"start":{"line":21,"column":2},"end":{"line":21,"column":7}},"loc":{"start":{"line":21,"column":57},"end":{"line":27,"column":3}}},"2":{"name":"(anonymous_13)","decl":{"start":{"line":29,"column":2},"end":{"line":29,"column":7}},"loc":{"start":{"line":29,"column":45},"end":{"line":43,"column":3}}},"3":{"name":"(anonymous_14)","decl":{"start":{"line":45,"column":2},"end":{"line":45,"column":7}},"loc":{"start":{"line":45,"column":15},"end":{"line":51,"column":3}}},"4":{"name":"(anonymous_15)","decl":{"start":{"line":53,"column":2},"end":{"line":53,"column":7}},"loc":{"start":{"line":53,"column":22},"end":{"line":59,"column":3}}},"5":{"name":"(anonymous_16)","decl":{"start":{"line":61,"column":2},"end":{"line":61,"column":7}},"loc":{"start":{"line":61,"column":28},"end":{"line":67,"column":3}}},"6":{"name":"(anonymous_17)","decl":{"start":{"line":69,"column":2},"end":{"line":69,"column":7}},"loc":{"start":{"line":69,"column":35},"end":{"line":77,"column":3}}},"7":{"name":"(anonymous_18)","decl":{"start":{"line":79,"column":2},"end":{"line":79,"column":7}},"loc":{"start":{"line":79,"column":41},"end":{"line":87,"column":3}}},"8":{"name":"(anonymous_19)","decl":{"start":{"line":89,"column":2},"end":{"line":89,"column":7}},"loc":{"start":{"line":89,"column":41},"end":{"line":100,"column":3}}},"9":{"name":"(anonymous_20)","decl":{"start":{"line":102,"column":2},"end":{"line":102,"column":7}},"loc":{"start":{"line":102,"column":59},"end":{"line":104,"column":3}}},"10":{"name":"(anonymous_21)","decl":{"start":{"line":106,"column":2},"end":{"line":106,"column":7}},"loc":{"start":{"line":106,"column":27},"end":{"line":108,"column":3}}},"11":{"name":"(anonymous_22)","decl":{"start":{"line":110,"column":2},"end":{"line":110,"column":7}},"loc":{"start":{"line":110,"column":60},"end":{"line":138,"column":3}}},"12":{"name":"(anonymous_23)","decl":{"start":{"line":120,"column":47},"end":{"line":120,"column":51}},"loc":{"start":{"line":120,"column":54},"end":{"line":122,"column":7}}},"13":{"name":"(anonymous_24)","decl":{"start":{"line":140,"column":2},"end":{"line":140,"column":7}},"loc":{"start":{"line":140,"column":29},"end":{"line":148,"column":3}}},"14":{"name":"(anonymous_25)","decl":{"start":{"line":150,"column":2},"end":{"line":150,"column":7}},"loc":{"start":{"line":150,"column":65},"end":{"line":170,"column":3}}},"15":{"name":"(anonymous_26)","decl":{"start":{"line":172,"column":2},"end":{"line":172,"column":7}},"loc":{"start":{"line":172,"column":71},"end":{"line":183,"column":3}}},"16":{"name":"(anonymous_27)","decl":{"start":{"line":185,"column":2},"end":{"line":185,"column":7}},"loc":{"start":{"line":185,"column":80},"end":{"line":197,"column":3}}},"17":{"name":"(anonymous_28)","decl":{"start":{"line":199,"column":2},"end":{"line":199,"column":7}},"loc":{"start":{"line":199,"column":74},"end":{"line":210,"column":3}}},"18":{"name":"(anonymous_29)","decl":{"start":{"line":212,"column":2},"end":{"line":212,"column":7}},"loc":{"start":{"line":212,"column":47},"end":{"line":227,"column":3}}},"19":{"name":"(anonymous_30)","decl":{"start":{"line":229,"column":2},"end":{"line":229,"column":7}},"loc":{"start":{"line":229,"column":48},"end":{"line":258,"column":2}}},"20":{"name":"(anonymous_31)","decl":{"start":{"line":246,"column":43},"end":{"line":246,"column":44}},"loc":{"start":{"line":246,"column":53},"end":{"line":248,"column":4}}}},"branchMap":{"0":{"loc":{"start":{"line":32,"column":6},"end":{"line":32,"column":98}},"type":"if","locations":[{"start":{"line":32,"column":6},"end":{"line":32,"column":98}}]},"1":{"loc":{"start":{"line":121,"column":8},"end":{"line":121,"column":55}},"type":"if","locations":[{"start":{"line":121,"column":8},"end":{"line":121,"column":55}}]},"2":{"loc":{"start":{"line":126,"column":6},"end":{"line":130,"column":null}},"type":"if","locations":[{"start":{"line":126,"column":6},"end":{"line":130,"column":null}},{"start":{"line":128,"column":13},"end":{"line":130,"column":null}}]},"3":{"loc":{"start":{"line":216,"column":6},"end":{"line":216,"column":55}},"type":"if","locations":[{"start":{"line":216,"column":6},"end":{"line":216,"column":55}}]},"4":{"loc":{"start":{"line":237,"column":11},"end":{"line":239,"column":null}},"type":"if","locations":[{"start":{"line":237,"column":11},"end":{"line":239,"column":null}}]},"5":{"loc":{"start":{"line":247,"column":11},"end":{"line":247,"column":61}},"type":"cond-expr","locations":[{"start":{"line":247,"column":29},"end":{"line":247,"column":34}},{"start":{"line":247,"column":38},"end":{"line":247,"column":60}}]}},"s":{"0":0,"1":0,"2":0,"3":0,"4":0,"5":0,"6":0,"7":0,"8":0,"9":0,"10":0,"11":0,"12":0,"13":0,"14":0,"15":0,"16":0,"17":0,"18":0,"19":0,"20":0,"21":0,"22":0,"23":0,"24":0,"25":0,"26":0,"27":0,"28":0,"29":0,"30":0,"31":0,"32":0,"33":0,"34":0,"35":0,"36":0,"37":0,"38":0,"39":0,"40":0,"41":0,"42":0,"43":0,"44":0,"45":0,"46":0,"47":0,"48":0,"49":0,"50":0,"51":0,"52":0,"53":0,"54":0,"55":0,"56":0,"57":0,"58":0,"59":0,"60":0,"61":0,"62":0,"63":0,"64":0,"65":0,"66":0,"67":0,"68":0,"69":0,"70":0,"71":0,"72":0,"73":0,"74":0,"75":0,"76":0,"77":0,"78":0,"79":0,"80":0,"81":0,"82":0,"83":0,"84":0,"85":0,"86":0,"87":0,"88":0,"89":0,"90":0,"91":0,"92":0,"93":0,"94":0,"95":0,"96":0,"97":0,"98":0,"99":0,"100":0,"101":0,"102":0,"103":0,"104":0,"105":0,"106":0,"107":0,"108":0},"f":{"0":0,"1":0,"2":0,"3":0,"4":0,"5":0,"6":0,"7":0,"8":0,"9":0,"10":0,"11":0,"12":0,"13":0,"14":0,"15":0,"16":0,"17":0,"18":0,"19":0,"20":0},"b":{"0":[0],"1":[0],"2":[0,0],"3":[0],"4":[0],"5":[0,0]}}
,"/Users/raul/_bootcampf5/proyectos/actos-general/server/src/events/dto/create-event.dto.ts": {"path":"/Users/raul/_bootcampf5/proyectos/actos-general/server/src/events/dto/create-event.dto.ts","statementMap":{"0":{"start":{"line":1,"column":0},"end":{"line":1,"column":63}},"1":{"start":{"line":4,"column":0},"end":{"line":4,"column":13}},"2":{"start":{"line":7,"column":4},"end":{"line":7,"column":null}},"3":{"start":{"line":11,"column":4},"end":{"line":11,"column":null}},"4":{"start":{"line":14,"column":4},"end":{"line":14,"column":null}}},"fnMap":{},"branchMap":{},"s":{"0":0,"1":0,"2":0,"3":0,"4":0},"f":{},"b":{}}
,"/Users/raul/_bootcampf5/proyectos/actos-general/server/src/events/dto/event-attendance-record.dto.ts": {"path":"/Users/raul/_bootcampf5/proyectos/actos-general/server/src/events/dto/event-attendance-record.dto.ts","statementMap":{"0":{"start":{"line":1,"column":0},"end":{"line":1,"column":44}},"1":{"start":{"line":4,"column":0},"end":{"line":4,"column":13}},"2":{"start":{"line":6,"column":4},"end":{"line":6,"column":null}},"3":{"start":{"line":9,"column":4},"end":{"line":9,"column":null}}},"fnMap":{},"branchMap":{},"s":{"0":0,"1":0,"2":0,"3":0},"f":{},"b":{}}
,"/Users/raul/_bootcampf5/proyectos/actos-general/server/src/events/dto/event-inscription.dto.ts": {"path":"/Users/raul/_bootcampf5/proyectos/actos-general/server/src/events/dto/event-inscription.dto.ts","statementMap":{"0":{"start":{"line":3,"column":0},"end":{"line":3,"column":13}}},"fnMap":{},"branchMap":{},"s":{"0":0},"f":{},"b":{}}
,"/Users/raul/_bootcampf5/proyectos/actos-general/server/src/events/dto/event-unsubscription.dto.ts": {"path":"/Users/raul/_bootcampf5/proyectos/actos-general/server/src/events/dto/event-unsubscription.dto.ts","statementMap":{"0":{"start":{"line":3,"column":0},"end":{"line":3,"column":13}}},"fnMap":{},"branchMap":{},"s":{"0":0},"f":{},"b":{}}
,"/Users/raul/_bootcampf5/proyectos/actos-general/server/src/events/dto/update-event.dto.ts": {"path":"/Users/raul/_bootcampf5/proyectos/actos-general/server/src/events/dto/update-event.dto.ts","statementMap":{"0":{"start":{"line":1,"column":0},"end":{"line":1,"column":45}},"1":{"start":{"line":4,"column":0},"end":{"line":4,"column":13}},"2":{"start":{"line":6,"column":4},"end":{"line":6,"column":null}},"3":{"start":{"line":9,"column":4},"end":{"line":9,"column":null}}},"fnMap":{},"branchMap":{},"s":{"0":0,"1":0,"2":0,"3":0},"f":{},"b":{}}
,"/Users/raul/_bootcampf5/proyectos/actos-general/server/src/events/schemas/event.schema.ts": {"path":"/Users/raul/_bootcampf5/proyectos/actos-general/server/src/events/schemas/event.schema.ts","statementMap":{"0":{"start":{"line":1,"column":0},"end":{"line":1,"column":63}},"1":{"start":{"line":2,"column":0},"end":{"line":2,"column":64}},"2":{"start":{"line":3,"column":0},"end":{"line":3,"column":67}},"3":{"start":{"line":8,"column":7},"end":{"line":127,"column":null}},"4":{"start":{"line":8,"column":13},"end":{"line":8,"column":18}},"5":{"start":{"line":10,"column":6},"end":{"line":10,"column":null}},"6":{"start":{"line":13,"column":6},"end":{"line":13,"column":null}},"7":{"start":{"line":16,"column":6},"end":{"line":16,"column":null}},"8":{"start":{"line":19,"column":6},"end":{"line":19,"column":null}},"9":{"start":{"line":22,"column":6},"end":{"line":22,"column":null}},"10":{"start":{"line":25,"column":6},"end":{"line":25,"column":null}},"11":{"start":{"line":28,"column":6},"end":{"line":28,"column":null}},"12":{"start":{"line":31,"column":6},"end":{"line":31,"column":null}},"13":{"start":{"line":34,"column":6},"end":{"line":34,"column":null}},"14":{"start":{"line":37,"column":6},"end":{"line":37,"column":null}},"15":{"start":{"line":40,"column":6},"end":{"line":40,"column":null}},"16":{"start":{"line":43,"column":6},"end":{"line":43,"column":null}},"17":{"start":{"line":46,"column":6},"end":{"line":46,"column":null}},"18":{"start":{"line":49,"column":6},"end":{"line":49,"column":null}},"19":{"start":{"line":52,"column":6},"end":{"line":52,"column":null}},"20":{"start":{"line":55,"column":6},"end":{"line":55,"column":null}},"21":{"start":{"line":58,"column":6},"end":{"line":58,"column":null}},"22":{"start":{"line":61,"column":6},"end":{"line":61,"column":null}},"23":{"start":{"line":64,"column":6},"end":{"line":67,"column":null}},"24":{"start":{"line":70,"column":6},"end":{"line":70,"column":null}},"25":{"start":{"line":73,"column":6},"end":{"line":73,"column":null}},"26":{"start":{"line":75,"column":6},"end":{"line":75,"column":null}},"27":{"start":{"line":78,"column":6},"end":{"line":78,"column":null}},"28":{"start":{"line":81,"column":6},"end":{"line":81,"column":null}},"29":{"start":{"line":84,"column":6},"end":{"line":84,"column":null}},"30":{"start":{"line":87,"column":6},"end":{"line":87,"column":null}},"31":{"start":{"line":90,"column":6},"end":{"line":90,"column":null}},"32":{"start":{"line":93,"column":6},"end":{"line":93,"column":null}},"33":{"start":{"line":96,"column":6},"end":{"line":96,"column":null}},"34":{"start":{"line":99,"column":6},"end":{"line":99,"column":null}},"35":{"start":{"line":102,"column":6},"end":{"line":102,"column":null}},"36":{"start":{"line":105,"column":6},"end":{"line":105,"column":null}},"37":{"start":{"line":108,"column":8},"end":{"line":108,"column":null}},"38":{"start":{"line":111,"column":6},"end":{"line":111,"column":null}},"39":{"start":{"line":114,"column":8},"end":{"line":114,"column":null}},"40":{"start":{"line":117,"column":8},"end":{"line":117,"column":null}},"41":{"start":{"line":120,"column":8},"end":{"line":120,"column":null}},"42":{"start":{"line":123,"column":8},"end":{"line":123,"column":null}},"43":{"start":{"line":126,"column":8},"end":{"line":126,"column":null}},"44":{"start":{"line":8,"column":13},"end":{"line":127,"column":null}},"45":{"start":{"line":129,"column":13},"end":{"line":129,"column":63}}},"fnMap":{},"branchMap":{},"s":{"0":0,"1":0,"2":0,"3":0,"4":0,"5":0,"6":0,"7":0,"8":0,"9":0,"10":0,"11":0,"12":0,"13":0,"14":0,"15":0,"16":0,"17":0,"18":0,"19":0,"20":0,"21":0,"22":0,"23":0,"24":0,"25":0,"26":0,"27":0,"28":0,"29":0,"30":0,"31":0,"32":0,"33":0,"34":0,"35":0,"36":0,"37":0,"38":0,"39":0,"40":0,"41":0,"42":0,"43":0,"44":0,"45":0},"f":{},"b":{}}
,"/Users/raul/_bootcampf5/proyectos/actos-general/server/src/filters/http-exceptions.filter.ts": {"path":"/Users/raul/_bootcampf5/proyectos/actos-general/server/src/filters/http-exceptions.filter.ts","statementMap":{"0":{"start":{"line":1,"column":0},"end":{"line":1,"column":86}},"1":{"start":{"line":5,"column":7},"end":{"line":19,"column":null}},"2":{"start":{"line":7,"column":20},"end":{"line":7,"column":39}},"3":{"start":{"line":8,"column":25},"end":{"line":8,"column":52}},"4":{"start":{"line":9,"column":24},"end":{"line":9,"column":49}},"5":{"start":{"line":10,"column":23},"end":{"line":10,"column":44}},"6":{"start":{"line":12,"column":8},"end":{"line":17,"column":15}},"7":{"start":{"line":5,"column":13},"end":{"line":5,"column":32}},"8":{"start":{"line":5,"column":13},"end":{"line":19,"column":null}}},"fnMap":{"0":{"name":"(anonymous_1)","decl":{"start":{"line":6,"column":4},"end":{"line":6,"column":9}},"loc":{"start":{"line":6,"column":55},"end":{"line":18,"column":5}}}},"branchMap":{},"s":{"0":0,"1":0,"2":0,"3":0,"4":0,"5":0,"6":0,"7":0,"8":0},"f":{"0":0},"b":{}}
[...]
,"/Users/raul/_bootcampf5/proyectos/actos-general/server/src/types/dto/create-type.dto.ts": {"path":"/Users/raul/_bootcampf5/proyectos/actos-general/server/src/types/dto/create-type.dto.ts","statementMap":{"0":{"start":{"line":1,"column":0},"end":{"line":1,"column":63}},"1":{"start":{"line":4,"column":0},"end":{"line":4,"column":13}},"2":{"start":{"line":7,"column":4},"end":{"line":7,"column":null}},"3":{"start":{"line":10,"column":4},"end":{"line":10,"column":null}}},"fnMap":{},"branchMap":{},"s":{"0":1,"1":1,"2":1,"3":1},"f":{},"b":{}}
,"/Users/raul/_bootcampf5/proyectos/actos-general/server/src/types/dto/update-type.dto.ts": {"path":"/Users/raul/_bootcampf5/proyectos/actos-general/server/src/types/dto/update-type.dto.ts","statementMap":{"0":{"start":{"line":1,"column":0},"end":{"line":1,"column":46}},"1":{"start":{"line":2,"column":0},"end":{"line":2,"column":50}},"2":{"start":{"line":4,"column":0},"end":{"line":4,"column":13}}},"fnMap":{},"branchMap":{},"s":{"0":0,"1":0,"2":0},"f":{},"b":{}}
,"/Users/raul/_bootcampf5/proyectos/actos-general/server/src/types/schemas/type.schema.ts": {"path":"/Users/raul/_bootcampf5/proyectos/actos-general/server/src/types/schemas/type.schema.ts","statementMap":{"0":{"start":{"line":1,"column":0},"end":{"line":1,"column":63}},"1":{"start":{"line":7,"column":7},"end":{"line":13,"column":null}},"2":{"start":{"line":7,"column":13},"end":{"line":7,"column":17}},"3":{"start":{"line":9,"column":6},"end":{"line":9,"column":null}},"4":{"start":{"line":12,"column":6},"end":{"line":12,"column":null}},"5":{"start":{"line":7,"column":13},"end":{"line":13,"column":null}},"6":{"start":{"line":15,"column":13},"end":{"line":15,"column":61}}},"fnMap":{},"branchMap":{},"s":{"0":2,"1":2,"2":2,"3":2,"4":2,"5":2,"6":2},"f":{},"b":{}}
,"/Users/raul/_bootcampf5/proyectos/actos-general/server/src/users/users.controller.ts": {"path":"/Users/raul/_bootcampf5/proyectos/actos-general/server/src/users/users.controller.ts","statementMap":{"0":{"start":{"line":1,"column":0},"end":{"line":1,"column":83}},"1":{"start":{"line":2,"column":0},"end":{"line":2,"column":47}},"2":{"start":{"line":3,"column":0},"end":{"line":3,"column":54}},"3":{"start":{"line":4,"column":0},"end":{"line":4,"column":54}},"4":{"start":{"line":6,"column":0},"end":{"line":6,"column":42}},"5":{"start":{"line":10,"column":7},"end":{"line":37,"column":null}},"6":{"start":{"line":11,"column":31},"end":{"line":11,"column":45}},"7":{"start":{"line":15,"column":4},"end":{"line":15,"column":51}},"8":{"start":{"line":20,"column":4},"end":{"line":20,"column":39}},"9":{"start":{"line":25,"column":4},"end":{"line":25,"column":42}},"10":{"start":{"line":30,"column":4},"end":{"line":30,"column":56}},"11":{"start":{"line":35,"column":4},"end":{"line":35,"column":41}},"12":{"start":{"line":10,"column":13},"end":{"line":10,"column":28}},"13":{"start":{"line":14,"column":2},"end":{"line":16,"column":null}},"14":{"start":{"line":19,"column":2},"end":{"line":21,"column":null}},"15":{"start":{"line":24,"column":2},"end":{"line":26,"column":null}},"16":{"start":{"line":29,"column":2},"end":{"line":31,"column":null}},"17":{"start":{"line":34,"column":2},"end":{"line":36,"column":null}},"18":{"start":{"line":10,"column":13},"end":{"line":37,"column":null}}},"fnMap":{"0":{"name":"(anonymous_4)","decl":{"start":{"line":11,"column":2},"end":{"line":11,"column":31}},"loc":{"start":{"line":11,"column":57},"end":{"line":11,"column":61}}},"1":{"name":"(anonymous_5)","decl":{"start":{"line":14,"column":2},"end":{"line":14,"column":8}},"loc":{"start":{"line":14,"column":45},"end":{"line":16,"column":3}}},"2":{"name":"(anonymous_6)","decl":{"start":{"line":19,"column":2},"end":{"line":19,"column":9}},"loc":{"start":{"line":19,"column":9},"end":{"line":21,"column":3}}},"3":{"name":"(anonymous_7)","decl":{"start":{"line":24,"column":2},"end":{"line":24,"column":10}},"loc":{"start":{"line":24,"column":36},"end":{"line":26,"column":3}}},"4":{"name":"(anonymous_8)","decl":{"start":{"line":29,"column":2},"end":{"line":29,"column":8}},"loc":{"start":{"line":29,"column":70},"end":{"line":31,"column":3}}},"5":{"name":"(anonymous_9)","decl":{"start":{"line":34,"column":2},"end":{"line":34,"column":8}},"loc":{"start":{"line":34,"column":32},"end":{"line":36,"column":3}}}},"branchMap":{},"s":{"0":1,"1":1,"2":1,"3":1,"4":1,"5":1,"6":1,"7":0,"8":0,"9":0,"10":0,"11":0,"12":1,"13":1,"14":1,"15":1,"16":1,"17":1,"18":1},"f":{"0":1,"1":0,"2":0,"3":0,"4":0,"5":0},"b":{}}
,"/Users/raul/_bootcampf5/proyectos/actos-general/server/src/users/users.module.ts": {"path":"/Users/raul/_bootcampf5/proyectos/actos-general/server/src/users/users.module.ts","statementMap":{"0":{"start":{"line":1,"column":0},"end":{"line":1,"column":40}},"1":{"start":{"line":2,"column":0},"end":{"line":2,"column":47}},"2":{"start":{"line":3,"column":0},"end":{"line":3,"column":53}},"3":{"start":{"line":4,"column":0},"end":{"line":4,"column":50}},"4":{"start":{"line":5,"column":0},"end":{"line":5,"column":57}},"5":{"start":{"line":20,"column":7},"end":{"line":20,"column":null}},"6":{"start":{"line":20,"column":13},"end":{"line":20,"column":24}},"7":{"start":{"line":20,"column":13},"end":{"line":20,"column":null}}},"fnMap":{},"branchMap":{},"s":{"0":0,"1":0,"2":0,"3":0,"4":0,"5":0,"6":0,"7":0},"f":{},"b":{}}
,"/Users/raul/_bootcampf5/proyectos/actos-general/server/src/users/users.service.ts": {"path":"/Users/raul/_bootcampf5/proyectos/actos-general/server/src/users/users.service.ts","statementMap":{"0":{"start":{"line":1,"column":0},"end":{"line":1,"column":79}},"1":{"start":{"line":4,"column":0},"end":{"line":4,"column":47}},"2":{"start":{"line":5,"column":0},"end":{"line":5,"column":45}},"3":{"start":{"line":6,"column":0},"end":{"line":6,"column":43}},"4":{"start":{"line":9,"column":7},"end":{"line":55,"column":null}},"5":{"start":{"line":11,"column":46},"end":{"line":11,"column":57}},"6":{"start":{"line":14,"column":4},"end":{"line":24,"column":null}},"7":{"start":{"line":15,"column":18},"end":{"line":15,"column":75}},"8":{"start":{"line":16,"column":6},"end":{"line":21,"column":null}},"9":{"start":{"line":17,"column":8},"end":{"line":17,"column":62}},"10":{"start":{"line":19,"column":24},"end":{"line":19,"column":66}},"11":{"start":{"line":20,"column":8},"end":{"line":20,"column":23}},"12":{"start":{"line":23,"column":6},"end":{"line":23,"column":null}},"13":{"start":{"line":28,"column":4},"end":{"line":28,"column":33}},"14":{"start":{"line":32,"column":4},"end":{"line":36,"column":null}},"15":{"start":{"line":33,"column":6},"end":{"line":33,"column":60}},"16":{"start":{"line":35,"column":6},"end":{"line":35,"column":69}},"17":{"start":{"line":40,"column":4},"end":{"line":44,"column":null}},"18":{"start":{"line":41,"column":6},"end":{"line":41,"column":41}},"19":{"start":{"line":43,"column":6},"end":{"line":43,"column":69}},"20":{"start":{"line":49,"column":4},"end":{"line":49,"column":47}},"21":{"start":{"line":53,"column":4},"end":{"line":53,"column":47}},"22":{"start":{"line":9,"column":13},"end":{"line":9,"column":25}},"23":{"start":{"line":9,"column":13},"end":{"line":55,"column":null}}},"fnMap":{"0":{"name":"(anonymous_4)","decl":{"start":{"line":11,"column":2},"end":{"line":11,"column":15}},"loc":{"start":{"line":11,"column":68},"end":{"line":11,"column":73}}},"1":{"name":"(anonymous_5)","decl":{"start":{"line":13,"column":2},"end":{"line":13,"column":7}},"loc":{"start":{"line":13,"column":43},"end":{"line":25,"column":3}}},"2":{"name":"(anonymous_6)","decl":{"start":{"line":27,"column":2},"end":{"line":27,"column":9}},"loc":{"start":{"line":27,"column":9},"end":{"line":29,"column":3}}},"3":{"name":"(anonymous_7)","decl":{"start":{"line":31,"column":2},"end":{"line":31,"column":7}},"loc":{"start":{"line":31,"column":33},"end":{"line":37,"column":3}}},"4":{"name":"(anonymous_8)","decl":{"start":{"line":39,"column":2},"end":{"line":39,"column":10}},"loc":{"start":{"line":39,"column":23},"end":{"line":46,"column":3}}},"5":{"name":"(anonymous_9)","decl":{"start":{"line":48,"column":2},"end":{"line":48,"column":8}},"loc":{"start":{"line":48,"column":49},"end":{"line":50,"column":3}}},"6":{"name":"(anonymous_10)","decl":{"start":{"line":52,"column":2},"end":{"line":52,"column":8}},"loc":{"start":{"line":52,"column":19},"end":{"line":54,"column":3}}}},"branchMap":{"0":{"loc":{"start":{"line":16,"column":6},"end":{"line":21,"column":null}},"type":"if","locations":[{"start":{"line":16,"column":6},"end":{"line":21,"column":null}},{"start":{"line":18,"column":13},"end":{"line":21,"column":null}}]}},"s":{"0":4,"1":4,"2":4,"3":4,"4":4,"5":0,"6":0,"7":0,"8":0,"9":0,"10":0,"11":0,"12":0,"13":0,"14":0,"15":0,"16":0,"17":0,"18":0,"19":0,"20":0,"21":0,"22":4,"23":4},"f":{"0":0,"1":0,"2":0,"3":0,"4":0,"5":0,"6":0},"b":{"0":[0,0]}}
,"/Users/raul/_bootcampf5/proyectos/actos-general/server/src/users/dto/create-user.dto.ts": {"path":"/Users/raul/_bootcampf5/proyectos/actos-general/server/src/users/dto/create-user.dto.ts","statementMap":{"0":{"start":{"line":1,"column":0},"end":{"line":1,"column":13}}},"fnMap":{},"branchMap":{},"s":{"0":1},"f":{},"b":{}}
,"/Users/raul/_bootcampf5/proyectos/actos-general/server/src/users/dto/update-user.dto.ts": {"path":"/Users/raul/_bootcampf5/proyectos/actos-general/server/src/users/dto/update-user.dto.ts","statementMap":{"0":{"start":{"line":1,"column":0},"end":{"line":1,"column":51}},"1":{"start":{"line":2,"column":0},"end":{"line":2,"column":50}},"2":{"start":{"line":4,"column":0},"end":{"line":4,"column":13}}},"fnMap":{},"branchMap":{},"s":{"0":1,"1":1,"2":1},"f":{},"b":{}}
,"/Users/raul/_bootcampf5/proyectos/actos-general/server/src/users/schemas/user.schema.ts": {"path":"/Users/raul/_bootcampf5/proyectos/actos-general/server/src/users/schemas/user.schema.ts","statementMap":{"0":{"start":{"line":1,"column":0},"end":{"line":1,"column":63}},"1":{"start":{"line":8,"column":7},"end":{"line":23,"column":null}},"2":{"start":{"line":8,"column":13},"end":{"line":8,"column":17}},"3":{"start":{"line":10,"column":6},"end":{"line":10,"column":null}},"4":{"start":{"line":13,"column":6},"end":{"line":13,"column":null}},"5":{"start":{"line":16,"column":6},"end":{"line":16,"column":null}},"6":{"start":{"line":19,"column":6},"end":{"line":19,"column":null}},"7":{"start":{"line":22,"column":6},"end":{"line":22,"column":null}},"8":{"start":{"line":8,"column":13},"end":{"line":23,"column":null}},"9":{"start":{"line":25,"column":13},"end":{"line":25,"column":61}}},"fnMap":{},"branchMap":{},"s":{"0":4,"1":4,"2":4,"3":4,"4":4,"5":4,"6":4,"7":4,"8":4,"9":4},"f":{},"b":{}}
,"/Users/raul/_bootcampf5/proyectos/actos-general/server/src/utils/qr.generator.ts": {"path":"/Users/raul/_bootcampf5/proyectos/actos-general/server/src/utils/qr.generator.ts","statementMap":{"0":{"start":{"line":2,"column":0},"end":{"line":2,"column":31}},"1":{"start":{"line":3,"column":0},"end":{"line":3,"column":39}},"2":{"start":{"line":5,"column":24},"end":{"line":15,"column":1}},"3":{"start":{"line":6,"column":4},"end":{"line":14,"column":null}},"4":{"start":{"line":7,"column":23},"end":{"line":7,"column":68}},"5":{"start":{"line":9,"column":8},"end":{"line":9,"column":79}},"6":{"start":{"line":10,"column":24},"end":{"line":10,"column":111}},"7":{"start":{"line":11,"column":8},"end":{"line":11,"column":23}},"8":{"start":{"line":13,"column":8},"end":{"line":13,"column":20}},"9":{"start":{"line":32,"column":4},"end":{"line":32,"column":19}},"10":{"start":{"line":17,"column":23},"end":{"line":29,"column":1}},"11":{"start":{"line":18,"column":4},"end":{"line":28,"column":null}},"12":{"start":{"line":19,"column":21},"end":{"line":19,"column":65}},"13":{"start":{"line":20,"column":24},"end":{"line":20,"column":68}},"14":{"start":{"line":22,"column":23},"end":{"line":22,"column":54}},"15":{"start":{"line":23,"column":24},"end":{"line":23,"column":59}},"16":{"start":{"line":25,"column":8},"end":{"line":25,"column":23}},"17":{"start":{"line":27,"column":8},"end":{"line":27,"column":20}},"18":{"start":{"line":33,"column":4},"end":{"line":33,"column":18}}},"fnMap":{"0":{"name":"(anonymous_0)","decl":{"start":{"line":5,"column":24},"end":{"line":5,"column":29}},"loc":{"start":{"line":5,"column":58},"end":{"line":15,"column":1}}},"1":{"name":"(anonymous_1)","decl":{"start":{"line":17,"column":23},"end":{"line":17,"column":28}},"loc":{"start":{"line":17,"column":69},"end":{"line":29,"column":1}}}},"branchMap":{},"s":{"0":0,"1":0,"2":0,"3":0,"4":0,"5":0,"6":0,"7":0,"8":0,"9":0,"10":0,"11":0,"12":0,"13":0,"14":0,"15":0,"16":0,"17":0,"18":0},"f":{"0":0,"1":0},"b":{}}
,"/Users/raul/_bootcampf5/proyectos/actos-general/server/src/visibilities/visibilities.controller.ts": {"path":"/Users/raul/_bootcampf5/proyectos/actos-general/server/src/visibilities/visibilities.controller.ts","statementMap":{"0":{"start":{"line":1,"column":0},"end":{"line":1,"column":83}},"1":{"start":{"line":2,"column":0},"end":{"line":2,"column":61}},"2":{"start":{"line":3,"column":0},"end":{"line":3,"column":66}},"3":{"start":{"line":5,"column":0},"end":{"line":5,"column":42}},"4":{"start":{"line":9,"column":7},"end":{"line":32,"column":null}},"5":{"start":{"line":10,"column":31},"end":{"line":10,"column":52}},"6":{"start":{"line":15,"column":4},"end":{"line":15,"column":74}},"7":{"start":{"line":20,"column":4},"end":{"line":20,"column":80}},"8":{"start":{"line":25,"column":4},"end":{"line":25,"column":58}},"9":{"start":{"line":30,"column":4},"end":{"line":30,"column":57}},"10":{"start":{"line":9,"column":13},"end":{"line":9,"column":35}},"11":{"start":{"line":14,"column":2},"end":{"line":16,"column":null}},"12":{"start":{"line":19,"column":2},"end":{"line":21,"column":null}},"13":{"start":{"line":24,"column":2},"end":{"line":26,"column":null}},"14":{"start":{"line":29,"column":2},"end":{"line":31,"column":null}},"15":{"start":{"line":9,"column":13},"end":{"line":32,"column":null}}},"fnMap":{"0":{"name":"(anonymous_4)","decl":{"start":{"line":10,"column":2},"end":{"line":10,"column":31}},"loc":{"start":{"line":10,"column":71},"end":{"line":10,"column":75}}},"1":{"name":"(anonymous_5)","decl":{"start":{"line":14,"column":2},"end":{"line":14,"column":18}},"loc":{"start":{"line":14,"column":67},"end":{"line":16,"column":3}}},"2":{"name":"(anonymous_6)","decl":{"start":{"line":19,"column":2},"end":{"line":19,"column":24}},"loc":{"start":{"line":19,"column":75},"end":{"line":21,"column":3}}},"3":{"name":"(anonymous_7)","decl":{"start":{"line":24,"column":2},"end":{"line":24,"column":21}},"loc":{"start":{"line":24,"column":21},"end":{"line":26,"column":3}}},"4":{"name":"(anonymous_8)","decl":{"start":{"line":29,"column":2},"end":{"line":29,"column":8}},"loc":{"start":{"line":29,"column":32},"end":{"line":31,"column":3}}}},"branchMap":{},"s":{"0":1,"1":1,"2":1,"3":1,"4":1,"5":0,"6":0,"7":0,"8":0,"9":0,"10":1,"11":1,"12":1,"13":1,"14":1,"15":1},"f":{"0":0,"1":0,"2":0,"3":0,"4":0},"b":{}}
,"/Users/raul/_bootcampf5/proyectos/actos-general/server/src/visibilities/visibilities.module.ts": {"path":"/Users/raul/_bootcampf5/proyectos/actos-general/server/src/visibilities/visibilities.module.ts","statementMap":{"0":{"start":{"line":1,"column":0},"end":{"line":1,"column":40}},"1":{"start":{"line":2,"column":0},"end":{"line":2,"column":61}},"2":{"start":{"line":3,"column":0},"end":{"line":3,"column":67}},"3":{"start":{"line":4,"column":0},"end":{"line":4,"column":50}},"4":{"start":{"line":5,"column":0},"end":{"line":5,"column":74}},"5":{"start":{"line":19,"column":7},"end":{"line":19,"column":null}},"6":{"start":{"line":19,"column":13},"end":{"line":19,"column":31}},"7":{"start":{"line":19,"column":13},"end":{"line":19,"column":null}}},"fnMap":{},"branchMap":{},"s":{"0":0,"1":0,"2":0,"3":0,"4":0,"5":0,"6":0,"7":0},"f":{},"b":{}}
,"/Users/raul/_bootcampf5/proyectos/actos-general/server/src/visibilities/visibilities.service.ts": {"path":"/Users/raul/_bootcampf5/proyectos/actos-general/server/src/visibilities/visibilities.service.ts","statementMap":{"0":{"start":{"line":1,"column":0},"end":{"line":1,"column":63}},"1":{"start":{"line":4,"column":0},"end":{"line":4,"column":47}},"2":{"start":{"line":5,"column":0},"end":{"line":5,"column":33}},"3":{"start":{"line":6,"column":0},"end":{"line":6,"column":56}},"4":{"start":{"line":9,"column":7},"end":{"line":31,"column":null}},"5":{"start":{"line":10,"column":52},"end":{"line":10,"column":69}},"6":{"start":{"line":14,"column":4},"end":{"line":14,"column":60}},"7":{"start":{"line":18,"column":4},"end":{"line":18,"column":60}},"8":{"start":{"line":22,"column":4},"end":{"line":22,"column":39}},"9":{"start":{"line":26,"column":19},"end":{"line":26,"column":68}},"10":{"start":{"line":27,"column":4},"end":{"line":29,"column":null}},"11":{"start":{"line":28,"column":6},"end":{"line":28,"column":72}},"12":{"start":{"line":9,"column":13},"end":{"line":9,"column":32}},"13":{"start":{"line":9,"column":13},"end":{"line":31,"column":null}}},"fnMap":{"0":{"name":"(anonymous_4)","decl":{"start":{"line":10,"column":2},"end":{"line":10,"column":15}},"loc":{"start":{"line":10,"column":86},"end":{"line":11,"column":3}}},"1":{"name":"(anonymous_5)","decl":{"start":{"line":13,"column":2},"end":{"line":13,"column":18}},"loc":{"start":{"line":13,"column":59},"end":{"line":15,"column":3}}},"2":{"name":"(anonymous_6)","decl":{"start":{"line":17,"column":2},"end":{"line":17,"column":24}},"loc":{"start":{"line":17,"column":67},"end":{"line":19,"column":3}}},"3":{"name":"(anonymous_7)","decl":{"start":{"line":21,"column":2},"end":{"line":21,"column":21}},"loc":{"start":{"line":21,"column":21},"end":{"line":23,"column":3}}},"4":{"name":"(anonymous_8)","decl":{"start":{"line":25,"column":2},"end":{"line":25,"column":7}},"loc":{"start":{"line":25,"column":35},"end":{"line":30,"column":3}}}},"branchMap":{"0":{"loc":{"start":{"line":27,"column":4},"end":{"line":29,"column":null}},"type":"if","locations":[{"start":{"line":27,"column":4},"end":{"line":29,"column":null}}]}},"s":{"0":2,"1":2,"2":2,"3":2,"4":2,"5":6,"6":1,"7":1,"8":1,"9":2,"10":2,"11":1,"12":2,"13":2},"f":{"0":6,"1":1,"2":1,"3":1,"4":2},"b":{"0":[1]}}
,"/Users/raul/_bootcampf5/proyectos/actos-general/server/src/visibilities/dto/create-visibility.dto.ts": {"path":"/Users/raul/_bootcampf5/proyectos/actos-general/server/src/visibilities/dto/create-visibility.dto.ts","statementMap":{"0":{"start":{"line":1,"column":0},"end":{"line":1,"column":63}},"1":{"start":{"line":4,"column":0},"end":{"line":4,"column":13}},"2":{"start":{"line":7,"column":4},"end":{"line":7,"column":null}},"3":{"start":{"line":10,"column":4},"end":{"line":10,"column":null}}},"fnMap":{},"branchMap":{},"s":{"0":1,"1":1,"2":1,"3":1},"f":{},"b":{}}
,"/Users/raul/_bootcampf5/proyectos/actos-general/server/src/visibilities/dto/update-visibility.dto.ts": {"path":"/Users/raul/_bootcampf5/proyectos/actos-general/server/src/visibilities/dto/update-visibility.dto.ts","statementMap":{"0":{"start":{"line":1,"column":0},"end":{"line":1,"column":46}},"1":{"start":{"line":2,"column":0},"end":{"line":2,"column":62}},"2":{"start":{"line":4,"column":0},"end":{"line":4,"column":13}}},"fnMap":{},"branchMap":{},"s":{"0":0,"1":0,"2":0},"f":{},"b":{}}
,"/Users/raul/_bootcampf5/proyectos/actos-general/server/src/visibilities/schema/visibility.schema.ts": {"path":"/Users/raul/_bootcampf5/proyectos/actos-general/server/src/visibilities/schema/visibility.schema.ts","statementMap":{"0":{"start":{"line":1,"column":0},"end":{"line":1,"column":63}},"1":{"start":{"line":7,"column":7},"end":{"line":13,"column":null}},"2":{"start":{"line":7,"column":13},"end":{"line":7,"column":23}},"3":{"start":{"line":9,"column":6},"end":{"line":9,"column":null}},"4":{"start":{"line":12,"column":6},"end":{"line":12,"column":null}},"5":{"start":{"line":7,"column":13},"end":{"line":13,"column":null}},"6":{"start":{"line":15,"column":13},"end":{"line":15,"column":73}}},"fnMap":{},"branchMap":{},"s":{"0":2,"1":2,"2":2,"3":2,"4":2,"5":2,"6":2},"f":{},"b":{}}
}
