{"/Users/raul/_bootcampf5/proyectos/actos-general/server/src/app.controller.ts": {"path":"/Users/raul/_bootcampf5/proyectos/actos-general/server/src/app.controller.ts","statementMap":{"0":{"start":{"line":1,"column":0},"end":{"line":1,"column":49}},"1":{"start":{"line":2,"column":0},"end":{"line":2,"column":43}},"2":{"start":{"line":5,"column":7},"end":{"line":12,"column":null}},"3":{"start":{"line":6,"column":31},"end":{"line":6,"column":43}},"4":{"start":{"line":10,"column":4},"end":{"line":10,"column":38}},"5":{"start":{"line":5,"column":13},"end":{"line":5,"column":26}},"6":{"start":{"line":9,"column":2},"end":{"line":11,"column":null}},"7":{"start":{"line":5,"column":13},"end":{"line":12,"column":null}}},"fnMap":{"0":{"name":"(anonymous_2)","decl":{"start":{"line":6,"column":2},"end":{"line":6,"column":31}},"loc":{"start":{"line":6,"column":53},"end":{"line":6,"column":57}}},"1":{"name":"(anonymous_3)","decl":{"start":{"line":9,"column":2},"end":{"line":9,"column":10}},"loc":{"start":{"line":9,"column":10},"end":{"line":11,"column":3}}}},"branchMap":{},"s":{"0":1,"1":1,"2":1,"3":1,"4":1,"5":1,"6":1,"7":1},"f":{"0":1,"1":1},"b":{}}
,"/Users/raul/_bootcampf5/proyectos/actos-general/server/src/app.module.ts": {"path":"/Users/raul/_bootcampf5/proyectos/actos-general/server/src/app.module.ts","statementMap":{"0":{"start":{"line":1,"column":0},"end":{"line":1,"column":40}},"1":{"start":{"line":2,"column":0},"end":{"line":2,"column":49}},"2":{"start":{"line":3,"column":0},"end":{"line":3,"column":43}},"3":{"start":{"line":4,"column":0},"end":{"line":4,"column":54}},"4":{"start":{"line":5,"column":0},"end":{"line":5,"column":51}},"5":{"start":{"line":6,"column":0},"end":{"line":6,"column":50}},"6":{"start":{"line":7,"column":0},"end":{"line":7,"column":48}},"7":{"start":{"line":8,"column":0},"end":{"line":8,"column":46}},"8":{"start":{"line":9,"column":0},"end":{"line":9,"column":48}},"9":{"start":{"line":10,"column":0},"end":{"line":10,"column":57}},"10":{"start":{"line":11,"column":0},"end":{"line":11,"column":28}},"11":{"start":{"line":29,"column":7},"end":{"line":29,"column":null}},"12":{"start":{"line":29,"column":13},"end":{"line":29,"column":22}},"13":{"start":{"line":29,"column":13},"end":{"line":29,"column":null}}},"fnMap":{},"branchMap":{},"s":{"0":0,"1":0,"2":0,"3":0,"4":0,"5":0,"6":0,"7":0,"8":0,"9":0,"10":0,"11":0,"12":0,"13":0},"f":{},"b":{}}
,"/Users/raul/_bootcampf5/proyectos/actos-general/server/src/app.service.ts": {"path":"/Users/raul/_bootcampf5/proyectos/actos-general/server/src/app.service.ts","statementMap":{"0":{"start":{"line":1,"column":0},"end":{"line":1,"column":44}},"1":{"start":{"line":4,"column":7},"end":{"line":8,"column":null}},"2":{"start":{"line":6,"column":4},"end":{"line":6,"column":26}},"3":{"start":{"line":4,"column":13},"end":{"line":4,"column":23}},"4":{"start":{"line":4,"column":13},"end":{"line":8,"column":null}}},"fnMap":{"0":{"name":"(anonymous_1)","decl":{"start":{"line":5,"column":2},"end":{"line":5,"column":10}},"loc":{"start":{"line":5,"column":10},"end":{"line":7,"column":3}}}},"branchMap":{},"s":{"0":1,"1":1,"2":1,"3":1,"4":1},"f":{"0":1},"b":{}}
,"/Users/raul/_bootcampf5/proyectos/actos-general/server/src/main.ts": {"path":"/Users/raul/_bootcampf5/proyectos/actos-general/server/src/main.ts","statementMap":{"0":{"start":{"line":1,"column":0},"end":{"line":1,"column":43}},"1":{"start":{"line":2,"column":0},"end":{"line":2,"column":41}},"2":{"start":{"line":3,"column":0},"end":{"line":3,"column":65}},"3":{"start":{"line":6,"column":13},"end":{"line":6,"column":48}},"4":{"start":{"line":8,"column":16},"end":{"line":12,"column":14}},"5":{"start":{"line":14,"column":18},"end":{"line":14,"column":59}},"6":{"start":{"line":15,"column":1},"end":{"line":15,"column":44}},"7":{"start":{"line":17,"column":1},"end":{"line":17,"column":18}},"8":{"start":{"line":18,"column":1},"end":{"line":18,"column":28}},"9":{"start":{"line":20,"column":1},"end":{"line":20,"column":24}},"10":{"start":{"line":22,"column":0},"end":{"line":22,"column":12}}},"fnMap":{"0":{"name":"bootstrap","decl":{"start":{"line":5,"column":15},"end":{"line":5,"column":24}},"loc":{"start":{"line":5,"column":24},"end":{"line":21,"column":1}}}},"branchMap":{},"s":{"0":0,"1":0,"2":0,"3":0,"4":0,"5":0,"6":0,"7":0,"8":0,"9":0,"10":0},"f":{"0":0},"b":{}}
,"/Users/raul/_bootcampf5/proyectos/actos-general/server/src/auth/auth.controller.ts": {"path":"/Users/raul/_bootcampf5/proyectos/actos-general/server/src/auth/auth.controller.ts","statementMap":{"0":{"start":{"line":1,"column":0},"end":{"line":1,"column":83}},"1":{"start":{"line":2,"column":0},"end":{"line":2,"column":45}},"2":{"start":{"line":3,"column":0},"end":{"line":3,"column":54}},"3":{"start":{"line":4,"column":0},"end":{"line":4,"column":54}},"4":{"start":{"line":5,"column":0},"end":{"line":5,"column":59}},"5":{"start":{"line":8,"column":7},"end":{"line":40,"column":null}},"6":{"start":{"line":9,"column":31},"end":{"line":9,"column":44}},"7":{"start":{"line":13,"column":4},"end":{"line":13,"column":50}},"8":{"start":{"line":18,"column":4},"end":{"line":18,"column":51}},"9":{"start":{"line":23,"column":4},"end":{"line":23,"column":38}},"10":{"start":{"line":28,"column":4},"end":{"line":28,"column":41}},"11":{"start":{"line":33,"column":4},"end":{"line":33,"column":55}},"12":{"start":{"line":38,"column":4},"end":{"line":38,"column":40}},"13":{"start":{"line":8,"column":13},"end":{"line":8,"column":27}},"14":{"start":{"line":12,"column":8},"end":{"line":14,"column":null}},"15":{"start":{"line":17,"column":2},"end":{"line":19,"column":null}},"16":{"start":{"line":22,"column":2},"end":{"line":24,"column":null}},"17":{"start":{"line":27,"column":2},"end":{"line":29,"column":null}},"18":{"start":{"line":32,"column":2},"end":{"line":34,"column":null}},"19":{"start":{"line":37,"column":2},"end":{"line":39,"column":null}},"20":{"start":{"line":8,"column":13},"end":{"line":40,"column":null}}},"fnMap":{"0":{"name":"(anonymous_4)","decl":{"start":{"line":9,"column":2},"end":{"line":9,"column":31}},"loc":{"start":{"line":9,"column":55},"end":{"line":9,"column":59}}},"1":{"name":"(anonymous_5)","decl":{"start":{"line":12,"column":2},"end":{"line":12,"column":7}},"loc":{"start":{"line":12,"column":51},"end":{"line":14,"column":3}}},"2":{"name":"(anonymous_6)","decl":{"start":{"line":17,"column":2},"end":{"line":17,"column":7}},"loc":{"start":{"line":17,"column":48},"end":{"line":19,"column":3}}},"3":{"name":"(anonymous_7)","decl":{"start":{"line":22,"column":2},"end":{"line":22,"column":9}},"loc":{"start":{"line":22,"column":9},"end":{"line":24,"column":3}}},"4":{"name":"(anonymous_8)","decl":{"start":{"line":27,"column":2},"end":{"line":27,"column":9}},"loc":{"start":{"line":27,"column":33},"end":{"line":29,"column":3}}},"5":{"name":"(anonymous_9)","decl":{"start":{"line":32,"column":2},"end":{"line":32,"column":8}},"loc":{"start":{"line":32,"column":70},"end":{"line":34,"column":3}}},"6":{"name":"(anonymous_10)","decl":{"start":{"line":37,"column":2},"end":{"line":37,"column":8}},"loc":{"start":{"line":37,"column":32},"end":{"line":39,"column":3}}}},"branchMap":{},"s":{"0":1,"1":1,"2":1,"3":1,"4":1,"5":1,"6":2,"7":0,"8":1,"9":0,"10":0,"11":0,"12":0,"13":1,"14":1,"15":1,"16":1,"17":1,"18":1,"19":1,"20":1},"f":{"0":2,"1":0,"2":1,"3":0,"4":0,"5":0,"6":0},"b":{}}
,"/Users/raul/_bootcampf5/proyectos/actos-general/server/src/auth/auth.module.ts": {"path":"/Users/raul/_bootcampf5/proyectos/actos-general/server/src/auth/auth.module.ts","statementMap":{"0":{"start":{"line":1,"column":0},"end":{"line":1,"column":40}},"1":{"start":{"line":2,"column":0},"end":{"line":2,"column":45}},"2":{"start":{"line":3,"column":0},"end":{"line":3,"column":51}},"3":{"start":{"line":4,"column":0},"end":{"line":4,"column":53}},"4":{"start":{"line":5,"column":0},"end":{"line":5,"column":40}},"5":{"start":{"line":6,"column":0},"end":{"line":6,"column":61}},"6":{"start":{"line":26,"column":7},"end":{"line":26,"column":null}},"7":{"start":{"line":26,"column":13},"end":{"line":26,"column":23}},"8":{"start":{"line":26,"column":13},"end":{"line":26,"column":null}},"9":{"start":{"line":14,"column":59},"end":{"line":19,"column":8}}},"fnMap":{"0":{"name":"(anonymous_1)","decl":{"start":{"line":14,"column":18},"end":{"line":14,"column":23}},"loc":{"start":{"line":14,"column":59},"end":{"line":19,"column":8}}}},"branchMap":{},"s":{"0":0,"1":0,"2":0,"3":0,"4":0,"5":0,"6":0,"7":0,"8":0,"9":0},"f":{"0":0},"b":{}}
,"/Users/raul/_bootcampf5/proyectos/actos-general/server/src/auth/auth.service.ts": {"path":"/Users/raul/_bootcampf5/proyectos/actos-general/server/src/auth/auth.service.ts","statementMap":{"0":{"start":{"line":1,"column":0},"end":{"line":1,"column":94}},"1":{"start":{"line":4,"column":0},"end":{"line":4,"column":54}},"2":{"start":{"line":6,"column":0},"end":{"line":6,"column":41}},"3":{"start":{"line":10,"column":7},"end":{"line":55,"column":null}},"4":{"start":{"line":12,"column":12},"end":{"line":12,"column":25}},"5":{"start":{"line":13,"column":12},"end":{"line":13,"column":24}},"6":{"start":{"line":17,"column":4},"end":{"line":32,"column":null}},"7":{"start":{"line":18,"column":36},"end":{"line":18,"column":93}},"8":{"start":{"line":18,"column":22},"end":{"line":18,"column":27}},"9":{"start":{"line":18,"column":31},"end":{"line":18,"column":36}},"10":{"start":{"line":19,"column":6},"end":{"line":19,"column":105}},"11":{"start":{"line":19,"column":49},"end":{"line":19,"column":105}},"12":{"start":{"line":21,"column":22},"end":{"line":24,"column":null}},"13":{"start":{"line":26,"column":6},"end":{"line":29,"column":8}},"14":{"start":{"line":31,"column":6},"end":{"line":31,"column":69}},"15":{"start":{"line":37,"column":4},"end":{"line":37,"column":50}},"16":{"start":{"line":41,"column":4},"end":{"line":41,"column":42}},"17":{"start":{"line":45,"column":4},"end":{"line":45,"column":47}},"18":{"start":{"line":49,"column":4},"end":{"line":49,"column":47}},"19":{"start":{"line":53,"column":4},"end":{"line":53,"column":47}},"20":{"start":{"line":10,"column":13},"end":{"line":10,"column":24}},"21":{"start":{"line":10,"column":13},"end":{"line":55,"column":null}}},"fnMap":{"0":{"name":"(anonymous_3)","decl":{"start":{"line":11,"column":2},"end":{"line":11,"column":null}},"loc":{"start":{"line":13,"column":34},"end":{"line":14,"column":8}}},"1":{"name":"(anonymous_4)","decl":{"start":{"line":16,"column":2},"end":{"line":16,"column":7}},"loc":{"start":{"line":16,"column":46},"end":{"line":34,"column":3}}},"2":{"name":"(anonymous_5)","decl":{"start":{"line":36,"column":2},"end":{"line":36,"column":7}},"loc":{"start":{"line":36,"column":43},"end":{"line":38,"column":3}}},"3":{"name":"(anonymous_6)","decl":{"start":{"line":40,"column":2},"end":{"line":40,"column":9}},"loc":{"start":{"line":40,"column":9},"end":{"line":42,"column":3}}},"4":{"name":"(anonymous_7)","decl":{"start":{"line":44,"column":2},"end":{"line":44,"column":9}},"loc":{"start":{"line":44,"column":20},"end":{"line":46,"column":3}}},"5":{"name":"(anonymous_8)","decl":{"start":{"line":48,"column":2},"end":{"line":48,"column":8}},"loc":{"start":{"line":48,"column":49},"end":{"line":50,"column":3}}},"6":{"name":"(anonymous_9)","decl":{"start":{"line":52,"column":2},"end":{"line":52,"column":8}},"loc":{"start":{"line":52,"column":19},"end":{"line":54,"column":3}}}},"branchMap":{"0":{"loc":{"start":{"line":19,"column":6},"end":{"line":19,"column":105}},"type":"if","locations":[{"start":{"line":19,"column":6},"end":{"line":19,"column":105}}]}},"s":{"0":2,"1":2,"2":2,"3":2,"4":0,"5":0,"6":0,"7":0,"8":0,"9":0,"10":0,"11":0,"12":0,"13":0,"14":0,"15":0,"16":0,"17":0,"18":0,"19":0,"20":2,"21":2},"f":{"0":0,"1":0,"2":0,"3":0,"4":0,"5":0,"6":0},"b":{"0":[0]}}
,"/Users/raul/_bootcampf5/proyectos/actos-general/server/src/auth/dto/create-auth.dto.ts": {"path":"/Users/raul/_bootcampf5/proyectos/actos-general/server/src/auth/dto/create-auth.dto.ts","statementMap":{"0":{"start":{"line":1,"column":0},"end":{"line":1,"column":13}}},"fnMap":{},"branchMap":{},"s":{"0":1},"f":{},"b":{}}
,"/Users/raul/_bootcampf5/proyectos/actos-general/server/src/auth/dto/get-user-login.dto.ts": {"path":"/Users/raul/_bootcampf5/proyectos/actos-general/server/src/auth/dto/get-user-login.dto.ts","statementMap":{"0":{"start":{"line":1,"column":0},"end":{"line":1,"column":46}},"1":{"start":{"line":2,"column":0},"end":{"line":2,"column":64}},"2":{"start":{"line":4,"column":0},"end":{"line":4,"column":13}},"3":{"start":{"line":8,"column":2},"end":{"line":8,"column":null}},"4":{"start":{"line":13,"column":2},"end":{"line":13,"column":null}}},"fnMap":{},"branchMap":{},"s":{"0":1,"1":1,"2":1,"3":1,"4":1},"f":{},"b":{}}
,"/Users/raul/_bootcampf5/proyectos/actos-general/server/src/auth/dto/update-auth.dto.ts": {"path":"/Users/raul/_bootcampf5/proyectos/actos-general/server/src/auth/dto/update-auth.dto.ts","statementMap":{"0":{"start":{"line":1,"column":0},"end":{"line":1,"column":51}},"1":{"start":{"line":2,"column":0},"end":{"line":2,"column":50}},"2":{"start":{"line":4,"column":0},"end":{"line":4,"column":13}}},"fnMap":{},"branchMap":{},"s":{"0":1,"1":1,"2":1},"f":{},"b":{}}
,"/Users/raul/_bootcampf5/proyectos/actos-general/server/src/auth/guards/auth.guard.ts": {"path":"/Users/raul/_bootcampf5/proyectos/actos-general/server/src/auth/guards/auth.guard.ts","statementMap":{"0":{"start":{"line":1,"column":0},"end":{"line":1,"column":null}},"1":{"start":{"line":7,"column":2},"end":{"line":7,"column":43}},"2":{"start":{"line":11,"column":9},"end":{"line":38,"column":null}},"3":{"start":{"line":12,"column":24},"end":{"line":12,"column":36}},"4":{"start":{"line":15,"column":22},"end":{"line":15,"column":57}},"5":{"start":{"line":16,"column":20},"end":{"line":16,"column":56}},"6":{"start":{"line":17,"column":6},"end":{"line":19,"column":null}},"7":{"start":{"line":18,"column":8},"end":{"line":18,"column":42}},"8":{"start":{"line":20,"column":6},"end":{"line":30,"column":null}},"9":{"start":{"line":21,"column":24},"end":{"line":25,"column":null}},"10":{"start":{"line":27,"column":8},"end":{"line":27,"column":31}},"11":{"start":{"line":29,"column":8},"end":{"line":29,"column":42}},"12":{"start":{"line":31,"column":6},"end":{"line":31,"column":18}},"13":{"start":{"line":35,"column":28},"end":{"line":35,"column":75}},"14":{"start":{"line":36,"column":6},"end":{"line":36,"column":51}},"15":{"start":{"line":11,"column":15},"end":{"line":11,"column":24}},"16":{"start":{"line":11,"column":15},"end":{"line":38,"column":null}}},"fnMap":{"0":{"name":"(anonymous_2)","decl":{"start":{"line":12,"column":4},"end":{"line":12,"column":24}},"loc":{"start":{"line":12,"column":46},"end":{"line":12,"column":50}}},"1":{"name":"(anonymous_3)","decl":{"start":{"line":14,"column":4},"end":{"line":14,"column":9}},"loc":{"start":{"line":14,"column":47},"end":{"line":32,"column":5}}},"2":{"name":"(anonymous_4)","decl":{"start":{"line":34,"column":12},"end":{"line":34,"column":34}},"loc":{"start":{"line":34,"column":51},"end":{"line":37,"column":5}}}},"branchMap":{"0":{"loc":{"start":{"line":17,"column":6},"end":{"line":19,"column":null}},"type":"if","locations":[{"start":{"line":17,"column":6},"end":{"line":19,"column":null}}]},"1":{"loc":{"start":{"line":35,"column":28},"end":{"line":35,"column":75}},"type":"cond-expr","locations":[{"start":{"line":35,"column":69},"end":{"line":35,"column":73}},{"start":{"line":35,"column":73},"end":{"line":35,"column":75}}]},"2":{"loc":{"start":{"line":35,"column":28},"end":{"line":35,"column":73}},"type":"binary-expr","locations":[{"start":{"line":35,"column":28},"end":{"line":35,"column":73}},{"start":{"line":35,"column":69},"end":{"line":35,"column":73}}]},"3":{"loc":{"start":{"line":35,"column":28},"end":{"line":35,"column":69}},"type":"cond-expr","locations":[{"start":{"line":35,"column":57},"end":{"line":35,"column":59}},{"start":{"line":35,"column":57},"end":{"line":35,"column":69}}]},"4":{"loc":{"start":{"line":35,"column":28},"end":{"line":35,"column":59}},"type":"binary-expr","locations":[{"start":{"line":35,"column":28},"end":{"line":35,"column":59}},{"start":{"line":35,"column":57},"end":{"line":35,"column":59}}]},"5":{"loc":{"start":{"line":36,"column":13},"end":{"line":36,"column":50}},"type":"cond-expr","locations":[{"start":{"line":36,"column":33},"end":{"line":36,"column":38}},{"start":{"line":36,"column":41},"end":{"line":36,"column":50}}]}},"s":{"0":0,"1":0,"2":0,"3":0,"4":0,"5":0,"6":0,"7":0,"8":0,"9":0,"10":0,"11":0,"12":0,"13":0,"14":0,"15":0,"16":0},"f":{"0":0,"1":0,"2":0},"b":{"0":[0],"1":[0,0],"2":[0,0],"3":[0,0],"4":[0,0],"5":[0,0]}}
,"/Users/raul/_bootcampf5/proyectos/actos-general/server/src/auth/guards/role.enum.ts": {"path":"/Users/raul/_bootcampf5/proyectos/actos-general/server/src/auth/guards/role.enum.ts","statementMap":{"0":{"start":{"line":1,"column":0},"end":{"line":1,"column":null}},"1":{"start":{"line":2,"column":4},"end":{"line":2,"column":null}},"2":{"start":{"line":3,"column":4},"end":{"line":3,"column":null}}},"fnMap":{"0":{"name":"(anonymous_0)","decl":{"start":{"line":1,"column":0},"end":{"line":1,"column":12}},"loc":{"start":{"line":1,"column":16},"end":{"line":4,"column":3}}}},"branchMap":{"0":{"loc":{"start":{"line":1,"column":12},"end":{"line":1,"column":null}},"type":"binary-expr","locations":[{"start":{"line":1,"column":12},"end":{"line":1,"column":16}},{"start":{"line":1,"column":16},"end":{"line":1,"column":null}}]}},"s":{"0":0,"1":0,"2":0},"f":{"0":0},"b":{"0":[0,0]}}
,"/Users/raul/_bootcampf5/proyectos/actos-general/server/src/auth/guards/roles.decorator.ts": {"path":"/Users/raul/_bootcampf5/proyectos/actos-general/server/src/auth/guards/roles.decorator.ts","statementMap":{"0":{"start":{"line":1,"column":0},"end":{"line":1,"column":45}},"1":{"start":{"line":4,"column":21},"end":{"line":4,"column":63}},"2":{"start":{"line":4,"column":37},"end":{"line":4,"column":63}},"3":{"start":{"line":4,"column":13},"end":{"line":4,"column":21}}},"fnMap":{"0":{"name":"(anonymous_0)","decl":{"start":{"line":4,"column":21},"end":{"line":4,"column":22}},"loc":{"start":{"line":4,"column":37},"end":{"line":4,"column":63}}}},"branchMap":{},"s":{"0":0,"1":0,"2":0,"3":0},"f":{"0":0},"b":{}}
,"/Users/raul/_bootcampf5/proyectos/actos-general/server/src/auth/guards/roles.guard.ts": {"path":"/Users/raul/_bootcampf5/proyectos/actos-general/server/src/auth/guards/roles.guard.ts","statementMap":{"0":{"start":{"line":1,"column":0},"end":{"line":1,"column":75}},"1":{"start":{"line":2,"column":0},"end":{"line":2,"column":41}},"2":{"start":{"line":6,"column":7},"end":{"line":21,"column":null}},"3":{"start":{"line":7,"column":22},"end":{"line":7,"column":33}},"4":{"start":{"line":10,"column":26},"end":{"line":13,"column":6}},"5":{"start":{"line":15,"column":4},"end":{"line":17,"column":null}},"6":{"start":{"line":16,"column":6},"end":{"line":16,"column":18}},"7":{"start":{"line":18,"column":21},"end":{"line":18,"column":56}},"8":{"start":{"line":19,"column":4},"end":{"line":19,"column":39}},"9":{"start":{"line":6,"column":13},"end":{"line":6,"column":23}},"10":{"start":{"line":6,"column":13},"end":{"line":21,"column":null}}},"fnMap":{"0":{"name":"(anonymous_2)","decl":{"start":{"line":7,"column":2},"end":{"line":7,"column":22}},"loc":{"start":{"line":7,"column":42},"end":{"line":7,"column":46}}},"1":{"name":"(anonymous_3)","decl":{"start":{"line":9,"column":2},"end":{"line":9,"column":13}},"loc":{"start":{"line":9,"column":39},"end":{"line":20,"column":3}}}},"branchMap":{"0":{"loc":{"start":{"line":15,"column":4},"end":{"line":17,"column":null}},"type":"if","locations":[{"start":{"line":15,"column":4},"end":{"line":17,"column":null}}]}},"s":{"0":0,"1":0,"2":0,"3":0,"4":0,"5":0,"6":0,"7":0,"8":0,"9":0,"10":0},"f":{"0":0,"1":0},"b":{"0":[0]}}
,"/Users/raul/_bootcampf5/proyectos/actos-general/server/src/categories/categories.controller.ts": {"path":"/Users/raul/_bootcampf5/proyectos/actos-general/server/src/categories/categories.controller.ts","statementMap":{"0":{"start":{"line":1,"column":0},"end":{"line":1,"column":83}},"1":{"start":{"line":2,"column":0},"end":{"line":2,"column":57}},"2":{"start":{"line":3,"column":0},"end":{"line":3,"column":62}},"3":{"start":{"line":4,"column":0},"end":{"line":4,"column":62}},"4":{"start":{"line":7,"column":7},"end":{"line":34,"column":null}},"5":{"start":{"line":8,"column":31},"end":{"line":8,"column":50}},"6":{"start":{"line":12,"column":4},"end":{"line":12,"column":60}},"7":{"start":{"line":17,"column":4},"end":{"line":17,"column":44}},"8":{"start":{"line":22,"column":4},"end":{"line":22,"column":47}},"9":{"start":{"line":27,"column":4},"end":{"line":27,"column":65}},"10":{"start":{"line":32,"column":4},"end":{"line":32,"column":46}},"11":{"start":{"line":7,"column":13},"end":{"line":7,"column":33}},"12":{"start":{"line":11,"column":2},"end":{"line":13,"column":null}},"13":{"start":{"line":16,"column":2},"end":{"line":18,"column":null}},"14":{"start":{"line":21,"column":2},"end":{"line":23,"column":null}},"15":{"start":{"line":26,"column":2},"end":{"line":28,"column":null}},"16":{"start":{"line":31,"column":2},"end":{"line":33,"column":null}},"17":{"start":{"line":7,"column":13},"end":{"line":34,"column":null}}},"fnMap":{"0":{"name":"(anonymous_4)","decl":{"start":{"line":8,"column":2},"end":{"line":8,"column":31}},"loc":{"start":{"line":8,"column":67},"end":{"line":8,"column":71}}},"1":{"name":"(anonymous_5)","decl":{"start":{"line":11,"column":2},"end":{"line":11,"column":8}},"loc":{"start":{"line":11,"column":53},"end":{"line":13,"column":3}}},"2":{"name":"(anonymous_6)","decl":{"start":{"line":16,"column":2},"end":{"line":16,"column":9}},"loc":{"start":{"line":16,"column":9},"end":{"line":18,"column":3}}},"3":{"name":"(anonymous_7)","decl":{"start":{"line":21,"column":2},"end":{"line":21,"column":9}},"loc":{"start":{"line":21,"column":33},"end":{"line":23,"column":3}}},"4":{"name":"(anonymous_8)","decl":{"start":{"line":26,"column":2},"end":{"line":26,"column":8}},"loc":{"start":{"line":26,"column":78},"end":{"line":28,"column":3}}},"5":{"name":"(anonymous_9)","decl":{"start":{"line":31,"column":2},"end":{"line":31,"column":8}},"loc":{"start":{"line":31,"column":32},"end":{"line":33,"column":3}}}},"branchMap":{},"s":{"0":1,"1":1,"2":1,"3":1,"4":1,"5":1,"6":0,"7":0,"8":0,"9":0,"10":0,"11":1,"12":1,"13":1,"14":1,"15":1,"16":1,"17":1},"f":{"0":1,"1":0,"2":0,"3":0,"4":0,"5":0},"b":{}}
,"/Users/raul/_bootcampf5/proyectos/actos-general/server/src/categories/categories.module.ts": {"path":"/Users/raul/_bootcampf5/proyectos/actos-general/server/src/categories/categories.module.ts","statementMap":{"0":{"start":{"line":1,"column":0},"end":{"line":1,"column":40}},"1":{"start":{"line":2,"column":0},"end":{"line":2,"column":57}},"2":{"start":{"line":3,"column":0},"end":{"line":3,"column":63}},"3":{"start":{"line":9,"column":7},"end":{"line":9,"column":null}},"4":{"start":{"line":9,"column":13},"end":{"line":9,"column":29}},"5":{"start":{"line":9,"column":13},"end":{"line":9,"column":null}}},"fnMap":{},"branchMap":{},"s":{"0":0,"1":0,"2":0,"3":0,"4":0,"5":0},"f":{},"b":{}}
,"/Users/raul/_bootcampf5/proyectos/actos-general/server/src/categories/categories.service.ts": {"path":"/Users/raul/_bootcampf5/proyectos/actos-general/server/src/categories/categories.service.ts","statementMap":{"0":{"start":{"line":1,"column":0},"end":{"line":1,"column":44}},"1":{"start":{"line":6,"column":7},"end":{"line":26,"column":null}},"2":{"start":{"line":8,"column":4},"end":{"line":8,"column":45}},"3":{"start":{"line":12,"column":4},"end":{"line":12,"column":48}},"4":{"start":{"line":16,"column":4},"end":{"line":16,"column":51}},"5":{"start":{"line":20,"column":4},"end":{"line":20,"column":51}},"6":{"start":{"line":24,"column":4},"end":{"line":24,"column":51}},"7":{"start":{"line":6,"column":13},"end":{"line":6,"column":30}},"8":{"start":{"line":6,"column":13},"end":{"line":26,"column":null}}},"fnMap":{"0":{"name":"(anonymous_1)","decl":{"start":{"line":7,"column":2},"end":{"line":7,"column":8}},"loc":{"start":{"line":7,"column":45},"end":{"line":9,"column":3}}},"1":{"name":"(anonymous_2)","decl":{"start":{"line":11,"column":2},"end":{"line":11,"column":9}},"loc":{"start":{"line":11,"column":9},"end":{"line":13,"column":3}}},"2":{"name":"(anonymous_3)","decl":{"start":{"line":15,"column":2},"end":{"line":15,"column":9}},"loc":{"start":{"line":15,"column":20},"end":{"line":17,"column":3}}},"3":{"name":"(anonymous_4)","decl":{"start":{"line":19,"column":2},"end":{"line":19,"column":8}},"loc":{"start":{"line":19,"column":57},"end":{"line":21,"column":3}}},"4":{"name":"(anonymous_5)","decl":{"start":{"line":23,"column":2},"end":{"line":23,"column":8}},"loc":{"start":{"line":23,"column":19},"end":{"line":25,"column":3}}}},"branchMap":{},"s":{"0":2,"1":2,"2":0,"3":0,"4":0,"5":0,"6":0,"7":2,"8":2},"f":{"0":0,"1":0,"2":0,"3":0,"4":0},"b":{}}
,"/Users/raul/_bootcampf5/proyectos/actos-general/server/src/categories/dto/create-category.dto.ts": {"path":"/Users/raul/_bootcampf5/proyectos/actos-general/server/src/categories/dto/create-category.dto.ts","statementMap":{"0":{"start":{"line":1,"column":0},"end":{"line":1,"column":13}}},"fnMap":{},"branchMap":{},"s":{"0":1},"f":{},"b":{}}
,"/Users/raul/_bootcampf5/proyectos/actos-general/server/src/categories/dto/update-category.dto.ts": {"path":"/Users/raul/_bootcampf5/proyectos/actos-general/server/src/categories/dto/update-category.dto.ts","statementMap":{"0":{"start":{"line":1,"column":0},"end":{"line":1,"column":51}},"1":{"start":{"line":2,"column":0},"end":{"line":2,"column":58}},"2":{"start":{"line":4,"column":0},"end":{"line":4,"column":13}}},"fnMap":{},"branchMap":{},"s":{"0":1,"1":1,"2":1},"f":{},"b":{}}
,"/Users/raul/_bootcampf5/proyectos/actos-general/server/src/categories/entities/category.entity.ts": {"path":"/Users/raul/_bootcampf5/proyectos/actos-general/server/src/categories/entities/category.entity.ts","statementMap":{"0":{"start":{"line":1,"column":0},"end":{"line":1,"column":13}}},"fnMap":{},"branchMap":{},"s":{"0":0},"f":{},"b":{}}
,"/Users/raul/_bootcampf5/proyectos/actos-general/server/src/events/events.controller.ts": {"path":"/Users/raul/_bootcampf5/proyectos/actos-general/server/src/events/events.controller.ts","statementMap":{"0":{"start":{"line":1,"column":0},"end":{"line":1,"column":112}},"1":{"start":{"line":2,"column":0},"end":{"line":2,"column":49}},"2":{"start":{"line":3,"column":0},"end":{"line":3,"column":56}},"3":{"start":{"line":4,"column":0},"end":{"line":4,"column":56}},"4":{"start":{"line":5,"column":0},"end":{"line":5,"column":59}},"5":{"start":{"line":7,"column":0},"end":{"line":7,"column":66}},"6":{"start":{"line":10,"column":7},"end":{"line":55,"column":null}},"7":{"start":{"line":11,"column":33},"end":{"line":11,"column":48}},"8":{"start":{"line":15,"column":8},"end":{"line":15,"column":57}},"9":{"start":{"line":21,"column":6},"end":{"line":23,"column":8}},"10":{"start":{"line":28,"column":6},"end":{"line":28,"column":66}},"11":{"start":{"line":33,"column":4},"end":{"line":33,"column":null}},"12":{"start":{"line":38,"column":3},"end":{"line":38,"column":39}},"13":{"start":{"line":43,"column":3},"end":{"line":43,"column":41}},"14":{"start":{"line":48,"column":3},"end":{"line":48,"column":56}},"15":{"start":{"line":53,"column":3},"end":{"line":53,"column":40}},"16":{"start":{"line":10,"column":13},"end":{"line":10,"column":29}},"17":{"start":{"line":14,"column":4},"end":{"line":16,"column":null}},"18":{"start":{"line":20,"column":2},"end":{"line":24,"column":null}},"19":{"start":{"line":27,"column":4},"end":{"line":29,"column":null}},"20":{"start":{"line":32,"column":2},"end":{"line":34,"column":null}},"21":{"start":{"line":37,"column":2},"end":{"line":39,"column":null}},"22":{"start":{"line":42,"column":2},"end":{"line":44,"column":null}},"23":{"start":{"line":47,"column":2},"end":{"line":49,"column":null}},"24":{"start":{"line":52,"column":2},"end":{"line":54,"column":null}},"25":{"start":{"line":10,"column":13},"end":{"line":55,"column":null}}},"fnMap":{"0":{"name":"(anonymous_4)","decl":{"start":{"line":11,"column":4},"end":{"line":11,"column":33}},"loc":{"start":{"line":11,"column":61},"end":{"line":11,"column":65}}},"1":{"name":"(anonymous_5)","decl":{"start":{"line":14,"column":4},"end":{"line":14,"column":10}},"loc":{"start":{"line":14,"column":49},"end":{"line":16,"column":5}}},"2":{"name":"(anonymous_6)","decl":{"start":{"line":20,"column":2},"end":{"line":20,"column":12}},"loc":{"start":{"line":20,"column":54},"end":{"line":24,"column":3}}},"3":{"name":"(anonymous_7)","decl":{"start":{"line":27,"column":4},"end":{"line":27,"column":20}},"loc":{"start":{"line":27,"column":91},"end":{"line":29,"column":5}}},"4":{"name":"(anonymous_8)","decl":{"start":{"line":32,"column":2},"end":{"line":32,"column":18}},"loc":{"start":{"line":32,"column":67},"end":{"line":34,"column":3}}},"5":{"name":"(anonymous_9)","decl":{"start":{"line":37,"column":2},"end":{"line":37,"column":9}},"loc":{"start":{"line":37,"column":9},"end":{"line":39,"column":3}}},"6":{"name":"(anonymous_10)","decl":{"start":{"line":42,"column":2},"end":{"line":42,"column":9}},"loc":{"start":{"line":42,"column":35},"end":{"line":44,"column":3}}},"7":{"name":"(anonymous_11)","decl":{"start":{"line":47,"column":2},"end":{"line":47,"column":8}},"loc":{"start":{"line":47,"column":74},"end":{"line":49,"column":3}}},"8":{"name":"(anonymous_12)","decl":{"start":{"line":52,"column":2},"end":{"line":52,"column":8}},"loc":{"start":{"line":52,"column":34},"end":{"line":54,"column":3}}}},"branchMap":{},"s":{"0":1,"1":1,"2":1,"3":1,"4":1,"5":1,"6":1,"7":7,"8":1,"9":0,"10":1,"11":0,"12":1,"13":1,"14":1,"15":1,"16":1,"17":1,"18":1,"19":1,"20":1,"21":1,"22":1,"23":1,"24":1,"25":1},"f":{"0":7,"1":1,"2":0,"3":1,"4":0,"5":1,"6":1,"7":1,"8":1},"b":{}}
,"/Users/raul/_bootcampf5/proyectos/actos-general/server/src/events/events.module.ts": {"path":"/Users/raul/_bootcampf5/proyectos/actos-general/server/src/events/events.module.ts","statementMap":{"0":{"start":{"line":1,"column":0},"end":{"line":1,"column":40}},"1":{"start":{"line":2,"column":0},"end":{"line":2,"column":49}},"2":{"start":{"line":3,"column":0},"end":{"line":3,"column":55}},"3":{"start":{"line":4,"column":0},"end":{"line":4,"column":50}},"4":{"start":{"line":5,"column":0},"end":{"line":5,"column":60}},"5":{"start":{"line":6,"column":0},"end":{"line":6,"column":56}},"6":{"start":{"line":7,"column":0},"end":{"line":7,"column":53}},"7":{"start":{"line":8,"column":0},"end":{"line":8,"column":41}},"8":{"start":{"line":26,"column":7},"end":{"line":26,"column":null}},"9":{"start":{"line":26,"column":13},"end":{"line":26,"column":25}},"10":{"start":{"line":26,"column":13},"end":{"line":26,"column":null}}},"fnMap":{},"branchMap":{},"s":{"0":0,"1":0,"2":0,"3":0,"4":0,"5":0,"6":0,"7":0,"8":0,"9":0,"10":0},"f":{},"b":{}}
,"/Users/raul/_bootcampf5/proyectos/actos-general/server/src/events/events.service.ts": {"path":"/Users/raul/_bootcampf5/proyectos/actos-general/server/src/events/events.service.ts","statementMap":{"0":{"start":{"line":1,"column":0},"end":{"line":1,"column":71}},"1":{"start":{"line":4,"column":0},"end":{"line":4,"column":47}},"2":{"start":{"line":5,"column":0},"end":{"line":5,"column":50}},"3":{"start":{"line":6,"column":0},"end":{"line":6,"column":56}},"4":{"start":{"line":11,"column":7},"end":{"line":71,"column":null}},"5":{"start":{"line":13,"column":37},"end":{"line":13,"column":49}},"6":{"start":{"line":18,"column":4},"end":{"line":28,"column":null}},"7":{"start":{"line":19,"column":23},"end":{"line":19,"column":67}},"8":{"start":{"line":20,"column":6},"end":{"line":20,"column":98}},"9":{"start":{"line":20,"column":20},"end":{"line":20,"column":98}},"10":{"start":{"line":22,"column":22},"end":{"line":22,"column":77}},"11":{"start":{"line":23,"column":27},"end":{"line":23,"column":125}},"12":{"start":{"line":25,"column":6},"end":{"line":25,"column":26}},"13":{"start":{"line":27,"column":6},"end":{"line":27,"column":69}},"14":{"start":{"line":32,"column":4},"end":{"line":32,"column":40}},"15":{"start":{"line":36,"column":4},"end":{"line":36,"column":46}},"16":{"start":{"line":40,"column":4},"end":{"line":40,"column":84}},"17":{"start":{"line":44,"column":4},"end":{"line":44,"column":55}},"18":{"start":{"line":48,"column":4},"end":{"line":56,"column":null}},"19":{"start":{"line":49,"column":27},"end":{"line":49,"column":120}},"20":{"start":{"line":50,"column":6},"end":{"line":50,"column":65}},"21":{"start":{"line":53,"column":6},"end":{"line":53,"column":64}},"22":{"start":{"line":55,"column":6},"end":{"line":55,"column":90}},"23":{"start":{"line":60,"column":4},"end":{"line":69,"column":null}},"24":{"start":{"line":61,"column":25},"end":{"line":63,"column":null}},"25":{"start":{"line":64,"column":35},"end":{"line":64,"column":134}},"26":{"start":{"line":66,"column":6},"end":{"line":66,"column":null}},"27":{"start":{"line":68,"column":6},"end":{"line":68,"column":null}},"28":{"start":{"line":11,"column":13},"end":{"line":11,"column":26}},"29":{"start":{"line":11,"column":13},"end":{"line":71,"column":null}}},"fnMap":{"0":{"name":"(anonymous_4)","decl":{"start":{"line":12,"column":2},"end":{"line":12,"column":null}},"loc":{"start":{"line":13,"column":61},"end":{"line":14,"column":6}}},"1":{"name":"(anonymous_5)","decl":{"start":{"line":17,"column":2},"end":{"line":17,"column":7}},"loc":{"start":{"line":17,"column":45},"end":{"line":29,"column":3}}},"2":{"name":"(anonymous_6)","decl":{"start":{"line":31,"column":2},"end":{"line":31,"column":7}},"loc":{"start":{"line":31,"column":15},"end":{"line":33,"column":3}}},"3":{"name":"(anonymous_7)","decl":{"start":{"line":35,"column":2},"end":{"line":35,"column":7}},"loc":{"start":{"line":35,"column":28},"end":{"line":37,"column":3}}},"4":{"name":"(anonymous_8)","decl":{"start":{"line":39,"column":2},"end":{"line":39,"column":7}},"loc":{"start":{"line":39,"column":59},"end":{"line":41,"column":3}}},"5":{"name":"(anonymous_9)","decl":{"start":{"line":43,"column":2},"end":{"line":43,"column":7}},"loc":{"start":{"line":43,"column":27},"end":{"line":45,"column":3}}},"6":{"name":"(anonymous_10)","decl":{"start":{"line":47,"column":2},"end":{"line":47,"column":7}},"loc":{"start":{"line":47,"column":60},"end":{"line":57,"column":3}}},"7":{"name":"(anonymous_11)","decl":{"start":{"line":59,"column":2},"end":{"line":59,"column":7}},"loc":{"start":{"line":59,"column":65},"end":{"line":70,"column":3}}}},"branchMap":{"0":{"loc":{"start":{"line":20,"column":6},"end":{"line":20,"column":98}},"type":"if","locations":[{"start":{"line":20,"column":6},"end":{"line":20,"column":98}}]}},"s":{"0":2,"1":2,"2":2,"3":2,"4":2,"5":0,"6":0,"7":0,"8":0,"9":0,"10":0,"11":0,"12":0,"13":0,"14":0,"15":0,"16":0,"17":0,"18":0,"19":0,"20":0,"21":0,"22":0,"23":0,"24":0,"25":0,"26":0,"27":0,"28":2,"29":2},"f":{"0":0,"1":0,"2":0,"3":0,"4":0,"5":0,"6":0,"7":0},"b":{"0":[0]}}
,"/Users/raul/_bootcampf5/proyectos/actos-general/server/src/events/dto/create-event.dto.ts": {"path":"/Users/raul/_bootcampf5/proyectos/actos-general/server/src/events/dto/create-event.dto.ts","statementMap":{"0":{"start":{"line":1,"column":0},"end":{"line":1,"column":63}},"1":{"start":{"line":4,"column":0},"end":{"line":4,"column":13}},"2":{"start":{"line":7,"column":4},"end":{"line":7,"column":null}},"3":{"start":{"line":11,"column":4},"end":{"line":11,"column":null}},"4":{"start":{"line":14,"column":4},"end":{"line":14,"column":null}}},"fnMap":{},"branchMap":{},"s":{"0":1,"1":1,"2":1,"3":1,"4":1},"f":{},"b":{}}
,"/Users/raul/_bootcampf5/proyectos/actos-general/server/src/events/dto/event-inscription.dto.ts": {"path":"/Users/raul/_bootcampf5/proyectos/actos-general/server/src/events/dto/event-inscription.dto.ts","statementMap":{"0":{"start":{"line":3,"column":0},"end":{"line":3,"column":13}}},"fnMap":{},"branchMap":{},"s":{"0":1},"f":{},"b":{}}
,"/Users/raul/_bootcampf5/proyectos/actos-general/server/src/events/dto/update-event.dto.ts": {"path":"/Users/raul/_bootcampf5/proyectos/actos-general/server/src/events/dto/update-event.dto.ts","statementMap":{"0":{"start":{"line":1,"column":0},"end":{"line":1,"column":45}},"1":{"start":{"line":4,"column":0},"end":{"line":4,"column":13}},"2":{"start":{"line":6,"column":4},"end":{"line":6,"column":null}}},"fnMap":{},"branchMap":{},"s":{"0":1,"1":1,"2":1},"f":{},"b":{}}
,"/Users/raul/_bootcampf5/proyectos/actos-general/server/src/events/schemas/event.schema.ts": {"path":"/Users/raul/_bootcampf5/proyectos/actos-general/server/src/events/schemas/event.schema.ts","statementMap":{"0":{"start":{"line":1,"column":0},"end":{"line":1,"column":63}},"1":{"start":{"line":2,"column":0},"end":{"line":2,"column":64}},"2":{"start":{"line":3,"column":0},"end":{"line":3,"column":55}},"3":{"start":{"line":8,"column":7},"end":{"line":113,"column":null}},"4":{"start":{"line":8,"column":13},"end":{"line":8,"column":18}},"5":{"start":{"line":10,"column":6},"end":{"line":10,"column":null}},"6":{"start":{"line":13,"column":6},"end":{"line":13,"column":null}},"7":{"start":{"line":16,"column":6},"end":{"line":16,"column":null}},"8":{"start":{"line":19,"column":6},"end":{"line":19,"column":null}},"9":{"start":{"line":22,"column":6},"end":{"line":22,"column":null}},"10":{"start":{"line":25,"column":6},"end":{"line":25,"column":null}},"11":{"start":{"line":28,"column":6},"end":{"line":28,"column":null}},"12":{"start":{"line":31,"column":6},"end":{"line":31,"column":null}},"13":{"start":{"line":34,"column":6},"end":{"line":34,"column":null}},"14":{"start":{"line":37,"column":6},"end":{"line":37,"column":null}},"15":{"start":{"line":40,"column":6},"end":{"line":40,"column":null}},"16":{"start":{"line":43,"column":6},"end":{"line":43,"column":null}},"17":{"start":{"line":46,"column":6},"end":{"line":46,"column":null}},"18":{"start":{"line":49,"column":6},"end":{"line":49,"column":null}},"19":{"start":{"line":52,"column":6},"end":{"line":52,"column":null}},"20":{"start":{"line":55,"column":6},"end":{"line":55,"column":null}},"21":{"start":{"line":58,"column":6},"end":{"line":58,"column":null}},"22":{"start":{"line":61,"column":6},"end":{"line":61,"column":null}},"23":{"start":{"line":64,"column":6},"end":{"line":64,"column":null}},"24":{"start":{"line":67,"column":6},"end":{"line":67,"column":null}},"25":{"start":{"line":70,"column":6},"end":{"line":70,"column":null}},"26":{"start":{"line":73,"column":6},"end":{"line":73,"column":null}},"27":{"start":{"line":76,"column":6},"end":{"line":76,"column":null}},"28":{"start":{"line":79,"column":6},"end":{"line":79,"column":null}},"29":{"start":{"line":82,"column":6},"end":{"line":82,"column":null}},"30":{"start":{"line":85,"column":6},"end":{"line":85,"column":null}},"31":{"start":{"line":88,"column":6},"end":{"line":88,"column":null}},"32":{"start":{"line":91,"column":6},"end":{"line":91,"column":null}},"33":{"start":{"line":94,"column":6},"end":{"line":94,"column":null}},"34":{"start":{"line":97,"column":6},"end":{"line":97,"column":null}},"35":{"start":{"line":100,"column":8},"end":{"line":100,"column":null}},"36":{"start":{"line":103,"column":6},"end":{"line":103,"column":null}},"37":{"start":{"line":106,"column":8},"end":{"line":106,"column":null}},"38":{"start":{"line":109,"column":8},"end":{"line":109,"column":null}},"39":{"start":{"line":112,"column":8},"end":{"line":112,"column":null}},"40":{"start":{"line":8,"column":13},"end":{"line":113,"column":null}},"41":{"start":{"line":115,"column":13},"end":{"line":115,"column":63}}},"fnMap":{},"branchMap":{},"s":{"0":1,"1":1,"2":1,"3":1,"4":1,"5":1,"6":1,"7":1,"8":1,"9":1,"10":1,"11":1,"12":1,"13":1,"14":1,"15":1,"16":1,"17":1,"18":1,"19":1,"20":1,"21":1,"22":1,"23":1,"24":1,"25":1,"26":1,"27":1,"28":1,"29":1,"30":1,"31":1,"32":1,"33":1,"34":1,"35":1,"36":1,"37":1,"38":1,"39":1,"40":1,"41":1},"f":{},"b":{}}
,"/Users/raul/_bootcampf5/proyectos/actos-general/server/src/misc/misc.controller.ts": {"path":"/Users/raul/_bootcampf5/proyectos/actos-general/server/src/misc/misc.controller.ts","statementMap":{"0":{"start":{"line":1,"column":0},"end":{"line":1,"column":83}},"1":{"start":{"line":2,"column":0},"end":{"line":2,"column":45}},"2":{"start":{"line":3,"column":0},"end":{"line":3,"column":62}},"3":{"start":{"line":4,"column":0},"end":{"line":4,"column":68}},"4":{"start":{"line":5,"column":0},"end":{"line":5,"column":62}},"5":{"start":{"line":6,"column":0},"end":{"line":6,"column":62}},"6":{"start":{"line":7,"column":0},"end":{"line":7,"column":54}},"7":{"start":{"line":8,"column":0},"end":{"line":8,"column":54}},"8":{"start":{"line":9,"column":0},"end":{"line":9,"column":62}},"9":{"start":{"line":10,"column":0},"end":{"line":10,"column":66}},"10":{"start":{"line":14,"column":7},"end":{"line":171,"column":null}},"11":{"start":{"line":15,"column":31},"end":{"line":15,"column":44}},"12":{"start":{"line":23,"column":4},"end":{"line":23,"column":62}},"13":{"start":{"line":28,"column":4},"end":{"line":28,"column":68}},"14":{"start":{"line":33,"column":4},"end":{"line":33,"column":62}},"15":{"start":{"line":38,"column":4},"end":{"line":38,"column":54}},"16":{"start":{"line":43,"column":4},"end":{"line":43,"column":54}},"17":{"start":{"line":48,"column":4},"end":{"line":48,"column":62}},"18":{"start":{"line":53,"column":4},"end":{"line":53,"column":62}},"19":{"start":{"line":58,"column":4},"end":{"line":58,"column":66}},"20":{"start":{"line":71,"column":4},"end":{"line":71,"column":66}},"21":{"start":{"line":76,"column":4},"end":{"line":76,"column":72}},"22":{"start":{"line":81,"column":4},"end":{"line":81,"column":66}},"23":{"start":{"line":86,"column":4},"end":{"line":86,"column":58}},"24":{"start":{"line":91,"column":4},"end":{"line":91,"column":58}},"25":{"start":{"line":96,"column":4},"end":{"line":96,"column":66}},"26":{"start":{"line":101,"column":4},"end":{"line":101,"column":66}},"27":{"start":{"line":106,"column":4},"end":{"line":106,"column":70}},"28":{"start":{"line":119,"column":6},"end":{"line":119,"column":55}},"29":{"start":{"line":124,"column":6},"end":{"line":124,"column":50}},"30":{"start":{"line":130,"column":6},"end":{"line":130,"column":49}},"31":{"start":{"line":135,"column":6},"end":{"line":135,"column":45}},"32":{"start":{"line":140,"column":6},"end":{"line":140,"column":45}},"33":{"start":{"line":145,"column":6},"end":{"line":145,"column":49}},"34":{"start":{"line":150,"column":6},"end":{"line":150,"column":50}},"35":{"start":{"line":155,"column":6},"end":{"line":155,"column":52}},"36":{"start":{"line":164,"column":4},"end":{"line":164,"column":55}},"37":{"start":{"line":169,"column":4},"end":{"line":169,"column":40}},"38":{"start":{"line":14,"column":13},"end":{"line":14,"column":27}},"39":{"start":{"line":22,"column":2},"end":{"line":24,"column":null}},"40":{"start":{"line":27,"column":2},"end":{"line":29,"column":null}},"41":{"start":{"line":32,"column":2},"end":{"line":34,"column":null}},"42":{"start":{"line":37,"column":2},"end":{"line":39,"column":null}},"43":{"start":{"line":42,"column":2},"end":{"line":44,"column":null}},"44":{"start":{"line":47,"column":2},"end":{"line":49,"column":null}},"45":{"start":{"line":52,"column":2},"end":{"line":54,"column":null}},"46":{"start":{"line":57,"column":2},"end":{"line":59,"column":null}},"47":{"start":{"line":70,"column":2},"end":{"line":72,"column":null}},"48":{"start":{"line":75,"column":2},"end":{"line":77,"column":null}},"49":{"start":{"line":80,"column":2},"end":{"line":82,"column":null}},"50":{"start":{"line":85,"column":2},"end":{"line":87,"column":null}},"51":{"start":{"line":90,"column":2},"end":{"line":92,"column":null}},"52":{"start":{"line":95,"column":2},"end":{"line":97,"column":null}},"53":{"start":{"line":100,"column":2},"end":{"line":102,"column":null}},"54":{"start":{"line":105,"column":2},"end":{"line":107,"column":null}},"55":{"start":{"line":118,"column":4},"end":{"line":120,"column":null}},"56":{"start":{"line":123,"column":4},"end":{"line":125,"column":null}},"57":{"start":{"line":129,"column":4},"end":{"line":131,"column":null}},"58":{"start":{"line":134,"column":4},"end":{"line":136,"column":null}},"59":{"start":{"line":139,"column":4},"end":{"line":141,"column":null}},"60":{"start":{"line":144,"column":4},"end":{"line":146,"column":null}},"61":{"start":{"line":149,"column":4},"end":{"line":151,"column":null}},"62":{"start":{"line":154,"column":4},"end":{"line":156,"column":null}},"63":{"start":{"line":163,"column":2},"end":{"line":165,"column":null}},"64":{"start":{"line":168,"column":2},"end":{"line":170,"column":null}},"65":{"start":{"line":14,"column":13},"end":{"line":171,"column":null}}},"fnMap":{"0":{"name":"(anonymous_4)","decl":{"start":{"line":15,"column":2},"end":{"line":15,"column":31}},"loc":{"start":{"line":15,"column":55},"end":{"line":15,"column":59}}},"1":{"name":"(anonymous_5)","decl":{"start":{"line":22,"column":2},"end":{"line":22,"column":16}},"loc":{"start":{"line":22,"column":61},"end":{"line":24,"column":3}}},"2":{"name":"(anonymous_6)","decl":{"start":{"line":27,"column":2},"end":{"line":27,"column":19}},"loc":{"start":{"line":27,"column":70},"end":{"line":29,"column":3}}},"3":{"name":"(anonymous_7)","decl":{"start":{"line":32,"column":2},"end":{"line":32,"column":16}},"loc":{"start":{"line":32,"column":61},"end":{"line":34,"column":3}}},"4":{"name":"(anonymous_8)","decl":{"start":{"line":37,"column":2},"end":{"line":37,"column":12}},"loc":{"start":{"line":37,"column":49},"end":{"line":39,"column":3}}},"5":{"name":"(anonymous_9)","decl":{"start":{"line":42,"column":2},"end":{"line":42,"column":12}},"loc":{"start":{"line":42,"column":49},"end":{"line":44,"column":3}}},"6":{"name":"(anonymous_10)","decl":{"start":{"line":47,"column":2},"end":{"line":47,"column":16}},"loc":{"start":{"line":47,"column":61},"end":{"line":49,"column":3}}},"7":{"name":"(anonymous_11)","decl":{"start":{"line":52,"column":2},"end":{"line":52,"column":16}},"loc":{"start":{"line":52,"column":61},"end":{"line":54,"column":3}}},"8":{"name":"(anonymous_12)","decl":{"start":{"line":57,"column":2},"end":{"line":57,"column":18}},"loc":{"start":{"line":57,"column":67},"end":{"line":59,"column":3}}},"9":{"name":"(anonymous_13)","decl":{"start":{"line":70,"column":2},"end":{"line":70,"column":20}},"loc":{"start":{"line":70,"column":67},"end":{"line":72,"column":3}}},"10":{"name":"(anonymous_14)","decl":{"start":{"line":75,"column":2},"end":{"line":75,"column":23}},"loc":{"start":{"line":75,"column":76},"end":{"line":77,"column":3}}},"11":{"name":"(anonymous_15)","decl":{"start":{"line":80,"column":2},"end":{"line":80,"column":20}},"loc":{"start":{"line":80,"column":67},"end":{"line":82,"column":3}}},"12":{"name":"(anonymous_16)","decl":{"start":{"line":85,"column":2},"end":{"line":85,"column":16}},"loc":{"start":{"line":85,"column":55},"end":{"line":87,"column":3}}},"13":{"name":"(anonymous_17)","decl":{"start":{"line":90,"column":2},"end":{"line":90,"column":16}},"loc":{"start":{"line":90,"column":55},"end":{"line":92,"column":3}}},"14":{"name":"(anonymous_18)","decl":{"start":{"line":95,"column":2},"end":{"line":95,"column":20}},"loc":{"start":{"line":95,"column":67},"end":{"line":97,"column":3}}},"15":{"name":"(anonymous_19)","decl":{"start":{"line":100,"column":2},"end":{"line":100,"column":20}},"loc":{"start":{"line":100,"column":67},"end":{"line":102,"column":3}}},"16":{"name":"(anonymous_20)","decl":{"start":{"line":105,"column":2},"end":{"line":105,"column":22}},"loc":{"start":{"line":105,"column":73},"end":{"line":107,"column":3}}},"17":{"name":"(anonymous_21)","decl":{"start":{"line":118,"column":4},"end":{"line":118,"column":24}},"loc":{"start":{"line":118,"column":50},"end":{"line":120,"column":5}}},"18":{"name":"(anonymous_22)","decl":{"start":{"line":123,"column":4},"end":{"line":123,"column":21}},"loc":{"start":{"line":123,"column":21},"end":{"line":125,"column":5}}},"19":{"name":"(anonymous_23)","decl":{"start":{"line":129,"column":4},"end":{"line":129,"column":20}},"loc":{"start":{"line":129,"column":20},"end":{"line":131,"column":5}}},"20":{"name":"(anonymous_24)","decl":{"start":{"line":134,"column":4},"end":{"line":134,"column":16}},"loc":{"start":{"line":134,"column":16},"end":{"line":136,"column":5}}},"21":{"name":"(anonymous_25)","decl":{"start":{"line":139,"column":4},"end":{"line":139,"column":16}},"loc":{"start":{"line":139,"column":16},"end":{"line":141,"column":5}}},"22":{"name":"(anonymous_26)","decl":{"start":{"line":144,"column":4},"end":{"line":144,"column":20}},"loc":{"start":{"line":144,"column":20},"end":{"line":146,"column":5}}},"23":{"name":"(anonymous_27)","decl":{"start":{"line":149,"column":4},"end":{"line":149,"column":21}},"loc":{"start":{"line":149,"column":21},"end":{"line":151,"column":5}}},"24":{"name":"(anonymous_28)","decl":{"start":{"line":154,"column":4},"end":{"line":154,"column":23}},"loc":{"start":{"line":154,"column":23},"end":{"line":156,"column":5}}},"25":{"name":"(anonymous_29)","decl":{"start":{"line":163,"column":2},"end":{"line":163,"column":8}},"loc":{"start":{"line":163,"column":63},"end":{"line":165,"column":3}}},"26":{"name":"(anonymous_30)","decl":{"start":{"line":168,"column":2},"end":{"line":168,"column":8}},"loc":{"start":{"line":168,"column":32},"end":{"line":170,"column":3}}}},"branchMap":{},"s":{"0":1,"1":1,"2":1,"3":1,"4":1,"5":1,"6":1,"7":1,"8":1,"9":1,"10":1,"11":11,"12":1,"13":0,"14":1,"15":1,"16":1,"17":1,"18":0,"19":0,"20":0,"21":0,"22":0,"23":0,"24":0,"25":0,"26":0,"27":0,"28":0,"29":1,"30":1,"31":1,"32":1,"33":1,"34":0,"35":0,"36":0,"37":0,"38":1,"39":1,"40":1,"41":1,"42":1,"43":1,"44":1,"45":1,"46":1,"47":1,"48":1,"49":1,"50":1,"51":1,"52":1,"53":1,"54":1,"55":1,"56":1,"57":1,"58":1,"59":1,"60":1,"61":1,"62":1,"63":1,"64":1,"65":1},"f":{"0":11,"1":1,"2":0,"3":1,"4":1,"5":1,"6":1,"7":0,"8":0,"9":0,"10":0,"11":0,"12":0,"13":0,"14":0,"15":0,"16":0,"17":0,"18":1,"19":1,"20":1,"21":1,"22":1,"23":0,"24":0,"25":0,"26":0},"b":{}}
,"/Users/raul/_bootcampf5/proyectos/actos-general/server/src/misc/misc.module.ts": {"path":"/Users/raul/_bootcampf5/proyectos/actos-general/server/src/misc/misc.module.ts","statementMap":{"0":{"start":{"line":1,"column":0},"end":{"line":1,"column":40}},"1":{"start":{"line":2,"column":0},"end":{"line":2,"column":45}},"2":{"start":{"line":3,"column":0},"end":{"line":3,"column":51}},"3":{"start":{"line":5,"column":0},"end":{"line":5,"column":50}},"4":{"start":{"line":6,"column":0},"end":{"line":6,"column":69}},"5":{"start":{"line":7,"column":0},"end":{"line":7,"column":78}},"6":{"start":{"line":8,"column":0},"end":{"line":8,"column":57}},"7":{"start":{"line":9,"column":0},"end":{"line":9,"column":69}},"8":{"start":{"line":10,"column":0},"end":{"line":10,"column":57}},"9":{"start":{"line":11,"column":0},"end":{"line":11,"column":69}},"10":{"start":{"line":12,"column":0},"end":{"line":12,"column":75}},"11":{"start":{"line":13,"column":0},"end":{"line":13,"column":69}},"12":{"start":{"line":57,"column":7},"end":{"line":57,"column":null}},"13":{"start":{"line":57,"column":13},"end":{"line":57,"column":23}},"14":{"start":{"line":57,"column":13},"end":{"line":57,"column":null}}},"fnMap":{},"branchMap":{},"s":{"0":0,"1":0,"2":0,"3":0,"4":0,"5":0,"6":0,"7":0,"8":0,"9":0,"10":0,"11":0,"12":0,"13":0,"14":0},"f":{},"b":{}}
,"/Users/raul/_bootcampf5/proyectos/actos-general/server/src/misc/misc.service.ts": {"path":"/Users/raul/_bootcampf5/proyectos/actos-general/server/src/misc/misc.service.ts","statementMap":{"0":{"start":{"line":1,"column":0},"end":{"line":1,"column":44}},"1":{"start":{"line":4,"column":0},"end":{"line":4,"column":47}},"2":{"start":{"line":5,"column":0},"end":{"line":5,"column":53}},"3":{"start":{"line":6,"column":0},"end":{"line":6,"column":59}},"4":{"start":{"line":7,"column":0},"end":{"line":7,"column":53}},"5":{"start":{"line":8,"column":0},"end":{"line":8,"column":45}},"6":{"start":{"line":9,"column":0},"end":{"line":9,"column":45}},"7":{"start":{"line":10,"column":0},"end":{"line":10,"column":53}},"8":{"start":{"line":11,"column":0},"end":{"line":11,"column":57}},"9":{"start":{"line":12,"column":0},"end":{"line":12,"column":53}},"10":{"start":{"line":21,"column":0},"end":{"line":21,"column":43}},"11":{"start":{"line":24,"column":7},"end":{"line":172,"column":null}},"12":{"start":{"line":26,"column":40},"end":{"line":26,"column":55}},"13":{"start":{"line":27,"column":43},"end":{"line":27,"column":61}},"14":{"start":{"line":28,"column":40},"end":{"line":28,"column":55}},"15":{"start":{"line":29,"column":36},"end":{"line":29,"column":47}},"16":{"start":{"line":30,"column":36},"end":{"line":30,"column":47}},"17":{"start":{"line":31,"column":40},"end":{"line":31,"column":55}},"18":{"start":{"line":32,"column":42},"end":{"line":32,"column":59}},"19":{"start":{"line":33,"column":40},"end":{"line":33,"column":55}},"20":{"start":{"line":41,"column":3},"end":{"line":41,"column":55}},"21":{"start":{"line":45,"column":3},"end":{"line":45,"column":61}},"22":{"start":{"line":49,"column":3},"end":{"line":49,"column":55}},"23":{"start":{"line":53,"column":3},"end":{"line":53,"column":47}},"24":{"start":{"line":57,"column":3},"end":{"line":57,"column":47}},"25":{"start":{"line":61,"column":3},"end":{"line":61,"column":55}},"26":{"start":{"line":65,"column":3},"end":{"line":65,"column":55}},"27":{"start":{"line":69,"column":3},"end":{"line":69,"column":59}},"28":{"start":{"line":81,"column":3},"end":{"line":81,"column":55}},"29":{"start":{"line":85,"column":3},"end":{"line":85,"column":61}},"30":{"start":{"line":89,"column":3},"end":{"line":89,"column":55}},"31":{"start":{"line":93,"column":3},"end":{"line":93,"column":47}},"32":{"start":{"line":97,"column":3},"end":{"line":97,"column":47}},"33":{"start":{"line":101,"column":3},"end":{"line":101,"column":55}},"34":{"start":{"line":105,"column":3},"end":{"line":105,"column":55}},"35":{"start":{"line":109,"column":3},"end":{"line":109,"column":59}},"36":{"start":{"line":121,"column":5},"end":{"line":121,"column":38}},"37":{"start":{"line":125,"column":4},"end":{"line":129,"column":null}},"38":{"start":{"line":126,"column":6},"end":{"line":126,"column":83}},"39":{"start":{"line":128,"column":6},"end":{"line":128,"column":25}},"40":{"start":{"line":134,"column":5},"end":{"line":134,"column":38}},"41":{"start":{"line":138,"column":5},"end":{"line":138,"column":34}},"42":{"start":{"line":142,"column":5},"end":{"line":142,"column":34}},"43":{"start":{"line":146,"column":5},"end":{"line":146,"column":38}},"44":{"start":{"line":150,"column":5},"end":{"line":150,"column":38}},"45":{"start":{"line":154,"column":5},"end":{"line":154,"column":40}},"46":{"start":{"line":162,"column":4},"end":{"line":162,"column":58}},"47":{"start":{"line":166,"column":4},"end":{"line":166,"column":47}},"48":{"start":{"line":170,"column":4},"end":{"line":170,"column":47}},"49":{"start":{"line":24,"column":13},"end":{"line":24,"column":24}},"50":{"start":{"line":24,"column":13},"end":{"line":172,"column":null}}},"fnMap":{"0":{"name":"(anonymous_4)","decl":{"start":{"line":25,"column":2},"end":{"line":25,"column":null}},"loc":{"start":{"line":33,"column":70},"end":{"line":34,"column":6}}},"1":{"name":"(anonymous_5)","decl":{"start":{"line":40,"column":1},"end":{"line":40,"column":15}},"loc":{"start":{"line":40,"column":52},"end":{"line":42,"column":2}}},"2":{"name":"(anonymous_6)","decl":{"start":{"line":44,"column":1},"end":{"line":44,"column":18}},"loc":{"start":{"line":44,"column":61},"end":{"line":46,"column":2}}},"3":{"name":"(anonymous_7)","decl":{"start":{"line":48,"column":1},"end":{"line":48,"column":15}},"loc":{"start":{"line":48,"column":53},"end":{"line":50,"column":2}}},"4":{"name":"(anonymous_8)","decl":{"start":{"line":52,"column":1},"end":{"line":52,"column":11}},"loc":{"start":{"line":52,"column":41},"end":{"line":54,"column":2}}},"5":{"name":"(anonymous_9)","decl":{"start":{"line":56,"column":1},"end":{"line":56,"column":11}},"loc":{"start":{"line":56,"column":41},"end":{"line":58,"column":2}}},"6":{"name":"(anonymous_10)","decl":{"start":{"line":60,"column":1},"end":{"line":60,"column":15}},"loc":{"start":{"line":60,"column":53},"end":{"line":62,"column":2}}},"7":{"name":"(anonymous_11)","decl":{"start":{"line":64,"column":1},"end":{"line":64,"column":15}},"loc":{"start":{"line":64,"column":53},"end":{"line":66,"column":2}}},"8":{"name":"(anonymous_12)","decl":{"start":{"line":68,"column":1},"end":{"line":68,"column":17}},"loc":{"start":{"line":68,"column":59},"end":{"line":70,"column":2}}},"9":{"name":"(anonymous_13)","decl":{"start":{"line":80,"column":1},"end":{"line":80,"column":19}},"loc":{"start":{"line":80,"column":59},"end":{"line":82,"column":2}}},"10":{"name":"(anonymous_14)","decl":{"start":{"line":84,"column":1},"end":{"line":84,"column":22}},"loc":{"start":{"line":84,"column":68},"end":{"line":86,"column":2}}},"11":{"name":"(anonymous_15)","decl":{"start":{"line":88,"column":1},"end":{"line":88,"column":19}},"loc":{"start":{"line":88,"column":59},"end":{"line":90,"column":2}}},"12":{"name":"(anonymous_16)","decl":{"start":{"line":92,"column":1},"end":{"line":92,"column":15}},"loc":{"start":{"line":92,"column":47},"end":{"line":94,"column":2}}},"13":{"name":"(anonymous_17)","decl":{"start":{"line":96,"column":1},"end":{"line":96,"column":15}},"loc":{"start":{"line":96,"column":47},"end":{"line":98,"column":2}}},"14":{"name":"(anonymous_18)","decl":{"start":{"line":100,"column":1},"end":{"line":100,"column":19}},"loc":{"start":{"line":100,"column":59},"end":{"line":102,"column":2}}},"15":{"name":"(anonymous_19)","decl":{"start":{"line":104,"column":1},"end":{"line":104,"column":19}},"loc":{"start":{"line":104,"column":59},"end":{"line":106,"column":2}}},"16":{"name":"(anonymous_20)","decl":{"start":{"line":108,"column":1},"end":{"line":108,"column":21}},"loc":{"start":{"line":108,"column":64},"end":{"line":110,"column":2}}},"17":{"name":"(anonymous_21)","decl":{"start":{"line":120,"column":3},"end":{"line":120,"column":20}},"loc":{"start":{"line":120,"column":20},"end":{"line":122,"column":4}}},"18":{"name":"(anonymous_22)","decl":{"start":{"line":124,"column":3},"end":{"line":124,"column":23}},"loc":{"start":{"line":124,"column":36},"end":{"line":131,"column":4}}},"19":{"name":"(anonymous_23)","decl":{"start":{"line":133,"column":3},"end":{"line":133,"column":19}},"loc":{"start":{"line":133,"column":19},"end":{"line":135,"column":4}}},"20":{"name":"(anonymous_24)","decl":{"start":{"line":137,"column":3},"end":{"line":137,"column":15}},"loc":{"start":{"line":137,"column":15},"end":{"line":139,"column":4}}},"21":{"name":"(anonymous_25)","decl":{"start":{"line":141,"column":3},"end":{"line":141,"column":15}},"loc":{"start":{"line":141,"column":15},"end":{"line":143,"column":4}}},"22":{"name":"(anonymous_26)","decl":{"start":{"line":145,"column":3},"end":{"line":145,"column":19}},"loc":{"start":{"line":145,"column":19},"end":{"line":147,"column":4}}},"23":{"name":"(anonymous_27)","decl":{"start":{"line":149,"column":3},"end":{"line":149,"column":20}},"loc":{"start":{"line":149,"column":20},"end":{"line":151,"column":4}}},"24":{"name":"(anonymous_28)","decl":{"start":{"line":153,"column":3},"end":{"line":153,"column":22}},"loc":{"start":{"line":153,"column":22},"end":{"line":155,"column":4}}},"25":{"name":"(anonymous_29)","decl":{"start":{"line":161,"column":2},"end":{"line":161,"column":9}},"loc":{"start":{"line":161,"column":20},"end":{"line":163,"column":3}}},"26":{"name":"(anonymous_30)","decl":{"start":{"line":165,"column":2},"end":{"line":165,"column":8}},"loc":{"start":{"line":165,"column":49},"end":{"line":167,"column":3}}},"27":{"name":"(anonymous_31)","decl":{"start":{"line":169,"column":2},"end":{"line":169,"column":8}},"loc":{"start":{"line":169,"column":19},"end":{"line":171,"column":3}}}},"branchMap":{},"s":{"0":2,"1":2,"2":2,"3":2,"4":2,"5":2,"6":2,"7":2,"8":2,"9":2,"10":2,"11":2,"12":0,"13":0,"14":0,"15":0,"16":0,"17":0,"18":0,"19":0,"20":0,"21":0,"22":0,"23":0,"24":0,"25":0,"26":0,"27":0,"28":0,"29":0,"30":0,"31":0,"32":0,"33":0,"34":0,"35":0,"36":0,"37":0,"38":0,"39":0,"40":0,"41":0,"42":0,"43":0,"44":0,"45":0,"46":0,"47":0,"48":0,"49":2,"50":2},"f":{"0":0,"1":0,"2":0,"3":0,"4":0,"5":0,"6":0,"7":0,"8":0,"9":0,"10":0,"11":0,"12":0,"13":0,"14":0,"15":0,"16":0,"17":0,"18":0,"19":0,"20":0,"21":0,"22":0,"23":0,"24":0,"25":0,"26":0,"27":0},"b":{}}
,"/Users/raul/_bootcampf5/proyectos/actos-general/server/src/misc/dto/create-capacity.dto.ts": {"path":"/Users/raul/_bootcampf5/proyectos/actos-general/server/src/misc/dto/create-capacity.dto.ts","statementMap":{"0":{"start":{"line":1,"column":0},"end":{"line":1,"column":63}},"1":{"start":{"line":4,"column":0},"end":{"line":4,"column":13}},"2":{"start":{"line":7,"column":4},"end":{"line":7,"column":null}},"3":{"start":{"line":10,"column":4},"end":{"line":10,"column":null}}},"fnMap":{},"branchMap":{},"s":{"0":1,"1":1,"2":1,"3":1},"f":{},"b":{}}
,"/Users/raul/_bootcampf5/proyectos/actos-general/server/src/misc/dto/create-category.dto.ts": {"path":"/Users/raul/_bootcampf5/proyectos/actos-general/server/src/misc/dto/create-category.dto.ts","statementMap":{"0":{"start":{"line":1,"column":0},"end":{"line":1,"column":72}},"1":{"start":{"line":4,"column":0},"end":{"line":4,"column":13}},"2":{"start":{"line":7,"column":4},"end":{"line":7,"column":null}},"3":{"start":{"line":11,"column":4},"end":{"line":11,"column":null}},"4":{"start":{"line":14,"column":4},"end":{"line":14,"column":null}}},"fnMap":{},"branchMap":{},"s":{"0":1,"1":1,"2":1,"3":1,"4":1},"f":{},"b":{}}
,"/Users/raul/_bootcampf5/proyectos/actos-general/server/src/misc/dto/create-language.dto.ts": {"path":"/Users/raul/_bootcampf5/proyectos/actos-general/server/src/misc/dto/create-language.dto.ts","statementMap":{"0":{"start":{"line":1,"column":0},"end":{"line":1,"column":63}},"1":{"start":{"line":4,"column":0},"end":{"line":4,"column":13}},"2":{"start":{"line":7,"column":4},"end":{"line":7,"column":null}},"3":{"start":{"line":10,"column":4},"end":{"line":10,"column":null}}},"fnMap":{},"branchMap":{},"s":{"0":1,"1":1,"2":1,"3":1},"f":{},"b":{}}
,"/Users/raul/_bootcampf5/proyectos/actos-general/server/src/misc/dto/create-misc.dto.ts": {"path":"/Users/raul/_bootcampf5/proyectos/actos-general/server/src/misc/dto/create-misc.dto.ts","statementMap":{"0":{"start":{"line":1,"column":0},"end":{"line":1,"column":13}}},"fnMap":{},"branchMap":{},"s":{"0":0},"f":{},"b":{}}
,"/Users/raul/_bootcampf5/proyectos/actos-general/server/src/misc/dto/create-subcategory.dto.ts": {"path":"/Users/raul/_bootcampf5/proyectos/actos-general/server/src/misc/dto/create-subcategory.dto.ts","statementMap":{"0":{"start":{"line":1,"column":0},"end":{"line":1,"column":63}},"1":{"start":{"line":4,"column":0},"end":{"line":4,"column":13}},"2":{"start":{"line":7,"column":4},"end":{"line":7,"column":null}},"3":{"start":{"line":10,"column":4},"end":{"line":10,"column":null}}},"fnMap":{},"branchMap":{},"s":{"0":1,"1":1,"2":1,"3":1},"f":{},"b":{}}
,"/Users/raul/_bootcampf5/proyectos/actos-general/server/src/misc/dto/create-time.dto.ts": {"path":"/Users/raul/_bootcampf5/proyectos/actos-general/server/src/misc/dto/create-time.dto.ts","statementMap":{"0":{"start":{"line":1,"column":0},"end":{"line":1,"column":63}},"1":{"start":{"line":4,"column":0},"end":{"line":4,"column":13}},"2":{"start":{"line":7,"column":4},"end":{"line":7,"column":null}},"3":{"start":{"line":10,"column":4},"end":{"line":10,"column":null}}},"fnMap":{},"branchMap":{},"s":{"0":1,"1":1,"2":1,"3":1},"f":{},"b":{}}
,"/Users/raul/_bootcampf5/proyectos/actos-general/server/src/misc/dto/create-timezone.dto.ts": {"path":"/Users/raul/_bootcampf5/proyectos/actos-general/server/src/misc/dto/create-timezone.dto.ts","statementMap":{"0":{"start":{"line":1,"column":0},"end":{"line":1,"column":63}},"1":{"start":{"line":4,"column":0},"end":{"line":4,"column":13}},"2":{"start":{"line":7,"column":4},"end":{"line":7,"column":null}},"3":{"start":{"line":10,"column":4},"end":{"line":10,"column":null}}},"fnMap":{},"branchMap":{},"s":{"0":1,"1":1,"2":1,"3":1},"f":{},"b":{}}
,"/Users/raul/_bootcampf5/proyectos/actos-general/server/src/misc/dto/create-type.dto.ts": {"path":"/Users/raul/_bootcampf5/proyectos/actos-general/server/src/misc/dto/create-type.dto.ts","statementMap":{"0":{"start":{"line":1,"column":0},"end":{"line":1,"column":63}},"1":{"start":{"line":4,"column":0},"end":{"line":4,"column":13}},"2":{"start":{"line":7,"column":4},"end":{"line":7,"column":null}},"3":{"start":{"line":10,"column":4},"end":{"line":10,"column":null}}},"fnMap":{},"branchMap":{},"s":{"0":1,"1":1,"2":1,"3":1},"f":{},"b":{}}
,"/Users/raul/_bootcampf5/proyectos/actos-general/server/src/misc/dto/create-visibility.dto.ts": {"path":"/Users/raul/_bootcampf5/proyectos/actos-general/server/src/misc/dto/create-visibility.dto.ts","statementMap":{"0":{"start":{"line":1,"column":0},"end":{"line":1,"column":63}},"1":{"start":{"line":4,"column":0},"end":{"line":4,"column":13}},"2":{"start":{"line":7,"column":4},"end":{"line":7,"column":null}},"3":{"start":{"line":10,"column":4},"end":{"line":10,"column":null}}},"fnMap":{},"branchMap":{},"s":{"0":1,"1":1,"2":1,"3":1},"f":{},"b":{}}
,"/Users/raul/_bootcampf5/proyectos/actos-general/server/src/misc/dto/update-misc.dto.ts": {"path":"/Users/raul/_bootcampf5/proyectos/actos-general/server/src/misc/dto/update-misc.dto.ts","statementMap":{"0":{"start":{"line":1,"column":0},"end":{"line":1,"column":51}},"1":{"start":{"line":2,"column":0},"end":{"line":2,"column":50}},"2":{"start":{"line":4,"column":0},"end":{"line":4,"column":13}}},"fnMap":{},"branchMap":{},"s":{"0":0,"1":0,"2":0},"f":{},"b":{}}
,"/Users/raul/_bootcampf5/proyectos/actos-general/server/src/misc/schemas/capacity.schema.ts": {"path":"/Users/raul/_bootcampf5/proyectos/actos-general/server/src/misc/schemas/capacity.schema.ts","statementMap":{"0":{"start":{"line":1,"column":0},"end":{"line":1,"column":63}},"1":{"start":{"line":7,"column":7},"end":{"line":13,"column":null}},"2":{"start":{"line":7,"column":13},"end":{"line":7,"column":21}},"3":{"start":{"line":9,"column":6},"end":{"line":9,"column":null}},"4":{"start":{"line":12,"column":6},"end":{"line":12,"column":null}},"5":{"start":{"line":7,"column":13},"end":{"line":13,"column":null}},"6":{"start":{"line":15,"column":13},"end":{"line":15,"column":69}}},"fnMap":{},"branchMap":{},"s":{"0":2,"1":2,"2":2,"3":2,"4":2,"5":2,"6":2},"f":{},"b":{}}
,"/Users/raul/_bootcampf5/proyectos/actos-general/server/src/misc/schemas/category.schema.ts": {"path":"/Users/raul/_bootcampf5/proyectos/actos-general/server/src/misc/schemas/category.schema.ts","statementMap":{"0":{"start":{"line":1,"column":0},"end":{"line":1,"column":63}},"1":{"start":{"line":7,"column":7},"end":{"line":18,"column":null}},"2":{"start":{"line":7,"column":13},"end":{"line":7,"column":21}},"3":{"start":{"line":9,"column":6},"end":{"line":9,"column":null}},"4":{"start":{"line":12,"column":6},"end":{"line":12,"column":null}},"5":{"start":{"line":15,"column":6},"end":{"line":15,"column":null}},"6":{"start":{"line":7,"column":13},"end":{"line":18,"column":null}},"7":{"start":{"line":20,"column":13},"end":{"line":20,"column":69}}},"fnMap":{},"branchMap":{},"s":{"0":2,"1":2,"2":2,"3":2,"4":2,"5":2,"6":2,"7":2},"f":{},"b":{}}
,"/Users/raul/_bootcampf5/proyectos/actos-general/server/src/misc/schemas/language.schema.ts": {"path":"/Users/raul/_bootcampf5/proyectos/actos-general/server/src/misc/schemas/language.schema.ts","statementMap":{"0":{"start":{"line":1,"column":0},"end":{"line":1,"column":63}},"1":{"start":{"line":7,"column":7},"end":{"line":10,"column":null}},"2":{"start":{"line":7,"column":13},"end":{"line":7,"column":21}},"3":{"start":{"line":9,"column":6},"end":{"line":9,"column":null}},"4":{"start":{"line":7,"column":13},"end":{"line":10,"column":null}},"5":{"start":{"line":12,"column":13},"end":{"line":12,"column":69}}},"fnMap":{},"branchMap":{},"s":{"0":2,"1":2,"2":2,"3":2,"4":2,"5":2},"f":{},"b":{}}
,"/Users/raul/_bootcampf5/proyectos/actos-general/server/src/misc/schemas/subcategory.schema.ts": {"path":"/Users/raul/_bootcampf5/proyectos/actos-general/server/src/misc/schemas/subcategory.schema.ts","statementMap":{"0":{"start":{"line":1,"column":0},"end":{"line":1,"column":63}},"1":{"start":{"line":7,"column":7},"end":{"line":13,"column":null}},"2":{"start":{"line":7,"column":13},"end":{"line":7,"column":24}},"3":{"start":{"line":9,"column":6},"end":{"line":9,"column":null}},"4":{"start":{"line":12,"column":6},"end":{"line":12,"column":null}},"5":{"start":{"line":7,"column":13},"end":{"line":13,"column":null}},"6":{"start":{"line":15,"column":13},"end":{"line":15,"column":75}}},"fnMap":{},"branchMap":{},"s":{"0":2,"1":2,"2":2,"3":2,"4":2,"5":2,"6":2},"f":{},"b":{}}
,"/Users/raul/_bootcampf5/proyectos/actos-general/server/src/misc/schemas/time.schema.ts": {"path":"/Users/raul/_bootcampf5/proyectos/actos-general/server/src/misc/schemas/time.schema.ts","statementMap":{"0":{"start":{"line":1,"column":0},"end":{"line":1,"column":63}},"1":{"start":{"line":7,"column":7},"end":{"line":13,"column":null}},"2":{"start":{"line":7,"column":13},"end":{"line":7,"column":17}},"3":{"start":{"line":9,"column":6},"end":{"line":9,"column":null}},"4":{"start":{"line":12,"column":6},"end":{"line":12,"column":null}},"5":{"start":{"line":7,"column":13},"end":{"line":13,"column":null}},"6":{"start":{"line":15,"column":13},"end":{"line":15,"column":61}}},"fnMap":{},"branchMap":{},"s":{"0":2,"1":2,"2":2,"3":2,"4":2,"5":2,"6":2},"f":{},"b":{}}
,"/Users/raul/_bootcampf5/proyectos/actos-general/server/src/misc/schemas/timezone.schema.ts": {"path":"/Users/raul/_bootcampf5/proyectos/actos-general/server/src/misc/schemas/timezone.schema.ts","statementMap":{"0":{"start":{"line":1,"column":0},"end":{"line":1,"column":63}},"1":{"start":{"line":7,"column":7},"end":{"line":13,"column":null}},"2":{"start":{"line":7,"column":13},"end":{"line":7,"column":21}},"3":{"start":{"line":9,"column":6},"end":{"line":9,"column":null}},"4":{"start":{"line":12,"column":6},"end":{"line":12,"column":null}},"5":{"start":{"line":7,"column":13},"end":{"line":13,"column":null}},"6":{"start":{"line":15,"column":13},"end":{"line":15,"column":69}}},"fnMap":{},"branchMap":{},"s":{"0":2,"1":2,"2":2,"3":2,"4":2,"5":2,"6":2},"f":{},"b":{}}
,"/Users/raul/_bootcampf5/proyectos/actos-general/server/src/misc/schemas/type.schema.ts": {"path":"/Users/raul/_bootcampf5/proyectos/actos-general/server/src/misc/schemas/type.schema.ts","statementMap":{"0":{"start":{"line":1,"column":0},"end":{"line":1,"column":63}},"1":{"start":{"line":7,"column":7},"end":{"line":13,"column":null}},"2":{"start":{"line":7,"column":13},"end":{"line":7,"column":17}},"3":{"start":{"line":9,"column":6},"end":{"line":9,"column":null}},"4":{"start":{"line":12,"column":6},"end":{"line":12,"column":null}},"5":{"start":{"line":7,"column":13},"end":{"line":13,"column":null}},"6":{"start":{"line":15,"column":13},"end":{"line":15,"column":61}}},"fnMap":{},"branchMap":{},"s":{"0":2,"1":2,"2":2,"3":2,"4":2,"5":2,"6":2},"f":{},"b":{}}
,"/Users/raul/_bootcampf5/proyectos/actos-general/server/src/misc/schemas/visibility.schema.ts": {"path":"/Users/raul/_bootcampf5/proyectos/actos-general/server/src/misc/schemas/visibility.schema.ts","statementMap":{"0":{"start":{"line":1,"column":0},"end":{"line":1,"column":63}},"1":{"start":{"line":7,"column":7},"end":{"line":13,"column":null}},"2":{"start":{"line":7,"column":13},"end":{"line":7,"column":23}},"3":{"start":{"line":9,"column":6},"end":{"line":9,"column":null}},"4":{"start":{"line":12,"column":6},"end":{"line":12,"column":null}},"5":{"start":{"line":7,"column":13},"end":{"line":13,"column":null}},"6":{"start":{"line":15,"column":13},"end":{"line":15,"column":73}}},"fnMap":{},"branchMap":{},"s":{"0":2,"1":2,"2":2,"3":2,"4":2,"5":2,"6":2},"f":{},"b":{}}
,"/Users/raul/_bootcampf5/proyectos/actos-general/server/src/users/users.controller.ts": {"path":"/Users/raul/_bootcampf5/proyectos/actos-general/server/src/users/users.controller.ts","statementMap":{"0":{"start":{"line":1,"column":0},"end":{"line":1,"column":83}},"1":{"start":{"line":2,"column":0},"end":{"line":2,"column":47}},"2":{"start":{"line":3,"column":0},"end":{"line":3,"column":54}},"3":{"start":{"line":4,"column":0},"end":{"line":4,"column":54}},"4":{"start":{"line":8,"column":7},"end":{"line":35,"column":null}},"5":{"start":{"line":9,"column":31},"end":{"line":9,"column":45}},"6":{"start":{"line":13,"column":4},"end":{"line":13,"column":51}},"7":{"start":{"line":18,"column":4},"end":{"line":18,"column":39}},"8":{"start":{"line":23,"column":4},"end":{"line":23,"column":42}},"9":{"start":{"line":28,"column":4},"end":{"line":28,"column":56}},"10":{"start":{"line":33,"column":4},"end":{"line":33,"column":41}},"11":{"start":{"line":8,"column":13},"end":{"line":8,"column":28}},"12":{"start":{"line":12,"column":2},"end":{"line":14,"column":null}},"13":{"start":{"line":17,"column":2},"end":{"line":19,"column":null}},"14":{"start":{"line":22,"column":2},"end":{"line":24,"column":null}},"15":{"start":{"line":27,"column":2},"end":{"line":29,"column":null}},"16":{"start":{"line":32,"column":2},"end":{"line":34,"column":null}},"17":{"start":{"line":8,"column":13},"end":{"line":35,"column":null}}},"fnMap":{"0":{"name":"(anonymous_4)","decl":{"start":{"line":9,"column":2},"end":{"line":9,"column":31}},"loc":{"start":{"line":9,"column":57},"end":{"line":9,"column":61}}},"1":{"name":"(anonymous_5)","decl":{"start":{"line":12,"column":2},"end":{"line":12,"column":8}},"loc":{"start":{"line":12,"column":45},"end":{"line":14,"column":3}}},"2":{"name":"(anonymous_6)","decl":{"start":{"line":17,"column":2},"end":{"line":17,"column":9}},"loc":{"start":{"line":17,"column":9},"end":{"line":19,"column":3}}},"3":{"name":"(anonymous_7)","decl":{"start":{"line":22,"column":2},"end":{"line":22,"column":10}},"loc":{"start":{"line":22,"column":36},"end":{"line":24,"column":3}}},"4":{"name":"(anonymous_8)","decl":{"start":{"line":27,"column":2},"end":{"line":27,"column":8}},"loc":{"start":{"line":27,"column":70},"end":{"line":29,"column":3}}},"5":{"name":"(anonymous_9)","decl":{"start":{"line":32,"column":2},"end":{"line":32,"column":8}},"loc":{"start":{"line":32,"column":32},"end":{"line":34,"column":3}}}},"branchMap":{},"s":{"0":1,"1":1,"2":1,"3":1,"4":1,"5":1,"6":0,"7":0,"8":0,"9":0,"10":0,"11":1,"12":1,"13":1,"14":1,"15":1,"16":1,"17":1},"f":{"0":1,"1":0,"2":0,"3":0,"4":0,"5":0},"b":{}}
,"/Users/raul/_bootcampf5/proyectos/actos-general/server/src/users/users.module.ts": {"path":"/Users/raul/_bootcampf5/proyectos/actos-general/server/src/users/users.module.ts","statementMap":{"0":{"start":{"line":1,"column":0},"end":{"line":1,"column":40}},"1":{"start":{"line":2,"column":0},"end":{"line":2,"column":47}},"2":{"start":{"line":3,"column":0},"end":{"line":3,"column":53}},"3":{"start":{"line":4,"column":0},"end":{"line":4,"column":50}},"4":{"start":{"line":5,"column":0},"end":{"line":5,"column":57}},"5":{"start":{"line":20,"column":7},"end":{"line":20,"column":null}},"6":{"start":{"line":20,"column":13},"end":{"line":20,"column":24}},"7":{"start":{"line":20,"column":13},"end":{"line":20,"column":null}}},"fnMap":{},"branchMap":{},"s":{"0":0,"1":0,"2":0,"3":0,"4":0,"5":0,"6":0,"7":0},"f":{},"b":{}}
,"/Users/raul/_bootcampf5/proyectos/actos-general/server/src/users/users.service.ts": {"path":"/Users/raul/_bootcampf5/proyectos/actos-general/server/src/users/users.service.ts","statementMap":{"0":{"start":{"line":1,"column":0},"end":{"line":1,"column":79}},"1":{"start":{"line":4,"column":0},"end":{"line":4,"column":47}},"2":{"start":{"line":5,"column":0},"end":{"line":5,"column":45}},"3":{"start":{"line":6,"column":0},"end":{"line":6,"column":43}},"4":{"start":{"line":9,"column":7},"end":{"line":49,"column":null}},"5":{"start":{"line":11,"column":46},"end":{"line":11,"column":57}},"6":{"start":{"line":14,"column":20},"end":{"line":14,"column":62}},"7":{"start":{"line":15,"column":4},"end":{"line":15,"column":19}},"8":{"start":{"line":19,"column":4},"end":{"line":19,"column":33}},"9":{"start":{"line":23,"column":4},"end":{"line":30,"column":null}},"10":{"start":{"line":24,"column":19},"end":{"line":24,"column":65}},"11":{"start":{"line":25,"column":6},"end":{"line":25,"column":105}},"12":{"start":{"line":25,"column":16},"end":{"line":25,"column":105}},"13":{"start":{"line":27,"column":6},"end":{"line":27,"column":18}},"14":{"start":{"line":29,"column":6},"end":{"line":29,"column":69}},"15":{"start":{"line":34,"column":4},"end":{"line":38,"column":null}},"16":{"start":{"line":35,"column":6},"end":{"line":35,"column":41}},"17":{"start":{"line":37,"column":6},"end":{"line":37,"column":69}},"18":{"start":{"line":43,"column":4},"end":{"line":43,"column":47}},"19":{"start":{"line":47,"column":4},"end":{"line":47,"column":47}},"20":{"start":{"line":9,"column":13},"end":{"line":9,"column":25}},"21":{"start":{"line":9,"column":13},"end":{"line":49,"column":null}}},"fnMap":{"0":{"name":"(anonymous_4)","decl":{"start":{"line":11,"column":2},"end":{"line":11,"column":15}},"loc":{"start":{"line":11,"column":68},"end":{"line":11,"column":73}}},"1":{"name":"(anonymous_5)","decl":{"start":{"line":13,"column":2},"end":{"line":13,"column":7}},"loc":{"start":{"line":13,"column":43},"end":{"line":16,"column":3}}},"2":{"name":"(anonymous_6)","decl":{"start":{"line":18,"column":2},"end":{"line":18,"column":9}},"loc":{"start":{"line":18,"column":9},"end":{"line":20,"column":3}}},"3":{"name":"(anonymous_7)","decl":{"start":{"line":22,"column":2},"end":{"line":22,"column":7}},"loc":{"start":{"line":22,"column":33},"end":{"line":31,"column":3}}},"4":{"name":"(anonymous_8)","decl":{"start":{"line":33,"column":2},"end":{"line":33,"column":10}},"loc":{"start":{"line":33,"column":23},"end":{"line":40,"column":3}}},"5":{"name":"(anonymous_9)","decl":{"start":{"line":42,"column":2},"end":{"line":42,"column":8}},"loc":{"start":{"line":42,"column":49},"end":{"line":44,"column":3}}},"6":{"name":"(anonymous_10)","decl":{"start":{"line":46,"column":2},"end":{"line":46,"column":8}},"loc":{"start":{"line":46,"column":19},"end":{"line":48,"column":3}}}},"branchMap":{"0":{"loc":{"start":{"line":25,"column":6},"end":{"line":25,"column":105}},"type":"if","locations":[{"start":{"line":25,"column":6},"end":{"line":25,"column":105}}]}},"s":{"0":4,"1":4,"2":4,"3":4,"4":4,"5":0,"6":0,"7":0,"8":0,"9":0,"10":0,"11":0,"12":0,"13":0,"14":0,"15":0,"16":0,"17":0,"18":0,"19":0,"20":4,"21":4},"f":{"0":0,"1":0,"2":0,"3":0,"4":0,"5":0,"6":0},"b":{"0":[0]}}
,"/Users/raul/_bootcampf5/proyectos/actos-general/server/src/users/dto/create-user.dto.ts": {"path":"/Users/raul/_bootcampf5/proyectos/actos-general/server/src/users/dto/create-user.dto.ts","statementMap":{"0":{"start":{"line":1,"column":0},"end":{"line":1,"column":13}}},"fnMap":{},"branchMap":{},"s":{"0":1},"f":{},"b":{}}
,"/Users/raul/_bootcampf5/proyectos/actos-general/server/src/users/dto/update-user.dto.ts": {"path":"/Users/raul/_bootcampf5/proyectos/actos-general/server/src/users/dto/update-user.dto.ts","statementMap":{"0":{"start":{"line":1,"column":0},"end":{"line":1,"column":51}},"1":{"start":{"line":2,"column":0},"end":{"line":2,"column":50}},"2":{"start":{"line":4,"column":0},"end":{"line":4,"column":13}}},"fnMap":{},"branchMap":{},"s":{"0":1,"1":1,"2":1},"f":{},"b":{}}
,"/Users/raul/_bootcampf5/proyectos/actos-general/server/src/users/schemas/user.schema.ts": {"path":"/Users/raul/_bootcampf5/proyectos/actos-general/server/src/users/schemas/user.schema.ts","statementMap":{"0":{"start":{"line":1,"column":0},"end":{"line":1,"column":63}},"1":{"start":{"line":8,"column":7},"end":{"line":23,"column":null}},"2":{"start":{"line":8,"column":13},"end":{"line":8,"column":17}},"3":{"start":{"line":10,"column":6},"end":{"line":10,"column":null}},"4":{"start":{"line":13,"column":6},"end":{"line":13,"column":null}},"5":{"start":{"line":16,"column":6},"end":{"line":16,"column":null}},"6":{"start":{"line":19,"column":6},"end":{"line":19,"column":null}},"7":{"start":{"line":22,"column":6},"end":{"line":22,"column":null}},"8":{"start":{"line":8,"column":13},"end":{"line":23,"column":null}},"9":{"start":{"line":25,"column":13},"end":{"line":25,"column":61}}},"fnMap":{},"branchMap":{},"s":{"0":5,"1":5,"2":5,"3":5,"4":5,"5":5,"6":5,"7":5,"8":5,"9":5},"f":{},"b":{}}
,"/Users/raul/_bootcampf5/proyectos/actos-general/server/src/utils/qr.generator.ts": {"path":"/Users/raul/_bootcampf5/proyectos/actos-general/server/src/utils/qr.generator.ts","statementMap":{"0":{"start":{"line":2,"column":0},"end":{"line":2,"column":31}},"1":{"start":{"line":3,"column":0},"end":{"line":3,"column":39}},"2":{"start":{"line":5,"column":24},"end":{"line":14,"column":1}},"3":{"start":{"line":6,"column":4},"end":{"line":13,"column":null}},"4":{"start":{"line":7,"column":23},"end":{"line":7,"column":68}},"5":{"start":{"line":8,"column":8},"end":{"line":8,"column":79}},"6":{"start":{"line":9,"column":24},"end":{"line":9,"column":111}},"7":{"start":{"line":10,"column":8},"end":{"line":10,"column":23}},"8":{"start":{"line":12,"column":8},"end":{"line":12,"column":27}},"9":{"start":{"line":28,"column":4},"end":{"line":28,"column":19}},"10":{"start":{"line":16,"column":23},"end":{"line":25,"column":1}},"11":{"start":{"line":17,"column":4},"end":{"line":24,"column":null}},"12":{"start":{"line":18,"column":23},"end":{"line":18,"column":68}},"13":{"start":{"line":19,"column":8},"end":{"line":19,"column":78}},"14":{"start":{"line":20,"column":24},"end":{"line":20,"column":143}},"15":{"start":{"line":21,"column":8},"end":{"line":21,"column":23}},"16":{"start":{"line":23,"column":8},"end":{"line":23,"column":27}},"17":{"start":{"line":29,"column":4},"end":{"line":29,"column":18}}},"fnMap":{"0":{"name":"(anonymous_0)","decl":{"start":{"line":5,"column":24},"end":{"line":5,"column":29}},"loc":{"start":{"line":5,"column":58},"end":{"line":14,"column":1}}},"1":{"name":"(anonymous_1)","decl":{"start":{"line":16,"column":23},"end":{"line":16,"column":28}},"loc":{"start":{"line":16,"column":113},"end":{"line":25,"column":1}}}},"branchMap":{},"s":{"0":2,"1":2,"2":2,"3":2,"4":2,"5":2,"6":2,"7":2,"8":0,"9":2,"10":2,"11":0,"12":0,"13":0,"14":0,"15":0,"16":0,"17":2},"f":{"0":2,"1":0},"b":{}}
}
